2018-06-29 10:57:21.042 [main] INFO  com.mockTest.MockTest Line:50 ----------------> Starting MockTest on lgj-Lenovo-G470 with PID 26772 (started by lgj in /home/lgj/aProject/SpringBootStudy/ch4)
2018-06-29 10:57:21.047 [main] INFO  com.mockTest.MockTest Line:659 ----------------> No active profile set, falling back to default profiles: default
2018-06-29 10:57:21.367 [main] INFO  o.s.w.context.support.GenericWebApplicationContext Line:590 ----------------> Refreshing org.springframework.web.context.support.GenericWebApplicationContext@6bc248ed: startup date [Fri Jun 29 10:57:21 CST 2018]; root of context hierarchy
2018-06-29 10:57:31.928 [main] INFO  o.s.web.servlet.handler.SimpleUrlHandlerMapping Line:373 ----------------> Mapped URL path [/**/favicon.ico] onto handler of type [class org.springframework.web.servlet.resource.ResourceHttpRequestHandler]
2018-06-29 10:57:32.471 [main] INFO  o.s.w.s.m.m.a.RequestMappingHandlerAdapter Line:574 ----------------> Looking for @ControllerAdvice: org.springframework.web.context.support.GenericWebApplicationContext@6bc248ed: startup date [Fri Jun 29 10:57:21 CST 2018]; root of context hierarchy
2018-06-29 10:57:33.032 [main] INFO  o.s.w.s.m.m.a.RequestMappingHandlerMapping Line:547 ----------------> Mapped "{[/user/all]}" onto public java.util.List<com.dao.model.OsUser> com.controller.UserController.getUser()
2018-06-29 10:57:33.034 [main] INFO  o.s.w.s.m.m.a.RequestMappingHandlerMapping Line:547 ----------------> Mapped "{[/user/test]}" onto public void com.controller.UserController.test()
2018-06-29 10:57:33.041 [main] INFO  o.s.w.s.m.m.a.RequestMappingHandlerMapping Line:547 ----------------> Mapped "{[/error]}" onto public org.springframework.http.ResponseEntity<java.util.Map<java.lang.String, java.lang.Object>> org.springframework.boot.autoconfigure.web.servlet.error.BasicErrorController.error(javax.servlet.http.HttpServletRequest)
2018-06-29 10:57:33.043 [main] INFO  o.s.w.s.m.m.a.RequestMappingHandlerMapping Line:547 ----------------> Mapped "{[/error],produces=[text/html]}" onto public org.springframework.web.servlet.ModelAndView org.springframework.boot.autoconfigure.web.servlet.error.BasicErrorController.errorHtml(javax.servlet.http.HttpServletRequest,javax.servlet.http.HttpServletResponse)
2018-06-29 10:57:33.115 [main] INFO  o.s.web.servlet.handler.SimpleUrlHandlerMapping Line:373 ----------------> Mapped URL path [/webjars/**] onto handler of type [class org.springframework.web.servlet.resource.ResourceHttpRequestHandler]
2018-06-29 10:57:33.116 [main] INFO  o.s.web.servlet.handler.SimpleUrlHandlerMapping Line:373 ----------------> Mapped URL path [/**] onto handler of type [class org.springframework.web.servlet.resource.ResourceHttpRequestHandler]
2018-06-29 10:57:33.833 [main] INFO  com.mockTest.MockTest Line:59 ----------------> Started MockTest in 16.726 seconds (JVM running for 20.665)
2018-06-29 10:57:35.630 [Thread-2] INFO  o.s.w.context.support.GenericWebApplicationContext Line:993 ----------------> Closing org.springframework.web.context.support.GenericWebApplicationContext@6bc248ed: startup date [Fri Jun 29 10:57:21 CST 2018]; root of context hierarchy
2018-06-29 11:57:26.681 [main] INFO  com.controller.UserControllerTest Line:50 ----------------> Starting UserControllerTest on lgj-Lenovo-G470 with PID 30909 (started by lgj in /home/lgj/aProject/SpringBootStudy/ch4)
2018-06-29 11:57:26.702 [main] INFO  com.controller.UserControllerTest Line:659 ----------------> No active profile set, falling back to default profiles: default
2018-06-29 11:57:26.794 [main] INFO  o.s.w.context.support.GenericWebApplicationContext Line:590 ----------------> Refreshing org.springframework.web.context.support.GenericWebApplicationContext@5a4bef8: startup date [Fri Jun 29 11:57:26 CST 2018]; root of context hierarchy
2018-06-29 11:57:34.436 [main] INFO  o.s.web.servlet.handler.SimpleUrlHandlerMapping Line:373 ----------------> Mapped URL path [/**/favicon.ico] onto handler of type [class org.springframework.web.servlet.resource.ResourceHttpRequestHandler]
2018-06-29 11:57:35.119 [main] INFO  o.s.w.s.m.m.a.RequestMappingHandlerAdapter Line:574 ----------------> Looking for @ControllerAdvice: org.springframework.web.context.support.GenericWebApplicationContext@5a4bef8: startup date [Fri Jun 29 11:57:26 CST 2018]; root of context hierarchy
2018-06-29 11:57:35.240 [main] INFO  o.s.w.s.m.m.a.RequestMappingHandlerMapping Line:547 ----------------> Mapped "{[/user/all]}" onto public java.util.List<com.dao.model.OsUser> com.controller.UserController.getUser()
2018-06-29 11:57:35.242 [main] INFO  o.s.w.s.m.m.a.RequestMappingHandlerMapping Line:547 ----------------> Mapped "{[/user/test]}" onto public void com.controller.UserController.test()
2018-06-29 11:57:35.248 [main] INFO  o.s.w.s.m.m.a.RequestMappingHandlerMapping Line:547 ----------------> Mapped "{[/error]}" onto public org.springframework.http.ResponseEntity<java.util.Map<java.lang.String, java.lang.Object>> org.springframework.boot.autoconfigure.web.servlet.error.BasicErrorController.error(javax.servlet.http.HttpServletRequest)
2018-06-29 11:57:35.249 [main] INFO  o.s.w.s.m.m.a.RequestMappingHandlerMapping Line:547 ----------------> Mapped "{[/error],produces=[text/html]}" onto public org.springframework.web.servlet.ModelAndView org.springframework.boot.autoconfigure.web.servlet.error.BasicErrorController.errorHtml(javax.servlet.http.HttpServletRequest,javax.servlet.http.HttpServletResponse)
2018-06-29 11:57:35.312 [main] INFO  o.s.web.servlet.handler.SimpleUrlHandlerMapping Line:373 ----------------> Mapped URL path [/webjars/**] onto handler of type [class org.springframework.web.servlet.resource.ResourceHttpRequestHandler]
2018-06-29 11:57:35.313 [main] INFO  o.s.web.servlet.handler.SimpleUrlHandlerMapping Line:373 ----------------> Mapped URL path [/**] onto handler of type [class org.springframework.web.servlet.resource.ResourceHttpRequestHandler]
2018-06-29 11:57:35.974 [main] INFO  o.s.b.test.mock.web.SpringBootMockServletContext Line:438 ----------------> Initializing Spring FrameworkServlet ''
2018-06-29 11:57:35.975 [main] INFO  o.s.test.web.servlet.TestDispatcherServlet Line:494 ----------------> FrameworkServlet '': initialization started
2018-06-29 11:57:35.995 [main] INFO  o.s.test.web.servlet.TestDispatcherServlet Line:509 ----------------> FrameworkServlet '': initialization completed in 19 ms
2018-06-29 11:57:36.116 [main] INFO  com.controller.UserControllerTest Line:59 ----------------> Started UserControllerTest in 12.11 seconds (JVM running for 17.955)
2018-06-29 11:57:36.223 [main] INFO  o.s.w.s.m.m.a.RequestMappingHandlerMapping Line:547 ----------------> Mapped "{[/user/all]}" onto public java.util.List<com.dao.model.OsUser> com.controller.UserController.getUser()
2018-06-29 11:57:36.229 [main] INFO  o.s.w.s.m.m.a.RequestMappingHandlerMapping Line:547 ----------------> Mapped "{[/user/test]}" onto public void com.controller.UserController.test()
2018-06-29 11:57:36.242 [main] INFO  o.s.w.s.m.m.a.RequestMappingHandlerAdapter Line:574 ----------------> Looking for @ControllerAdvice: org.springframework.test.web.servlet.setup.StubWebApplicationContext@10728fe8
2018-06-29 11:57:36.253 [main] INFO  org.springframework.mock.web.MockServletContext Line:438 ----------------> Initializing Spring FrameworkServlet ''
2018-06-29 11:57:36.265 [main] INFO  o.s.test.web.servlet.TestDispatcherServlet Line:494 ----------------> FrameworkServlet '': initialization started
2018-06-29 11:57:36.266 [main] INFO  o.s.test.web.servlet.TestDispatcherServlet Line:509 ----------------> FrameworkServlet '': initialization completed in 0 ms
2018-06-29 11:57:36.267 [main] INFO  o.s.b.test.mock.web.SpringBootMockServletContext Line:438 ----------------> Initializing Spring FrameworkServlet ''
2018-06-29 11:57:36.268 [main] INFO  o.s.test.web.servlet.TestDispatcherServlet Line:494 ----------------> FrameworkServlet '': initialization started
2018-06-29 11:57:36.273 [main] INFO  o.s.test.web.servlet.TestDispatcherServlet Line:509 ----------------> FrameworkServlet '': initialization completed in 5 ms
2018-06-29 11:57:36.462 [main] INFO  o.s.w.s.m.m.a.RequestMappingHandlerMapping Line:547 ----------------> Mapped "{[/user/all]}" onto public java.util.List<com.dao.model.OsUser> com.controller.UserController.getUser()
2018-06-29 11:57:36.463 [main] INFO  o.s.w.s.m.m.a.RequestMappingHandlerMapping Line:547 ----------------> Mapped "{[/user/test]}" onto public void com.controller.UserController.test()
2018-06-29 11:57:36.472 [main] INFO  o.s.w.s.m.m.a.RequestMappingHandlerAdapter Line:574 ----------------> Looking for @ControllerAdvice: org.springframework.test.web.servlet.setup.StubWebApplicationContext@1117cc7c
2018-06-29 11:57:36.476 [main] INFO  org.springframework.mock.web.MockServletContext Line:438 ----------------> Initializing Spring FrameworkServlet ''
2018-06-29 11:57:36.477 [main] INFO  o.s.test.web.servlet.TestDispatcherServlet Line:494 ----------------> FrameworkServlet '': initialization started
2018-06-29 11:57:36.478 [main] INFO  o.s.test.web.servlet.TestDispatcherServlet Line:509 ----------------> FrameworkServlet '': initialization completed in 1 ms
2018-06-29 11:57:36.479 [main] INFO  o.s.b.test.mock.web.SpringBootMockServletContext Line:438 ----------------> Initializing Spring FrameworkServlet ''
2018-06-29 11:57:36.479 [main] INFO  o.s.test.web.servlet.TestDispatcherServlet Line:494 ----------------> FrameworkServlet '': initialization started
2018-06-29 11:57:36.483 [main] INFO  o.s.test.web.servlet.TestDispatcherServlet Line:509 ----------------> FrameworkServlet '': initialization completed in 3 ms
2018-06-29 11:57:36.522 [Thread-3] INFO  o.s.w.context.support.GenericWebApplicationContext Line:993 ----------------> Closing org.springframework.web.context.support.GenericWebApplicationContext@5a4bef8: startup date [Fri Jun 29 11:57:26 CST 2018]; root of context hierarchy
2018-06-29 12:00:50.568 [main] INFO  com.controller.UserControllerTest Line:50 ----------------> Starting UserControllerTest on lgj-Lenovo-G470 with PID 31455 (started by lgj in /home/lgj/aProject/SpringBootStudy/ch4)
2018-06-29 12:00:50.576 [main] INFO  com.controller.UserControllerTest Line:659 ----------------> No active profile set, falling back to default profiles: default
2018-06-29 12:00:50.647 [main] INFO  o.s.w.context.support.GenericWebApplicationContext Line:590 ----------------> Refreshing org.springframework.web.context.support.GenericWebApplicationContext@7646731d: startup date [Fri Jun 29 12:00:50 CST 2018]; root of context hierarchy
2018-06-29 12:00:56.783 [main] INFO  o.s.web.servlet.handler.SimpleUrlHandlerMapping Line:373 ----------------> Mapped URL path [/**/favicon.ico] onto handler of type [class org.springframework.web.servlet.resource.ResourceHttpRequestHandler]
2018-06-29 12:00:57.236 [main] INFO  o.s.w.s.m.m.a.RequestMappingHandlerAdapter Line:574 ----------------> Looking for @ControllerAdvice: org.springframework.web.context.support.GenericWebApplicationContext@7646731d: startup date [Fri Jun 29 12:00:50 CST 2018]; root of context hierarchy
2018-06-29 12:00:57.417 [main] INFO  o.s.w.s.m.m.a.RequestMappingHandlerMapping Line:547 ----------------> Mapped "{[/user/all]}" onto public java.util.List<com.dao.model.OsUser> com.controller.UserController.getUser()
2018-06-29 12:00:57.420 [main] INFO  o.s.w.s.m.m.a.RequestMappingHandlerMapping Line:547 ----------------> Mapped "{[/user/test]}" onto public void com.controller.UserController.test()
2018-06-29 12:00:57.432 [main] INFO  o.s.w.s.m.m.a.RequestMappingHandlerMapping Line:547 ----------------> Mapped "{[/error]}" onto public org.springframework.http.ResponseEntity<java.util.Map<java.lang.String, java.lang.Object>> org.springframework.boot.autoconfigure.web.servlet.error.BasicErrorController.error(javax.servlet.http.HttpServletRequest)
2018-06-29 12:00:57.434 [main] INFO  o.s.w.s.m.m.a.RequestMappingHandlerMapping Line:547 ----------------> Mapped "{[/error],produces=[text/html]}" onto public org.springframework.web.servlet.ModelAndView org.springframework.boot.autoconfigure.web.servlet.error.BasicErrorController.errorHtml(javax.servlet.http.HttpServletRequest,javax.servlet.http.HttpServletResponse)
2018-06-29 12:00:57.509 [main] INFO  o.s.web.servlet.handler.SimpleUrlHandlerMapping Line:373 ----------------> Mapped URL path [/webjars/**] onto handler of type [class org.springframework.web.servlet.resource.ResourceHttpRequestHandler]
2018-06-29 12:00:57.510 [main] INFO  o.s.web.servlet.handler.SimpleUrlHandlerMapping Line:373 ----------------> Mapped URL path [/**] onto handler of type [class org.springframework.web.servlet.resource.ResourceHttpRequestHandler]
2018-06-29 12:00:58.149 [main] INFO  o.s.b.test.mock.web.SpringBootMockServletContext Line:438 ----------------> Initializing Spring FrameworkServlet ''
2018-06-29 12:00:58.150 [main] INFO  o.s.test.web.servlet.TestDispatcherServlet Line:494 ----------------> FrameworkServlet '': initialization started
2018-06-29 12:00:58.176 [main] INFO  o.s.test.web.servlet.TestDispatcherServlet Line:509 ----------------> FrameworkServlet '': initialization completed in 24 ms
2018-06-29 12:00:58.281 [main] INFO  com.controller.UserControllerTest Line:59 ----------------> Started UserControllerTest in 9.265 seconds (JVM running for 12.065)
2018-06-29 12:00:58.342 [main] INFO  o.s.w.s.m.m.a.RequestMappingHandlerMapping Line:547 ----------------> Mapped "{[/user/all]}" onto public java.util.List<com.dao.model.OsUser> com.controller.UserController.getUser()
2018-06-29 12:00:58.343 [main] INFO  o.s.w.s.m.m.a.RequestMappingHandlerMapping Line:547 ----------------> Mapped "{[/user/test]}" onto public void com.controller.UserController.test()
2018-06-29 12:00:58.356 [main] INFO  o.s.w.s.m.m.a.RequestMappingHandlerAdapter Line:574 ----------------> Looking for @ControllerAdvice: org.springframework.test.web.servlet.setup.StubWebApplicationContext@7615666e
2018-06-29 12:00:58.360 [main] INFO  org.springframework.mock.web.MockServletContext Line:438 ----------------> Initializing Spring FrameworkServlet ''
2018-06-29 12:00:58.361 [main] INFO  o.s.test.web.servlet.TestDispatcherServlet Line:494 ----------------> FrameworkServlet '': initialization started
2018-06-29 12:00:58.362 [main] INFO  o.s.test.web.servlet.TestDispatcherServlet Line:509 ----------------> FrameworkServlet '': initialization completed in 0 ms
2018-06-29 12:00:58.363 [main] INFO  o.s.b.test.mock.web.SpringBootMockServletContext Line:438 ----------------> Initializing Spring FrameworkServlet ''
2018-06-29 12:00:58.364 [main] INFO  o.s.test.web.servlet.TestDispatcherServlet Line:494 ----------------> FrameworkServlet '': initialization started
2018-06-29 12:00:58.369 [main] INFO  o.s.test.web.servlet.TestDispatcherServlet Line:509 ----------------> FrameworkServlet '': initialization completed in 5 ms
2018-06-29 12:00:58.524 [main] INFO  o.s.w.s.m.m.a.RequestMappingHandlerMapping Line:547 ----------------> Mapped "{[/user/all]}" onto public java.util.List<com.dao.model.OsUser> com.controller.UserController.getUser()
2018-06-29 12:00:58.525 [main] INFO  o.s.w.s.m.m.a.RequestMappingHandlerMapping Line:547 ----------------> Mapped "{[/user/test]}" onto public void com.controller.UserController.test()
2018-06-29 12:00:58.541 [main] INFO  o.s.w.s.m.m.a.RequestMappingHandlerAdapter Line:574 ----------------> Looking for @ControllerAdvice: org.springframework.test.web.servlet.setup.StubWebApplicationContext@42150951
2018-06-29 12:00:58.554 [main] INFO  org.springframework.mock.web.MockServletContext Line:438 ----------------> Initializing Spring FrameworkServlet ''
2018-06-29 12:00:58.554 [main] INFO  o.s.test.web.servlet.TestDispatcherServlet Line:494 ----------------> FrameworkServlet '': initialization started
2018-06-29 12:00:58.555 [main] INFO  o.s.test.web.servlet.TestDispatcherServlet Line:509 ----------------> FrameworkServlet '': initialization completed in 0 ms
2018-06-29 12:00:58.555 [main] INFO  o.s.b.test.mock.web.SpringBootMockServletContext Line:438 ----------------> Initializing Spring FrameworkServlet ''
2018-06-29 12:00:58.556 [main] INFO  o.s.test.web.servlet.TestDispatcherServlet Line:494 ----------------> FrameworkServlet '': initialization started
2018-06-29 12:00:58.560 [main] INFO  o.s.test.web.servlet.TestDispatcherServlet Line:509 ----------------> FrameworkServlet '': initialization completed in 4 ms
2018-06-29 12:00:58.607 [Thread-3] INFO  o.s.w.context.support.GenericWebApplicationContext Line:993 ----------------> Closing org.springframework.web.context.support.GenericWebApplicationContext@7646731d: startup date [Fri Jun 29 12:00:50 CST 2018]; root of context hierarchy
2018-06-29 12:11:48.942 [main] INFO  com.controller.UserControllerTest Line:50 ----------------> Starting UserControllerTest on lgj-Lenovo-G470 with PID 430 (started by lgj in /home/lgj/aProject/SpringBootStudy/ch4)
2018-06-29 12:11:48.952 [main] INFO  com.controller.UserControllerTest Line:659 ----------------> No active profile set, falling back to default profiles: default
2018-06-29 12:11:49.022 [main] INFO  o.s.w.context.support.GenericWebApplicationContext Line:590 ----------------> Refreshing org.springframework.web.context.support.GenericWebApplicationContext@7646731d: startup date [Fri Jun 29 12:11:49 CST 2018]; root of context hierarchy
2018-06-29 12:11:55.726 [main] INFO  o.s.web.servlet.handler.SimpleUrlHandlerMapping Line:373 ----------------> Mapped URL path [/**/favicon.ico] onto handler of type [class org.springframework.web.servlet.resource.ResourceHttpRequestHandler]
2018-06-29 12:11:56.254 [main] INFO  o.s.w.s.m.m.a.RequestMappingHandlerAdapter Line:574 ----------------> Looking for @ControllerAdvice: org.springframework.web.context.support.GenericWebApplicationContext@7646731d: startup date [Fri Jun 29 12:11:49 CST 2018]; root of context hierarchy
2018-06-29 12:11:56.419 [main] INFO  o.s.w.s.m.m.a.RequestMappingHandlerMapping Line:547 ----------------> Mapped "{[/user/all]}" onto public java.util.List<com.dao.model.OsUser> com.controller.UserController.getUser()
2018-06-29 12:11:56.421 [main] INFO  o.s.w.s.m.m.a.RequestMappingHandlerMapping Line:547 ----------------> Mapped "{[/user/test]}" onto public void com.controller.UserController.test()
2018-06-29 12:11:56.427 [main] INFO  o.s.w.s.m.m.a.RequestMappingHandlerMapping Line:547 ----------------> Mapped "{[/error]}" onto public org.springframework.http.ResponseEntity<java.util.Map<java.lang.String, java.lang.Object>> org.springframework.boot.autoconfigure.web.servlet.error.BasicErrorController.error(javax.servlet.http.HttpServletRequest)
2018-06-29 12:11:56.429 [main] INFO  o.s.w.s.m.m.a.RequestMappingHandlerMapping Line:547 ----------------> Mapped "{[/error],produces=[text/html]}" onto public org.springframework.web.servlet.ModelAndView org.springframework.boot.autoconfigure.web.servlet.error.BasicErrorController.errorHtml(javax.servlet.http.HttpServletRequest,javax.servlet.http.HttpServletResponse)
2018-06-29 12:11:56.496 [main] INFO  o.s.web.servlet.handler.SimpleUrlHandlerMapping Line:373 ----------------> Mapped URL path [/webjars/**] onto handler of type [class org.springframework.web.servlet.resource.ResourceHttpRequestHandler]
2018-06-29 12:11:56.498 [main] INFO  o.s.web.servlet.handler.SimpleUrlHandlerMapping Line:373 ----------------> Mapped URL path [/**] onto handler of type [class org.springframework.web.servlet.resource.ResourceHttpRequestHandler]
2018-06-29 12:11:57.148 [main] INFO  o.s.b.test.mock.web.SpringBootMockServletContext Line:438 ----------------> Initializing Spring FrameworkServlet ''
2018-06-29 12:11:57.148 [main] INFO  o.s.test.web.servlet.TestDispatcherServlet Line:494 ----------------> FrameworkServlet '': initialization started
2018-06-29 12:11:57.221 [main] INFO  o.s.test.web.servlet.TestDispatcherServlet Line:509 ----------------> FrameworkServlet '': initialization completed in 72 ms
2018-06-29 12:11:57.333 [main] INFO  com.controller.UserControllerTest Line:59 ----------------> Started UserControllerTest in 10.201 seconds (JVM running for 13.735)
2018-06-29 12:11:57.429 [main] INFO  o.s.w.s.m.m.a.RequestMappingHandlerMapping Line:547 ----------------> Mapped "{[/user/all]}" onto public java.util.List<com.dao.model.OsUser> com.controller.UserController.getUser()
2018-06-29 12:11:57.430 [main] INFO  o.s.w.s.m.m.a.RequestMappingHandlerMapping Line:547 ----------------> Mapped "{[/user/test]}" onto public void com.controller.UserController.test()
2018-06-29 12:11:57.439 [main] INFO  o.s.w.s.m.m.a.RequestMappingHandlerAdapter Line:574 ----------------> Looking for @ControllerAdvice: org.springframework.test.web.servlet.setup.StubWebApplicationContext@2e38d44e
2018-06-29 12:11:57.448 [main] INFO  org.springframework.mock.web.MockServletContext Line:438 ----------------> Initializing Spring FrameworkServlet ''
2018-06-29 12:11:57.449 [main] INFO  o.s.test.web.servlet.TestDispatcherServlet Line:494 ----------------> FrameworkServlet '': initialization started
2018-06-29 12:11:57.449 [main] INFO  o.s.test.web.servlet.TestDispatcherServlet Line:509 ----------------> FrameworkServlet '': initialization completed in 0 ms
2018-06-29 12:11:57.450 [main] INFO  o.s.b.test.mock.web.SpringBootMockServletContext Line:438 ----------------> Initializing Spring FrameworkServlet ''
2018-06-29 12:11:57.451 [main] INFO  o.s.test.web.servlet.TestDispatcherServlet Line:494 ----------------> FrameworkServlet '': initialization started
2018-06-29 12:11:57.455 [main] INFO  o.s.test.web.servlet.TestDispatcherServlet Line:509 ----------------> FrameworkServlet '': initialization completed in 4 ms
2018-06-29 12:11:57.680 [main] INFO  o.s.w.s.m.m.a.RequestMappingHandlerMapping Line:547 ----------------> Mapped "{[/user/all]}" onto public java.util.List<com.dao.model.OsUser> com.controller.UserController.getUser()
2018-06-29 12:11:57.680 [main] INFO  o.s.w.s.m.m.a.RequestMappingHandlerMapping Line:547 ----------------> Mapped "{[/user/test]}" onto public void com.controller.UserController.test()
2018-06-29 12:11:57.693 [main] INFO  o.s.w.s.m.m.a.RequestMappingHandlerAdapter Line:574 ----------------> Looking for @ControllerAdvice: org.springframework.test.web.servlet.setup.StubWebApplicationContext@53016c98
2018-06-29 12:11:57.698 [main] INFO  org.springframework.mock.web.MockServletContext Line:438 ----------------> Initializing Spring FrameworkServlet ''
2018-06-29 12:11:57.698 [main] INFO  o.s.test.web.servlet.TestDispatcherServlet Line:494 ----------------> FrameworkServlet '': initialization started
2018-06-29 12:11:57.699 [main] INFO  o.s.test.web.servlet.TestDispatcherServlet Line:509 ----------------> FrameworkServlet '': initialization completed in 0 ms
2018-06-29 12:11:57.699 [main] INFO  o.s.b.test.mock.web.SpringBootMockServletContext Line:438 ----------------> Initializing Spring FrameworkServlet ''
2018-06-29 12:11:57.702 [main] INFO  o.s.test.web.servlet.TestDispatcherServlet Line:494 ----------------> FrameworkServlet '': initialization started
2018-06-29 12:11:57.712 [main] INFO  o.s.test.web.servlet.TestDispatcherServlet Line:509 ----------------> FrameworkServlet '': initialization completed in 9 ms
2018-06-29 12:11:57.736 [Thread-3] INFO  o.s.w.context.support.GenericWebApplicationContext Line:993 ----------------> Closing org.springframework.web.context.support.GenericWebApplicationContext@7646731d: startup date [Fri Jun 29 12:11:49 CST 2018]; root of context hierarchy
2018-06-29 12:13:31.765 [main] INFO  com.controller.UserControllerTest Line:50 ----------------> Starting UserControllerTest on lgj-Lenovo-G470 with PID 762 (started by lgj in /home/lgj/aProject/SpringBootStudy/ch4)
2018-06-29 12:13:31.771 [main] INFO  com.controller.UserControllerTest Line:659 ----------------> No active profile set, falling back to default profiles: default
2018-06-29 12:13:31.838 [main] INFO  o.s.w.context.support.GenericWebApplicationContext Line:590 ----------------> Refreshing org.springframework.web.context.support.GenericWebApplicationContext@120f38e6: startup date [Fri Jun 29 12:13:31 CST 2018]; root of context hierarchy
2018-06-29 12:13:37.001 [main] INFO  o.s.web.servlet.handler.SimpleUrlHandlerMapping Line:373 ----------------> Mapped URL path [/**/favicon.ico] onto handler of type [class org.springframework.web.servlet.resource.ResourceHttpRequestHandler]
2018-06-29 12:13:37.649 [main] INFO  o.s.w.s.m.m.a.RequestMappingHandlerAdapter Line:574 ----------------> Looking for @ControllerAdvice: org.springframework.web.context.support.GenericWebApplicationContext@120f38e6: startup date [Fri Jun 29 12:13:31 CST 2018]; root of context hierarchy
2018-06-29 12:13:37.814 [main] INFO  o.s.w.s.m.m.a.RequestMappingHandlerMapping Line:547 ----------------> Mapped "{[/user/all]}" onto public java.util.List<com.dao.model.OsUser> com.controller.UserController.getUser()
2018-06-29 12:13:37.816 [main] INFO  o.s.w.s.m.m.a.RequestMappingHandlerMapping Line:547 ----------------> Mapped "{[/user/test]}" onto public void com.controller.UserController.test()
2018-06-29 12:13:37.822 [main] INFO  o.s.w.s.m.m.a.RequestMappingHandlerMapping Line:547 ----------------> Mapped "{[/error]}" onto public org.springframework.http.ResponseEntity<java.util.Map<java.lang.String, java.lang.Object>> org.springframework.boot.autoconfigure.web.servlet.error.BasicErrorController.error(javax.servlet.http.HttpServletRequest)
2018-06-29 12:13:37.824 [main] INFO  o.s.w.s.m.m.a.RequestMappingHandlerMapping Line:547 ----------------> Mapped "{[/error],produces=[text/html]}" onto public org.springframework.web.servlet.ModelAndView org.springframework.boot.autoconfigure.web.servlet.error.BasicErrorController.errorHtml(javax.servlet.http.HttpServletRequest,javax.servlet.http.HttpServletResponse)
2018-06-29 12:13:37.886 [main] INFO  o.s.web.servlet.handler.SimpleUrlHandlerMapping Line:373 ----------------> Mapped URL path [/webjars/**] onto handler of type [class org.springframework.web.servlet.resource.ResourceHttpRequestHandler]
2018-06-29 12:13:37.886 [main] INFO  o.s.web.servlet.handler.SimpleUrlHandlerMapping Line:373 ----------------> Mapped URL path [/**] onto handler of type [class org.springframework.web.servlet.resource.ResourceHttpRequestHandler]
2018-06-29 12:13:38.436 [main] INFO  o.s.b.test.mock.web.SpringBootMockServletContext Line:438 ----------------> Initializing Spring FrameworkServlet ''
2018-06-29 12:13:38.437 [main] INFO  o.s.test.web.servlet.TestDispatcherServlet Line:494 ----------------> FrameworkServlet '': initialization started
2018-06-29 12:13:38.461 [main] INFO  o.s.test.web.servlet.TestDispatcherServlet Line:509 ----------------> FrameworkServlet '': initialization completed in 24 ms
2018-06-29 12:13:38.619 [main] INFO  com.controller.UserControllerTest Line:59 ----------------> Started UserControllerTest in 9.33 seconds (JVM running for 12.33)
2018-06-29 12:13:38.704 [main] INFO  o.s.w.s.m.m.a.RequestMappingHandlerMapping Line:547 ----------------> Mapped "{[/user/all]}" onto public java.util.List<com.dao.model.OsUser> com.controller.UserController.getUser()
2018-06-29 12:13:38.705 [main] INFO  o.s.w.s.m.m.a.RequestMappingHandlerMapping Line:547 ----------------> Mapped "{[/user/test]}" onto public void com.controller.UserController.test()
2018-06-29 12:13:38.715 [main] INFO  o.s.w.s.m.m.a.RequestMappingHandlerAdapter Line:574 ----------------> Looking for @ControllerAdvice: org.springframework.test.web.servlet.setup.StubWebApplicationContext@3c538e62
2018-06-29 12:13:38.723 [main] INFO  org.springframework.mock.web.MockServletContext Line:438 ----------------> Initializing Spring FrameworkServlet ''
2018-06-29 12:13:38.724 [main] INFO  o.s.test.web.servlet.TestDispatcherServlet Line:494 ----------------> FrameworkServlet '': initialization started
2018-06-29 12:13:38.724 [main] INFO  o.s.test.web.servlet.TestDispatcherServlet Line:509 ----------------> FrameworkServlet '': initialization completed in 0 ms
2018-06-29 12:13:38.724 [main] INFO  o.s.b.test.mock.web.SpringBootMockServletContext Line:438 ----------------> Initializing Spring FrameworkServlet ''
2018-06-29 12:13:38.724 [main] INFO  o.s.test.web.servlet.TestDispatcherServlet Line:494 ----------------> FrameworkServlet '': initialization started
2018-06-29 12:13:38.727 [main] INFO  o.s.test.web.servlet.TestDispatcherServlet Line:509 ----------------> FrameworkServlet '': initialization completed in 2 ms
2018-06-29 12:13:38.895 [main] INFO  o.s.w.s.m.m.a.RequestMappingHandlerMapping Line:547 ----------------> Mapped "{[/user/all]}" onto public java.util.List<com.dao.model.OsUser> com.controller.UserController.getUser()
2018-06-29 12:13:38.896 [main] INFO  o.s.w.s.m.m.a.RequestMappingHandlerMapping Line:547 ----------------> Mapped "{[/user/test]}" onto public void com.controller.UserController.test()
2018-06-29 12:13:38.905 [main] INFO  o.s.w.s.m.m.a.RequestMappingHandlerAdapter Line:574 ----------------> Looking for @ControllerAdvice: org.springframework.test.web.servlet.setup.StubWebApplicationContext@69d61a6f
2018-06-29 12:13:38.909 [main] INFO  org.springframework.mock.web.MockServletContext Line:438 ----------------> Initializing Spring FrameworkServlet ''
2018-06-29 12:13:38.910 [main] INFO  o.s.test.web.servlet.TestDispatcherServlet Line:494 ----------------> FrameworkServlet '': initialization started
2018-06-29 12:13:38.910 [main] INFO  o.s.test.web.servlet.TestDispatcherServlet Line:509 ----------------> FrameworkServlet '': initialization completed in 0 ms
2018-06-29 12:13:38.911 [main] INFO  o.s.b.test.mock.web.SpringBootMockServletContext Line:438 ----------------> Initializing Spring FrameworkServlet ''
2018-06-29 12:13:38.911 [main] INFO  o.s.test.web.servlet.TestDispatcherServlet Line:494 ----------------> FrameworkServlet '': initialization started
2018-06-29 12:13:38.914 [main] INFO  o.s.test.web.servlet.TestDispatcherServlet Line:509 ----------------> FrameworkServlet '': initialization completed in 3 ms
2018-06-29 12:13:38.958 [Thread-3] INFO  o.s.w.context.support.GenericWebApplicationContext Line:993 ----------------> Closing org.springframework.web.context.support.GenericWebApplicationContext@120f38e6: startup date [Fri Jun 29 12:13:31 CST 2018]; root of context hierarchy
2018-06-29 12:14:22.217 [main] INFO  com.controller.UserControllerTest Line:50 ----------------> Starting UserControllerTest on lgj-Lenovo-G470 with PID 1038 (started by lgj in /home/lgj/aProject/SpringBootStudy/ch4)
2018-06-29 12:14:22.231 [main] INFO  com.controller.UserControllerTest Line:659 ----------------> No active profile set, falling back to default profiles: default
2018-06-29 12:14:22.302 [main] INFO  o.s.w.context.support.GenericWebApplicationContext Line:590 ----------------> Refreshing org.springframework.web.context.support.GenericWebApplicationContext@7c18432b: startup date [Fri Jun 29 12:14:22 CST 2018]; root of context hierarchy
2018-06-29 12:14:26.988 [main] INFO  o.s.web.servlet.handler.SimpleUrlHandlerMapping Line:373 ----------------> Mapped URL path [/**/favicon.ico] onto handler of type [class org.springframework.web.servlet.resource.ResourceHttpRequestHandler]
2018-06-29 12:14:27.405 [main] INFO  o.s.w.s.m.m.a.RequestMappingHandlerAdapter Line:574 ----------------> Looking for @ControllerAdvice: org.springframework.web.context.support.GenericWebApplicationContext@7c18432b: startup date [Fri Jun 29 12:14:22 CST 2018]; root of context hierarchy
2018-06-29 12:14:27.539 [main] INFO  o.s.w.s.m.m.a.RequestMappingHandlerMapping Line:547 ----------------> Mapped "{[/user/all]}" onto public java.util.List<com.dao.model.OsUser> com.controller.UserController.getUser()
2018-06-29 12:14:27.542 [main] INFO  o.s.w.s.m.m.a.RequestMappingHandlerMapping Line:547 ----------------> Mapped "{[/user/test]}" onto public void com.controller.UserController.test()
2018-06-29 12:14:27.548 [main] INFO  o.s.w.s.m.m.a.RequestMappingHandlerMapping Line:547 ----------------> Mapped "{[/error]}" onto public org.springframework.http.ResponseEntity<java.util.Map<java.lang.String, java.lang.Object>> org.springframework.boot.autoconfigure.web.servlet.error.BasicErrorController.error(javax.servlet.http.HttpServletRequest)
2018-06-29 12:14:27.550 [main] INFO  o.s.w.s.m.m.a.RequestMappingHandlerMapping Line:547 ----------------> Mapped "{[/error],produces=[text/html]}" onto public org.springframework.web.servlet.ModelAndView org.springframework.boot.autoconfigure.web.servlet.error.BasicErrorController.errorHtml(javax.servlet.http.HttpServletRequest,javax.servlet.http.HttpServletResponse)
2018-06-29 12:14:27.607 [main] INFO  o.s.web.servlet.handler.SimpleUrlHandlerMapping Line:373 ----------------> Mapped URL path [/webjars/**] onto handler of type [class org.springframework.web.servlet.resource.ResourceHttpRequestHandler]
2018-06-29 12:14:27.608 [main] INFO  o.s.web.servlet.handler.SimpleUrlHandlerMapping Line:373 ----------------> Mapped URL path [/**] onto handler of type [class org.springframework.web.servlet.resource.ResourceHttpRequestHandler]
2018-06-29 12:14:28.114 [main] INFO  o.s.b.test.mock.web.SpringBootMockServletContext Line:438 ----------------> Initializing Spring FrameworkServlet ''
2018-06-29 12:14:28.115 [main] INFO  o.s.test.web.servlet.TestDispatcherServlet Line:494 ----------------> FrameworkServlet '': initialization started
2018-06-29 12:14:28.138 [main] INFO  o.s.test.web.servlet.TestDispatcherServlet Line:509 ----------------> FrameworkServlet '': initialization completed in 22 ms
2018-06-29 12:14:28.259 [main] INFO  com.controller.UserControllerTest Line:59 ----------------> Started UserControllerTest in 7.786 seconds (JVM running for 11.114)
2018-06-29 12:14:28.317 [main] INFO  o.s.w.s.m.m.a.RequestMappingHandlerMapping Line:547 ----------------> Mapped "{[/user/all]}" onto public java.util.List<com.dao.model.OsUser> com.controller.UserController.getUser()
2018-06-29 12:14:28.318 [main] INFO  o.s.w.s.m.m.a.RequestMappingHandlerMapping Line:547 ----------------> Mapped "{[/user/test]}" onto public void com.controller.UserController.test()
2018-06-29 12:14:28.328 [main] INFO  o.s.w.s.m.m.a.RequestMappingHandlerAdapter Line:574 ----------------> Looking for @ControllerAdvice: org.springframework.test.web.servlet.setup.StubWebApplicationContext@42012093
2018-06-29 12:14:28.332 [main] INFO  org.springframework.mock.web.MockServletContext Line:438 ----------------> Initializing Spring FrameworkServlet ''
2018-06-29 12:14:28.333 [main] INFO  o.s.test.web.servlet.TestDispatcherServlet Line:494 ----------------> FrameworkServlet '': initialization started
2018-06-29 12:14:28.334 [main] INFO  o.s.test.web.servlet.TestDispatcherServlet Line:509 ----------------> FrameworkServlet '': initialization completed in 0 ms
2018-06-29 12:14:28.335 [main] INFO  o.s.b.test.mock.web.SpringBootMockServletContext Line:438 ----------------> Initializing Spring FrameworkServlet ''
2018-06-29 12:14:28.335 [main] INFO  o.s.test.web.servlet.TestDispatcherServlet Line:494 ----------------> FrameworkServlet '': initialization started
2018-06-29 12:14:28.340 [main] INFO  o.s.test.web.servlet.TestDispatcherServlet Line:509 ----------------> FrameworkServlet '': initialization completed in 5 ms
2018-06-29 12:14:28.635 [main] INFO  o.s.w.s.m.m.a.RequestMappingHandlerMapping Line:547 ----------------> Mapped "{[/user/all]}" onto public java.util.List<com.dao.model.OsUser> com.controller.UserController.getUser()
2018-06-29 12:14:28.640 [main] INFO  o.s.w.s.m.m.a.RequestMappingHandlerMapping Line:547 ----------------> Mapped "{[/user/test]}" onto public void com.controller.UserController.test()
2018-06-29 12:14:28.652 [main] INFO  o.s.w.s.m.m.a.RequestMappingHandlerAdapter Line:574 ----------------> Looking for @ControllerAdvice: org.springframework.test.web.servlet.setup.StubWebApplicationContext@1ac2829e
2018-06-29 12:14:28.659 [main] INFO  org.springframework.mock.web.MockServletContext Line:438 ----------------> Initializing Spring FrameworkServlet ''
2018-06-29 12:14:28.659 [main] INFO  o.s.test.web.servlet.TestDispatcherServlet Line:494 ----------------> FrameworkServlet '': initialization started
2018-06-29 12:14:28.660 [main] INFO  o.s.test.web.servlet.TestDispatcherServlet Line:509 ----------------> FrameworkServlet '': initialization completed in 0 ms
2018-06-29 12:14:28.660 [main] INFO  o.s.b.test.mock.web.SpringBootMockServletContext Line:438 ----------------> Initializing Spring FrameworkServlet ''
2018-06-29 12:14:28.661 [main] INFO  o.s.test.web.servlet.TestDispatcherServlet Line:494 ----------------> FrameworkServlet '': initialization started
2018-06-29 12:14:28.665 [main] INFO  o.s.test.web.servlet.TestDispatcherServlet Line:509 ----------------> FrameworkServlet '': initialization completed in 4 ms
2018-06-29 12:14:28.675 [Thread-3] INFO  o.s.w.context.support.GenericWebApplicationContext Line:993 ----------------> Closing org.springframework.web.context.support.GenericWebApplicationContext@7c18432b: startup date [Fri Jun 29 12:14:22 CST 2018]; root of context hierarchy
2018-06-29 12:17:06.728 [main] INFO  com.controller.UserControllerTest Line:50 ----------------> Starting UserControllerTest on lgj-Lenovo-G470 with PID 1250 (started by lgj in /home/lgj/aProject/SpringBootStudy/ch4)
2018-06-29 12:17:06.733 [main] INFO  com.controller.UserControllerTest Line:659 ----------------> No active profile set, falling back to default profiles: default
2018-06-29 12:17:06.844 [main] INFO  o.s.w.context.support.GenericWebApplicationContext Line:590 ----------------> Refreshing org.springframework.web.context.support.GenericWebApplicationContext@7c18432b: startup date [Fri Jun 29 12:17:06 CST 2018]; root of context hierarchy
2018-06-29 12:17:11.070 [main] ERROR org.springframework.boot.SpringApplication Line:842 ----------------> Application run failed
org.mockito.exceptions.base.MockitoException: 
Cannot mock/spy class org.springframework.test.web.servlet.MockMvc
Mockito cannot mock/spy because :
 - final class
	at org.springframework.boot.test.mock.mockito.MockDefinition.createMock(MockDefinition.java:157)
	at org.springframework.boot.test.mock.mockito.MockitoPostProcessor.createMock(MockitoPostProcessor.java:222)
	at org.springframework.boot.test.mock.mockito.MockitoPostProcessor.registerMock(MockitoPostProcessor.java:192)
	at org.springframework.boot.test.mock.mockito.MockitoPostProcessor.register(MockitoPostProcessor.java:174)
	at org.springframework.boot.test.mock.mockito.MockitoPostProcessor.postProcessBeanFactory(MockitoPostProcessor.java:144)
	at org.springframework.boot.test.mock.mockito.MockitoPostProcessor.postProcessBeanFactory(MockitoPostProcessor.java:131)
	at org.springframework.context.support.PostProcessorRegistrationDelegate.invokeBeanFactoryPostProcessors(PostProcessorRegistrationDelegate.java:284)
	at org.springframework.context.support.PostProcessorRegistrationDelegate.invokeBeanFactoryPostProcessors(PostProcessorRegistrationDelegate.java:172)
	at org.springframework.context.support.AbstractApplicationContext.invokeBeanFactoryPostProcessors(AbstractApplicationContext.java:694)
	at org.springframework.context.support.AbstractApplicationContext.refresh(AbstractApplicationContext.java:532)
	at org.springframework.boot.SpringApplication.refresh(SpringApplication.java:759)
	at org.springframework.boot.SpringApplication.refreshContext(SpringApplication.java:395)
	at org.springframework.boot.SpringApplication.run(SpringApplication.java:327)
	at org.springframework.boot.test.context.SpringBootContextLoader.loadContext(SpringBootContextLoader.java:139)
	at org.springframework.test.context.cache.DefaultCacheAwareContextLoaderDelegate.loadContextInternal(DefaultCacheAwareContextLoaderDelegate.java:99)
	at org.springframework.test.context.cache.DefaultCacheAwareContextLoaderDelegate.loadContext(DefaultCacheAwareContextLoaderDelegate.java:117)
	at org.springframework.test.context.support.DefaultTestContext.getApplicationContext(DefaultTestContext.java:108)
	at org.springframework.test.context.web.ServletTestExecutionListener.setUpRequestContextIfNecessary(ServletTestExecutionListener.java:190)
	at org.springframework.test.context.web.ServletTestExecutionListener.prepareTestInstance(ServletTestExecutionListener.java:132)
	at org.springframework.test.context.TestContextManager.prepareTestInstance(TestContextManager.java:246)
	at org.springframework.test.context.junit4.SpringJUnit4ClassRunner.createTest(SpringJUnit4ClassRunner.java:227)
	at org.springframework.test.context.junit4.SpringJUnit4ClassRunner$1.runReflectiveCall(SpringJUnit4ClassRunner.java:289)
	at org.junit.internal.runners.model.ReflectiveCallable.run(ReflectiveCallable.java:12)
	at org.springframework.test.context.junit4.SpringJUnit4ClassRunner.methodBlock(SpringJUnit4ClassRunner.java:291)
	at org.springframework.test.context.junit4.SpringJUnit4ClassRunner.runChild(SpringJUnit4ClassRunner.java:246)
	at org.springframework.test.context.junit4.SpringJUnit4ClassRunner.runChild(SpringJUnit4ClassRunner.java:97)
	at org.junit.runners.ParentRunner$3.run(ParentRunner.java:290)
	at org.junit.runners.ParentRunner$1.schedule(ParentRunner.java:71)
	at org.junit.runners.ParentRunner.runChildren(ParentRunner.java:288)
	at org.junit.runners.ParentRunner.access$000(ParentRunner.java:58)
	at org.junit.runners.ParentRunner$2.evaluate(ParentRunner.java:268)
	at org.springframework.test.context.junit4.statements.RunBeforeTestClassCallbacks.evaluate(RunBeforeTestClassCallbacks.java:61)
	at org.springframework.test.context.junit4.statements.RunAfterTestClassCallbacks.evaluate(RunAfterTestClassCallbacks.java:70)
	at org.junit.runners.ParentRunner.run(ParentRunner.java:363)
	at org.springframework.test.context.junit4.SpringJUnit4ClassRunner.run(SpringJUnit4ClassRunner.java:190)
	at org.junit.runner.JUnitCore.run(JUnitCore.java:137)
	at com.intellij.junit4.JUnit4IdeaTestRunner.startRunnerWithArgs(JUnit4IdeaTestRunner.java:68)
	at com.intellij.rt.execution.junit.IdeaTestRunner$Repeater.startRunnerWithArgs(IdeaTestRunner.java:47)
	at com.intellij.rt.execution.junit.JUnitStarter.prepareStreamsAndStart(JUnitStarter.java:242)
	at com.intellij.rt.execution.junit.JUnitStarter.main(JUnitStarter.java:70)
2018-06-29 12:17:11.073 [main] INFO  o.s.w.context.support.GenericWebApplicationContext Line:993 ----------------> Closing org.springframework.web.context.support.GenericWebApplicationContext@7c18432b: startup date [Fri Jun 29 12:17:06 CST 2018]; root of context hierarchy
2018-06-29 12:17:11.075 [main] ERROR o.springframework.test.context.TestContextManager Line:250 ----------------> Caught exception while allowing TestExecutionListener [org.springframework.test.context.web.ServletTestExecutionListener@600b9d27] to prepare test instance [com.controller.UserControllerTest@7717b4a0]
java.lang.IllegalStateException: Failed to load ApplicationContext
	at org.springframework.test.context.cache.DefaultCacheAwareContextLoaderDelegate.loadContext(DefaultCacheAwareContextLoaderDelegate.java:125)
	at org.springframework.test.context.support.DefaultTestContext.getApplicationContext(DefaultTestContext.java:108)
	at org.springframework.test.context.web.ServletTestExecutionListener.setUpRequestContextIfNecessary(ServletTestExecutionListener.java:190)
	at org.springframework.test.context.web.ServletTestExecutionListener.prepareTestInstance(ServletTestExecutionListener.java:132)
	at org.springframework.test.context.TestContextManager.prepareTestInstance(TestContextManager.java:246)
	at org.springframework.test.context.junit4.SpringJUnit4ClassRunner.createTest(SpringJUnit4ClassRunner.java:227)
	at org.springframework.test.context.junit4.SpringJUnit4ClassRunner$1.runReflectiveCall(SpringJUnit4ClassRunner.java:289)
	at org.junit.internal.runners.model.ReflectiveCallable.run(ReflectiveCallable.java:12)
	at org.springframework.test.context.junit4.SpringJUnit4ClassRunner.methodBlock(SpringJUnit4ClassRunner.java:291)
	at org.springframework.test.context.junit4.SpringJUnit4ClassRunner.runChild(SpringJUnit4ClassRunner.java:246)
	at org.springframework.test.context.junit4.SpringJUnit4ClassRunner.runChild(SpringJUnit4ClassRunner.java:97)
	at org.junit.runners.ParentRunner$3.run(ParentRunner.java:290)
	at org.junit.runners.ParentRunner$1.schedule(ParentRunner.java:71)
	at org.junit.runners.ParentRunner.runChildren(ParentRunner.java:288)
	at org.junit.runners.ParentRunner.access$000(ParentRunner.java:58)
	at org.junit.runners.ParentRunner$2.evaluate(ParentRunner.java:268)
	at org.springframework.test.context.junit4.statements.RunBeforeTestClassCallbacks.evaluate(RunBeforeTestClassCallbacks.java:61)
	at org.springframework.test.context.junit4.statements.RunAfterTestClassCallbacks.evaluate(RunAfterTestClassCallbacks.java:70)
	at org.junit.runners.ParentRunner.run(ParentRunner.java:363)
	at org.springframework.test.context.junit4.SpringJUnit4ClassRunner.run(SpringJUnit4ClassRunner.java:190)
	at org.junit.runner.JUnitCore.run(JUnitCore.java:137)
	at com.intellij.junit4.JUnit4IdeaTestRunner.startRunnerWithArgs(JUnit4IdeaTestRunner.java:68)
	at com.intellij.rt.execution.junit.IdeaTestRunner$Repeater.startRunnerWithArgs(IdeaTestRunner.java:47)
	at com.intellij.rt.execution.junit.JUnitStarter.prepareStreamsAndStart(JUnitStarter.java:242)
	at com.intellij.rt.execution.junit.JUnitStarter.main(JUnitStarter.java:70)
Caused by: org.mockito.exceptions.base.MockitoException: 
Cannot mock/spy class org.springframework.test.web.servlet.MockMvc
Mockito cannot mock/spy because :
 - final class
	at org.springframework.boot.test.mock.mockito.MockDefinition.createMock(MockDefinition.java:157)
	at org.springframework.boot.test.mock.mockito.MockitoPostProcessor.createMock(MockitoPostProcessor.java:222)
	at org.springframework.boot.test.mock.mockito.MockitoPostProcessor.registerMock(MockitoPostProcessor.java:192)
	at org.springframework.boot.test.mock.mockito.MockitoPostProcessor.register(MockitoPostProcessor.java:174)
	at org.springframework.boot.test.mock.mockito.MockitoPostProcessor.postProcessBeanFactory(MockitoPostProcessor.java:144)
	at org.springframework.boot.test.mock.mockito.MockitoPostProcessor.postProcessBeanFactory(MockitoPostProcessor.java:131)
	at org.springframework.context.support.PostProcessorRegistrationDelegate.invokeBeanFactoryPostProcessors(PostProcessorRegistrationDelegate.java:284)
	at org.springframework.context.support.PostProcessorRegistrationDelegate.invokeBeanFactoryPostProcessors(PostProcessorRegistrationDelegate.java:172)
	at org.springframework.context.support.AbstractApplicationContext.invokeBeanFactoryPostProcessors(AbstractApplicationContext.java:694)
	at org.springframework.context.support.AbstractApplicationContext.refresh(AbstractApplicationContext.java:532)
	at org.springframework.boot.SpringApplication.refresh(SpringApplication.java:759)
	at org.springframework.boot.SpringApplication.refreshContext(SpringApplication.java:395)
	at org.springframework.boot.SpringApplication.run(SpringApplication.java:327)
	at org.springframework.boot.test.context.SpringBootContextLoader.loadContext(SpringBootContextLoader.java:139)
	at org.springframework.test.context.cache.DefaultCacheAwareContextLoaderDelegate.loadContextInternal(DefaultCacheAwareContextLoaderDelegate.java:99)
	at org.springframework.test.context.cache.DefaultCacheAwareContextLoaderDelegate.loadContext(DefaultCacheAwareContextLoaderDelegate.java:117)
	... 24 common frames omitted
2018-06-29 12:17:11.148 [main] INFO  com.controller.UserControllerTest Line:50 ----------------> Starting UserControllerTest on lgj-Lenovo-G470 with PID 1250 (started by lgj in /home/lgj/aProject/SpringBootStudy/ch4)
2018-06-29 12:17:11.149 [main] INFO  com.controller.UserControllerTest Line:659 ----------------> No active profile set, falling back to default profiles: default
2018-06-29 12:17:11.154 [main] INFO  o.s.w.context.support.GenericWebApplicationContext Line:590 ----------------> Refreshing org.springframework.web.context.support.GenericWebApplicationContext@4d2f9e3c: startup date [Fri Jun 29 12:17:11 CST 2018]; root of context hierarchy
2018-06-29 12:17:13.292 [main] ERROR org.springframework.boot.SpringApplication Line:842 ----------------> Application run failed
org.mockito.exceptions.base.MockitoException: 
Cannot mock/spy class org.springframework.test.web.servlet.MockMvc
Mockito cannot mock/spy because :
 - final class
	at org.springframework.boot.test.mock.mockito.MockDefinition.createMock(MockDefinition.java:157)
	at org.springframework.boot.test.mock.mockito.MockitoPostProcessor.createMock(MockitoPostProcessor.java:222)
	at org.springframework.boot.test.mock.mockito.MockitoPostProcessor.registerMock(MockitoPostProcessor.java:192)
	at org.springframework.boot.test.mock.mockito.MockitoPostProcessor.register(MockitoPostProcessor.java:174)
	at org.springframework.boot.test.mock.mockito.MockitoPostProcessor.postProcessBeanFactory(MockitoPostProcessor.java:144)
	at org.springframework.boot.test.mock.mockito.MockitoPostProcessor.postProcessBeanFactory(MockitoPostProcessor.java:131)
	at org.springframework.context.support.PostProcessorRegistrationDelegate.invokeBeanFactoryPostProcessors(PostProcessorRegistrationDelegate.java:284)
	at org.springframework.context.support.PostProcessorRegistrationDelegate.invokeBeanFactoryPostProcessors(PostProcessorRegistrationDelegate.java:172)
	at org.springframework.context.support.AbstractApplicationContext.invokeBeanFactoryPostProcessors(AbstractApplicationContext.java:694)
	at org.springframework.context.support.AbstractApplicationContext.refresh(AbstractApplicationContext.java:532)
	at org.springframework.boot.SpringApplication.refresh(SpringApplication.java:759)
	at org.springframework.boot.SpringApplication.refreshContext(SpringApplication.java:395)
	at org.springframework.boot.SpringApplication.run(SpringApplication.java:327)
	at org.springframework.boot.test.context.SpringBootContextLoader.loadContext(SpringBootContextLoader.java:139)
	at org.springframework.test.context.cache.DefaultCacheAwareContextLoaderDelegate.loadContextInternal(DefaultCacheAwareContextLoaderDelegate.java:99)
	at org.springframework.test.context.cache.DefaultCacheAwareContextLoaderDelegate.loadContext(DefaultCacheAwareContextLoaderDelegate.java:117)
	at org.springframework.test.context.support.DefaultTestContext.getApplicationContext(DefaultTestContext.java:108)
	at org.springframework.test.context.web.ServletTestExecutionListener.setUpRequestContextIfNecessary(ServletTestExecutionListener.java:190)
	at org.springframework.test.context.web.ServletTestExecutionListener.prepareTestInstance(ServletTestExecutionListener.java:132)
	at org.springframework.test.context.TestContextManager.prepareTestInstance(TestContextManager.java:246)
	at org.springframework.test.context.junit4.SpringJUnit4ClassRunner.createTest(SpringJUnit4ClassRunner.java:227)
	at org.springframework.test.context.junit4.SpringJUnit4ClassRunner$1.runReflectiveCall(SpringJUnit4ClassRunner.java:289)
	at org.junit.internal.runners.model.ReflectiveCallable.run(ReflectiveCallable.java:12)
	at org.springframework.test.context.junit4.SpringJUnit4ClassRunner.methodBlock(SpringJUnit4ClassRunner.java:291)
	at org.springframework.test.context.junit4.SpringJUnit4ClassRunner.runChild(SpringJUnit4ClassRunner.java:246)
	at org.springframework.test.context.junit4.SpringJUnit4ClassRunner.runChild(SpringJUnit4ClassRunner.java:97)
	at org.junit.runners.ParentRunner$3.run(ParentRunner.java:290)
	at org.junit.runners.ParentRunner$1.schedule(ParentRunner.java:71)
	at org.junit.runners.ParentRunner.runChildren(ParentRunner.java:288)
	at org.junit.runners.ParentRunner.access$000(ParentRunner.java:58)
	at org.junit.runners.ParentRunner$2.evaluate(ParentRunner.java:268)
	at org.springframework.test.context.junit4.statements.RunBeforeTestClassCallbacks.evaluate(RunBeforeTestClassCallbacks.java:61)
	at org.springframework.test.context.junit4.statements.RunAfterTestClassCallbacks.evaluate(RunAfterTestClassCallbacks.java:70)
	at org.junit.runners.ParentRunner.run(ParentRunner.java:363)
	at org.springframework.test.context.junit4.SpringJUnit4ClassRunner.run(SpringJUnit4ClassRunner.java:190)
	at org.junit.runner.JUnitCore.run(JUnitCore.java:137)
	at com.intellij.junit4.JUnit4IdeaTestRunner.startRunnerWithArgs(JUnit4IdeaTestRunner.java:68)
	at com.intellij.rt.execution.junit.IdeaTestRunner$Repeater.startRunnerWithArgs(IdeaTestRunner.java:47)
	at com.intellij.rt.execution.junit.JUnitStarter.prepareStreamsAndStart(JUnitStarter.java:242)
	at com.intellij.rt.execution.junit.JUnitStarter.main(JUnitStarter.java:70)
2018-06-29 12:17:13.295 [main] INFO  o.s.w.context.support.GenericWebApplicationContext Line:993 ----------------> Closing org.springframework.web.context.support.GenericWebApplicationContext@4d2f9e3c: startup date [Fri Jun 29 12:17:11 CST 2018]; root of context hierarchy
2018-06-29 12:17:13.296 [main] ERROR o.springframework.test.context.TestContextManager Line:250 ----------------> Caught exception while allowing TestExecutionListener [org.springframework.test.context.web.ServletTestExecutionListener@600b9d27] to prepare test instance [com.controller.UserControllerTest@577f81a0]
java.lang.IllegalStateException: Failed to load ApplicationContext
	at org.springframework.test.context.cache.DefaultCacheAwareContextLoaderDelegate.loadContext(DefaultCacheAwareContextLoaderDelegate.java:125)
	at org.springframework.test.context.support.DefaultTestContext.getApplicationContext(DefaultTestContext.java:108)
	at org.springframework.test.context.web.ServletTestExecutionListener.setUpRequestContextIfNecessary(ServletTestExecutionListener.java:190)
	at org.springframework.test.context.web.ServletTestExecutionListener.prepareTestInstance(ServletTestExecutionListener.java:132)
	at org.springframework.test.context.TestContextManager.prepareTestInstance(TestContextManager.java:246)
	at org.springframework.test.context.junit4.SpringJUnit4ClassRunner.createTest(SpringJUnit4ClassRunner.java:227)
	at org.springframework.test.context.junit4.SpringJUnit4ClassRunner$1.runReflectiveCall(SpringJUnit4ClassRunner.java:289)
	at org.junit.internal.runners.model.ReflectiveCallable.run(ReflectiveCallable.java:12)
	at org.springframework.test.context.junit4.SpringJUnit4ClassRunner.methodBlock(SpringJUnit4ClassRunner.java:291)
	at org.springframework.test.context.junit4.SpringJUnit4ClassRunner.runChild(SpringJUnit4ClassRunner.java:246)
	at org.springframework.test.context.junit4.SpringJUnit4ClassRunner.runChild(SpringJUnit4ClassRunner.java:97)
	at org.junit.runners.ParentRunner$3.run(ParentRunner.java:290)
	at org.junit.runners.ParentRunner$1.schedule(ParentRunner.java:71)
	at org.junit.runners.ParentRunner.runChildren(ParentRunner.java:288)
	at org.junit.runners.ParentRunner.access$000(ParentRunner.java:58)
	at org.junit.runners.ParentRunner$2.evaluate(ParentRunner.java:268)
	at org.springframework.test.context.junit4.statements.RunBeforeTestClassCallbacks.evaluate(RunBeforeTestClassCallbacks.java:61)
	at org.springframework.test.context.junit4.statements.RunAfterTestClassCallbacks.evaluate(RunAfterTestClassCallbacks.java:70)
	at org.junit.runners.ParentRunner.run(ParentRunner.java:363)
	at org.springframework.test.context.junit4.SpringJUnit4ClassRunner.run(SpringJUnit4ClassRunner.java:190)
	at org.junit.runner.JUnitCore.run(JUnitCore.java:137)
	at com.intellij.junit4.JUnit4IdeaTestRunner.startRunnerWithArgs(JUnit4IdeaTestRunner.java:68)
	at com.intellij.rt.execution.junit.IdeaTestRunner$Repeater.startRunnerWithArgs(IdeaTestRunner.java:47)
	at com.intellij.rt.execution.junit.JUnitStarter.prepareStreamsAndStart(JUnitStarter.java:242)
	at com.intellij.rt.execution.junit.JUnitStarter.main(JUnitStarter.java:70)
Caused by: org.mockito.exceptions.base.MockitoException: 
Cannot mock/spy class org.springframework.test.web.servlet.MockMvc
Mockito cannot mock/spy because :
 - final class
	at org.springframework.boot.test.mock.mockito.MockDefinition.createMock(MockDefinition.java:157)
	at org.springframework.boot.test.mock.mockito.MockitoPostProcessor.createMock(MockitoPostProcessor.java:222)
	at org.springframework.boot.test.mock.mockito.MockitoPostProcessor.registerMock(MockitoPostProcessor.java:192)
	at org.springframework.boot.test.mock.mockito.MockitoPostProcessor.register(MockitoPostProcessor.java:174)
	at org.springframework.boot.test.mock.mockito.MockitoPostProcessor.postProcessBeanFactory(MockitoPostProcessor.java:144)
	at org.springframework.boot.test.mock.mockito.MockitoPostProcessor.postProcessBeanFactory(MockitoPostProcessor.java:131)
	at org.springframework.context.support.PostProcessorRegistrationDelegate.invokeBeanFactoryPostProcessors(PostProcessorRegistrationDelegate.java:284)
	at org.springframework.context.support.PostProcessorRegistrationDelegate.invokeBeanFactoryPostProcessors(PostProcessorRegistrationDelegate.java:172)
	at org.springframework.context.support.AbstractApplicationContext.invokeBeanFactoryPostProcessors(AbstractApplicationContext.java:694)
	at org.springframework.context.support.AbstractApplicationContext.refresh(AbstractApplicationContext.java:532)
	at org.springframework.boot.SpringApplication.refresh(SpringApplication.java:759)
	at org.springframework.boot.SpringApplication.refreshContext(SpringApplication.java:395)
	at org.springframework.boot.SpringApplication.run(SpringApplication.java:327)
	at org.springframework.boot.test.context.SpringBootContextLoader.loadContext(SpringBootContextLoader.java:139)
	at org.springframework.test.context.cache.DefaultCacheAwareContextLoaderDelegate.loadContextInternal(DefaultCacheAwareContextLoaderDelegate.java:99)
	at org.springframework.test.context.cache.DefaultCacheAwareContextLoaderDelegate.loadContext(DefaultCacheAwareContextLoaderDelegate.java:117)
	... 24 common frames omitted
2018-06-29 15:29:55.319 [main] INFO  com.controller.UserControllerTest Line:50 ----------------> Starting UserControllerTest on lgj-Lenovo-G470 with PID 5481 (started by lgj in /home/lgj/aProject/SpringBootStudy/ch4)
2018-06-29 15:29:55.350 [main] INFO  com.controller.UserControllerTest Line:659 ----------------> No active profile set, falling back to default profiles: default
2018-06-29 15:29:55.459 [main] INFO  o.s.w.context.support.GenericWebApplicationContext Line:590 ----------------> Refreshing org.springframework.web.context.support.GenericWebApplicationContext@2d72f75e: startup date [Fri Jun 29 15:29:55 CST 2018]; root of context hierarchy
2018-06-29 15:30:01.431 [main] INFO  o.s.web.servlet.handler.SimpleUrlHandlerMapping Line:373 ----------------> Mapped URL path [/**/favicon.ico] onto handler of type [class org.springframework.web.servlet.resource.ResourceHttpRequestHandler]
2018-06-29 15:30:02.021 [main] INFO  o.s.w.s.m.m.a.RequestMappingHandlerAdapter Line:574 ----------------> Looking for @ControllerAdvice: org.springframework.web.context.support.GenericWebApplicationContext@2d72f75e: startup date [Fri Jun 29 15:29:55 CST 2018]; root of context hierarchy
2018-06-29 15:30:02.403 [main] INFO  o.s.w.s.m.m.a.RequestMappingHandlerMapping Line:547 ----------------> Mapped "{[/user/all]}" onto public java.util.List<com.dao.model.OsUser> com.controller.UserController.getUser()
2018-06-29 15:30:02.406 [main] INFO  o.s.w.s.m.m.a.RequestMappingHandlerMapping Line:547 ----------------> Mapped "{[/user/test]}" onto public void com.controller.UserController.test()
2018-06-29 15:30:02.413 [main] INFO  o.s.w.s.m.m.a.RequestMappingHandlerMapping Line:547 ----------------> Mapped "{[/error]}" onto public org.springframework.http.ResponseEntity<java.util.Map<java.lang.String, java.lang.Object>> org.springframework.boot.autoconfigure.web.servlet.error.BasicErrorController.error(javax.servlet.http.HttpServletRequest)
2018-06-29 15:30:02.416 [main] INFO  o.s.w.s.m.m.a.RequestMappingHandlerMapping Line:547 ----------------> Mapped "{[/error],produces=[text/html]}" onto public org.springframework.web.servlet.ModelAndView org.springframework.boot.autoconfigure.web.servlet.error.BasicErrorController.errorHtml(javax.servlet.http.HttpServletRequest,javax.servlet.http.HttpServletResponse)
2018-06-29 15:30:02.484 [main] INFO  o.s.web.servlet.handler.SimpleUrlHandlerMapping Line:373 ----------------> Mapped URL path [/webjars/**] onto handler of type [class org.springframework.web.servlet.resource.ResourceHttpRequestHandler]
2018-06-29 15:30:02.485 [main] INFO  o.s.web.servlet.handler.SimpleUrlHandlerMapping Line:373 ----------------> Mapped URL path [/**] onto handler of type [class org.springframework.web.servlet.resource.ResourceHttpRequestHandler]
2018-06-29 15:30:03.246 [main] INFO  o.s.b.test.mock.web.SpringBootMockServletContext Line:438 ----------------> Initializing Spring FrameworkServlet ''
2018-06-29 15:30:03.248 [main] INFO  o.s.test.web.servlet.TestDispatcherServlet Line:494 ----------------> FrameworkServlet '': initialization started
2018-06-29 15:30:03.279 [main] INFO  o.s.test.web.servlet.TestDispatcherServlet Line:509 ----------------> FrameworkServlet '': initialization completed in 31 ms
2018-06-29 15:30:03.447 [main] INFO  com.controller.UserControllerTest Line:59 ----------------> Started UserControllerTest in 10.23 seconds (JVM running for 14.224)
2018-06-29 15:30:03.926 [main] INFO  o.s.b.test.mock.web.SpringBootMockServletContext Line:438 ----------------> Initializing Spring FrameworkServlet ''
2018-06-29 15:30:03.927 [main] INFO  o.s.test.web.servlet.TestDispatcherServlet Line:494 ----------------> FrameworkServlet '': initialization started
2018-06-29 15:30:03.932 [main] INFO  o.s.test.web.servlet.TestDispatcherServlet Line:509 ----------------> FrameworkServlet '': initialization completed in 4 ms
2018-06-29 15:30:04.095 [main] INFO  com.zaxxer.hikari.HikariDataSource Line:110 ----------------> mysqldatasource - Starting...
2018-06-29 15:30:06.213 [main] INFO  com.zaxxer.hikari.HikariDataSource Line:123 ----------------> mysqldatasource - Start completed.
2018-06-29 15:30:07.826 [main] INFO  o.s.b.test.mock.web.SpringBootMockServletContext Line:438 ----------------> Initializing Spring FrameworkServlet ''
2018-06-29 15:30:07.827 [main] INFO  o.s.test.web.servlet.TestDispatcherServlet Line:494 ----------------> FrameworkServlet '': initialization started
2018-06-29 15:30:07.831 [main] INFO  o.s.test.web.servlet.TestDispatcherServlet Line:509 ----------------> FrameworkServlet '': initialization completed in 3 ms
2018-06-29 15:30:07.839 [Thread-3] INFO  o.s.w.context.support.GenericWebApplicationContext Line:993 ----------------> Closing org.springframework.web.context.support.GenericWebApplicationContext@2d72f75e: startup date [Fri Jun 29 15:29:55 CST 2018]; root of context hierarchy
2018-06-29 15:30:07.848 [Thread-3] INFO  com.zaxxer.hikari.HikariDataSource Line:381 ----------------> mysqldatasource - Shutdown initiated...
2018-06-29 15:30:07.990 [Thread-3] INFO  com.zaxxer.hikari.HikariDataSource Line:383 ----------------> mysqldatasource - Shutdown completed.
2018-06-29 15:46:00.137 [main] INFO  com.controller.MvcTestControllerTest Line:50 ----------------> Starting MvcTestControllerTest on lgj-Lenovo-G470 with PID 8758 (started by lgj in /home/lgj/aProject/SpringBootStudy/ch4)
2018-06-29 15:46:00.149 [main] INFO  com.controller.MvcTestControllerTest Line:659 ----------------> No active profile set, falling back to default profiles: default
2018-06-29 15:46:00.232 [main] INFO  o.s.w.context.support.GenericWebApplicationContext Line:590 ----------------> Refreshing org.springframework.web.context.support.GenericWebApplicationContext@16afbd92: startup date [Fri Jun 29 15:46:00 CST 2018]; root of context hierarchy
2018-06-29 15:46:07.768 [main] INFO  o.s.web.servlet.handler.SimpleUrlHandlerMapping Line:373 ----------------> Mapped URL path [/**/favicon.ico] onto handler of type [class org.springframework.web.servlet.resource.ResourceHttpRequestHandler]
2018-06-29 15:46:08.274 [main] INFO  o.s.w.s.m.m.a.RequestMappingHandlerAdapter Line:574 ----------------> Looking for @ControllerAdvice: org.springframework.web.context.support.GenericWebApplicationContext@16afbd92: startup date [Fri Jun 29 15:46:00 CST 2018]; root of context hierarchy
2018-06-29 15:46:08.454 [main] INFO  o.s.w.s.m.m.a.RequestMappingHandlerMapping Line:547 ----------------> Mapped "{[/mvc/func1]}" onto public java.lang.String com.controller.MvcTestController.func1()
2018-06-29 15:46:08.457 [main] INFO  o.s.w.s.m.m.a.RequestMappingHandlerMapping Line:547 ----------------> Mapped "{[/user/all]}" onto public java.util.List<com.dao.model.OsUser> com.controller.UserController.getUser()
2018-06-29 15:46:08.458 [main] INFO  o.s.w.s.m.m.a.RequestMappingHandlerMapping Line:547 ----------------> Mapped "{[/user/test]}" onto public void com.controller.UserController.test()
2018-06-29 15:46:08.463 [main] INFO  o.s.w.s.m.m.a.RequestMappingHandlerMapping Line:547 ----------------> Mapped "{[/error]}" onto public org.springframework.http.ResponseEntity<java.util.Map<java.lang.String, java.lang.Object>> org.springframework.boot.autoconfigure.web.servlet.error.BasicErrorController.error(javax.servlet.http.HttpServletRequest)
2018-06-29 15:46:08.464 [main] INFO  o.s.w.s.m.m.a.RequestMappingHandlerMapping Line:547 ----------------> Mapped "{[/error],produces=[text/html]}" onto public org.springframework.web.servlet.ModelAndView org.springframework.boot.autoconfigure.web.servlet.error.BasicErrorController.errorHtml(javax.servlet.http.HttpServletRequest,javax.servlet.http.HttpServletResponse)
2018-06-29 15:46:08.528 [main] INFO  o.s.web.servlet.handler.SimpleUrlHandlerMapping Line:373 ----------------> Mapped URL path [/webjars/**] onto handler of type [class org.springframework.web.servlet.resource.ResourceHttpRequestHandler]
2018-06-29 15:46:08.529 [main] INFO  o.s.web.servlet.handler.SimpleUrlHandlerMapping Line:373 ----------------> Mapped URL path [/**] onto handler of type [class org.springframework.web.servlet.resource.ResourceHttpRequestHandler]
2018-06-29 15:46:09.059 [main] INFO  o.s.b.test.mock.web.SpringBootMockServletContext Line:438 ----------------> Initializing Spring FrameworkServlet ''
2018-06-29 15:46:09.060 [main] INFO  o.s.test.web.servlet.TestDispatcherServlet Line:494 ----------------> FrameworkServlet '': initialization started
2018-06-29 15:46:09.081 [main] INFO  o.s.test.web.servlet.TestDispatcherServlet Line:509 ----------------> FrameworkServlet '': initialization completed in 20 ms
2018-06-29 15:46:09.233 [main] INFO  com.controller.MvcTestControllerTest Line:59 ----------------> Started MvcTestControllerTest in 10.62 seconds (JVM running for 13.087)
2018-06-29 15:46:09.675 [main] INFO  o.s.b.test.mock.web.SpringBootMockServletContext Line:438 ----------------> Initializing Spring FrameworkServlet ''
2018-06-29 15:46:09.676 [main] INFO  o.s.test.web.servlet.TestDispatcherServlet Line:494 ----------------> FrameworkServlet '': initialization started
2018-06-29 15:46:09.682 [main] INFO  o.s.test.web.servlet.TestDispatcherServlet Line:509 ----------------> FrameworkServlet '': initialization completed in 6 ms
2018-06-29 15:46:10.528 [Thread-3] INFO  o.s.w.context.support.GenericWebApplicationContext Line:993 ----------------> Closing org.springframework.web.context.support.GenericWebApplicationContext@16afbd92: startup date [Fri Jun 29 15:46:00 CST 2018]; root of context hierarchy
2018-06-29 17:12:29.481 [main] INFO  com.controller.MvcTestControllerTest Line:50 ----------------> Starting MvcTestControllerTest on lgj-Lenovo-G470 with PID 11025 (started by lgj in /home/lgj/aProject/SpringBootStudy/ch4)
2018-06-29 17:12:29.492 [main] INFO  com.controller.MvcTestControllerTest Line:659 ----------------> No active profile set, falling back to default profiles: default
2018-06-29 17:12:29.612 [main] INFO  o.s.w.context.support.GenericWebApplicationContext Line:590 ----------------> Refreshing org.springframework.web.context.support.GenericWebApplicationContext@7fe083b1: startup date [Fri Jun 29 17:12:29 CST 2018]; root of context hierarchy
2018-06-29 17:12:39.255 [main] INFO  o.s.web.servlet.handler.SimpleUrlHandlerMapping Line:373 ----------------> Mapped URL path [/**/favicon.ico] onto handler of type [class org.springframework.web.servlet.resource.ResourceHttpRequestHandler]
2018-06-29 17:12:39.718 [main] INFO  o.s.w.s.m.m.a.RequestMappingHandlerAdapter Line:574 ----------------> Looking for @ControllerAdvice: org.springframework.web.context.support.GenericWebApplicationContext@7fe083b1: startup date [Fri Jun 29 17:12:29 CST 2018]; root of context hierarchy
2018-06-29 17:12:39.854 [main] INFO  o.s.w.s.m.m.a.RequestMappingHandlerMapping Line:547 ----------------> Mapped "{[/mvc/func1]}" onto public java.lang.String com.controller.MvcTestController.func1()
2018-06-29 17:12:39.856 [main] INFO  o.s.w.s.m.m.a.RequestMappingHandlerMapping Line:547 ----------------> Mapped "{[/mvc/func1/{id}]}" onto public java.lang.String com.controller.MvcTestController.func2(int)
2018-06-29 17:12:39.858 [main] INFO  o.s.w.s.m.m.a.RequestMappingHandlerMapping Line:547 ----------------> Mapped "{[/user/all]}" onto public java.util.List<com.dao.model.OsUser> com.controller.UserController.getUser()
2018-06-29 17:12:39.859 [main] INFO  o.s.w.s.m.m.a.RequestMappingHandlerMapping Line:547 ----------------> Mapped "{[/user/test]}" onto public void com.controller.UserController.test()
2018-06-29 17:12:39.864 [main] INFO  o.s.w.s.m.m.a.RequestMappingHandlerMapping Line:547 ----------------> Mapped "{[/error]}" onto public org.springframework.http.ResponseEntity<java.util.Map<java.lang.String, java.lang.Object>> org.springframework.boot.autoconfigure.web.servlet.error.BasicErrorController.error(javax.servlet.http.HttpServletRequest)
2018-06-29 17:12:39.878 [main] INFO  o.s.w.s.m.m.a.RequestMappingHandlerMapping Line:547 ----------------> Mapped "{[/error],produces=[text/html]}" onto public org.springframework.web.servlet.ModelAndView org.springframework.boot.autoconfigure.web.servlet.error.BasicErrorController.errorHtml(javax.servlet.http.HttpServletRequest,javax.servlet.http.HttpServletResponse)
2018-06-29 17:12:39.932 [main] INFO  o.s.web.servlet.handler.SimpleUrlHandlerMapping Line:373 ----------------> Mapped URL path [/webjars/**] onto handler of type [class org.springframework.web.servlet.resource.ResourceHttpRequestHandler]
2018-06-29 17:12:39.933 [main] INFO  o.s.web.servlet.handler.SimpleUrlHandlerMapping Line:373 ----------------> Mapped URL path [/**] onto handler of type [class org.springframework.web.servlet.resource.ResourceHttpRequestHandler]
2018-06-29 17:12:40.589 [main] INFO  o.s.b.test.mock.web.SpringBootMockServletContext Line:438 ----------------> Initializing Spring FrameworkServlet ''
2018-06-29 17:12:40.590 [main] INFO  o.s.test.web.servlet.TestDispatcherServlet Line:494 ----------------> FrameworkServlet '': initialization started
2018-06-29 17:12:40.627 [main] INFO  o.s.test.web.servlet.TestDispatcherServlet Line:509 ----------------> FrameworkServlet '': initialization completed in 36 ms
2018-06-29 17:12:40.845 [main] INFO  com.controller.MvcTestControllerTest Line:59 ----------------> Started MvcTestControllerTest in 15.761 seconds (JVM running for 20.689)
2018-06-29 17:12:41.442 [main] INFO  o.s.b.test.mock.web.SpringBootMockServletContext Line:438 ----------------> Initializing Spring FrameworkServlet ''
2018-06-29 17:12:41.444 [main] INFO  o.s.test.web.servlet.TestDispatcherServlet Line:494 ----------------> FrameworkServlet '': initialization started
2018-06-29 17:12:41.454 [main] INFO  o.s.test.web.servlet.TestDispatcherServlet Line:509 ----------------> FrameworkServlet '': initialization completed in 9 ms
2018-06-29 17:12:41.756 [main] INFO  o.s.b.test.mock.web.SpringBootMockServletContext Line:438 ----------------> Initializing Spring FrameworkServlet ''
2018-06-29 17:12:41.769 [main] INFO  o.s.test.web.servlet.TestDispatcherServlet Line:494 ----------------> FrameworkServlet '': initialization started
2018-06-29 17:12:41.774 [main] INFO  o.s.test.web.servlet.TestDispatcherServlet Line:509 ----------------> FrameworkServlet '': initialization completed in 4 ms
2018-06-29 17:12:41.838 [Thread-3] INFO  o.s.w.context.support.GenericWebApplicationContext Line:993 ----------------> Closing org.springframework.web.context.support.GenericWebApplicationContext@7fe083b1: startup date [Fri Jun 29 17:12:29 CST 2018]; root of context hierarchy
2018-06-29 17:13:38.472 [main] INFO  com.controller.MvcTestControllerTest Line:50 ----------------> Starting MvcTestControllerTest on lgj-Lenovo-G470 with PID 11358 (started by lgj in /home/lgj/aProject/SpringBootStudy/ch4)
2018-06-29 17:13:38.478 [main] INFO  com.controller.MvcTestControllerTest Line:659 ----------------> No active profile set, falling back to default profiles: default
2018-06-29 17:13:38.545 [main] INFO  o.s.w.context.support.GenericWebApplicationContext Line:590 ----------------> Refreshing org.springframework.web.context.support.GenericWebApplicationContext@2c5d601e: startup date [Fri Jun 29 17:13:38 CST 2018]; root of context hierarchy
2018-06-29 17:13:43.496 [main] INFO  o.s.web.servlet.handler.SimpleUrlHandlerMapping Line:373 ----------------> Mapped URL path [/**/favicon.ico] onto handler of type [class org.springframework.web.servlet.resource.ResourceHttpRequestHandler]
2018-06-29 17:13:43.932 [main] INFO  o.s.w.s.m.m.a.RequestMappingHandlerAdapter Line:574 ----------------> Looking for @ControllerAdvice: org.springframework.web.context.support.GenericWebApplicationContext@2c5d601e: startup date [Fri Jun 29 17:13:38 CST 2018]; root of context hierarchy
2018-06-29 17:13:44.074 [main] INFO  o.s.w.s.m.m.a.RequestMappingHandlerMapping Line:547 ----------------> Mapped "{[/mvc/func1]}" onto public java.lang.String com.controller.MvcTestController.func1()
2018-06-29 17:13:44.077 [main] INFO  o.s.w.s.m.m.a.RequestMappingHandlerMapping Line:547 ----------------> Mapped "{[/mvc/func2/{id}]}" onto public java.lang.String com.controller.MvcTestController.func2(int)
2018-06-29 17:13:44.080 [main] INFO  o.s.w.s.m.m.a.RequestMappingHandlerMapping Line:547 ----------------> Mapped "{[/user/all]}" onto public java.util.List<com.dao.model.OsUser> com.controller.UserController.getUser()
2018-06-29 17:13:44.081 [main] INFO  o.s.w.s.m.m.a.RequestMappingHandlerMapping Line:547 ----------------> Mapped "{[/user/test]}" onto public void com.controller.UserController.test()
2018-06-29 17:13:44.087 [main] INFO  o.s.w.s.m.m.a.RequestMappingHandlerMapping Line:547 ----------------> Mapped "{[/error]}" onto public org.springframework.http.ResponseEntity<java.util.Map<java.lang.String, java.lang.Object>> org.springframework.boot.autoconfigure.web.servlet.error.BasicErrorController.error(javax.servlet.http.HttpServletRequest)
2018-06-29 17:13:44.090 [main] INFO  o.s.w.s.m.m.a.RequestMappingHandlerMapping Line:547 ----------------> Mapped "{[/error],produces=[text/html]}" onto public org.springframework.web.servlet.ModelAndView org.springframework.boot.autoconfigure.web.servlet.error.BasicErrorController.errorHtml(javax.servlet.http.HttpServletRequest,javax.servlet.http.HttpServletResponse)
2018-06-29 17:13:44.142 [main] INFO  o.s.web.servlet.handler.SimpleUrlHandlerMapping Line:373 ----------------> Mapped URL path [/webjars/**] onto handler of type [class org.springframework.web.servlet.resource.ResourceHttpRequestHandler]
2018-06-29 17:13:44.143 [main] INFO  o.s.web.servlet.handler.SimpleUrlHandlerMapping Line:373 ----------------> Mapped URL path [/**] onto handler of type [class org.springframework.web.servlet.resource.ResourceHttpRequestHandler]
2018-06-29 17:13:44.619 [main] INFO  o.s.b.test.mock.web.SpringBootMockServletContext Line:438 ----------------> Initializing Spring FrameworkServlet ''
2018-06-29 17:13:44.620 [main] INFO  o.s.test.web.servlet.TestDispatcherServlet Line:494 ----------------> FrameworkServlet '': initialization started
2018-06-29 17:13:44.640 [main] INFO  o.s.test.web.servlet.TestDispatcherServlet Line:509 ----------------> FrameworkServlet '': initialization completed in 20 ms
2018-06-29 17:13:44.722 [main] INFO  com.controller.MvcTestControllerTest Line:59 ----------------> Started MvcTestControllerTest in 7.93 seconds (JVM running for 11.11)
2018-06-29 17:13:44.873 [main] INFO  o.s.b.test.mock.web.SpringBootMockServletContext Line:438 ----------------> Initializing Spring FrameworkServlet ''
2018-06-29 17:13:44.877 [main] INFO  o.s.test.web.servlet.TestDispatcherServlet Line:494 ----------------> FrameworkServlet '': initialization started
2018-06-29 17:13:44.883 [main] INFO  o.s.test.web.servlet.TestDispatcherServlet Line:509 ----------------> FrameworkServlet '': initialization completed in 5 ms
2018-06-29 17:13:44.947 [main] INFO  com.controller.UserController Line:42 ----------------> /mvc/func1
2018-06-29 17:13:45.007 [main] INFO  o.s.b.test.mock.web.SpringBootMockServletContext Line:438 ----------------> Initializing Spring FrameworkServlet ''
2018-06-29 17:13:45.008 [main] INFO  o.s.test.web.servlet.TestDispatcherServlet Line:494 ----------------> FrameworkServlet '': initialization started
2018-06-29 17:13:45.015 [main] INFO  o.s.test.web.servlet.TestDispatcherServlet Line:509 ----------------> FrameworkServlet '': initialization completed in 7 ms
2018-06-29 17:13:45.199 [main] INFO  com.controller.UserController Line:50 ----------------> /mvc/func2/{id}
2018-06-29 17:13:45.200 [main] INFO  com.controller.UserController Line:51 ----------------> id = 1234
2018-06-29 17:13:45.207 [Thread-3] INFO  o.s.w.context.support.GenericWebApplicationContext Line:993 ----------------> Closing org.springframework.web.context.support.GenericWebApplicationContext@2c5d601e: startup date [Fri Jun 29 17:13:38 CST 2018]; root of context hierarchy
2018-06-29 17:16:57.875 [main] INFO  com.controller.MvcTestControllerTest Line:50 ----------------> Starting MvcTestControllerTest on lgj-Lenovo-G470 with PID 12117 (started by lgj in /home/lgj/aProject/SpringBootStudy/ch4)
2018-06-29 17:16:57.884 [main] INFO  com.controller.MvcTestControllerTest Line:659 ----------------> No active profile set, falling back to default profiles: default
2018-06-29 17:16:57.984 [main] INFO  o.s.w.context.support.GenericWebApplicationContext Line:590 ----------------> Refreshing org.springframework.web.context.support.GenericWebApplicationContext@23c388c2: startup date [Fri Jun 29 17:16:57 CST 2018]; root of context hierarchy
2018-06-29 17:17:06.207 [main] INFO  o.s.web.servlet.handler.SimpleUrlHandlerMapping Line:373 ----------------> Mapped URL path [/**/favicon.ico] onto handler of type [class org.springframework.web.servlet.resource.ResourceHttpRequestHandler]
2018-06-29 17:17:06.932 [main] INFO  o.s.w.s.m.m.a.RequestMappingHandlerAdapter Line:574 ----------------> Looking for @ControllerAdvice: org.springframework.web.context.support.GenericWebApplicationContext@23c388c2: startup date [Fri Jun 29 17:16:57 CST 2018]; root of context hierarchy
2018-06-29 17:17:07.151 [main] INFO  o.s.w.s.m.m.a.RequestMappingHandlerMapping Line:547 ----------------> Mapped "{[/mvc/func1]}" onto public java.lang.String com.controller.MvcTestController.func1()
2018-06-29 17:17:07.153 [main] INFO  o.s.w.s.m.m.a.RequestMappingHandlerMapping Line:547 ----------------> Mapped "{[/mvc/func2/{id}]}" onto public java.lang.String com.controller.MvcTestController.func2(int)
2018-06-29 17:17:07.154 [main] INFO  o.s.w.s.m.m.a.RequestMappingHandlerMapping Line:547 ----------------> Mapped "{[/mvc/func3/**]}" onto public java.lang.String com.controller.MvcTestController.func3(int)
2018-06-29 17:17:07.158 [main] INFO  o.s.w.s.m.m.a.RequestMappingHandlerMapping Line:547 ----------------> Mapped "{[/user/all]}" onto public java.util.List<com.dao.model.OsUser> com.controller.UserController.getUser()
2018-06-29 17:17:07.159 [main] INFO  o.s.w.s.m.m.a.RequestMappingHandlerMapping Line:547 ----------------> Mapped "{[/user/test]}" onto public void com.controller.UserController.test()
2018-06-29 17:17:07.167 [main] INFO  o.s.w.s.m.m.a.RequestMappingHandlerMapping Line:547 ----------------> Mapped "{[/error]}" onto public org.springframework.http.ResponseEntity<java.util.Map<java.lang.String, java.lang.Object>> org.springframework.boot.autoconfigure.web.servlet.error.BasicErrorController.error(javax.servlet.http.HttpServletRequest)
2018-06-29 17:17:07.169 [main] INFO  o.s.w.s.m.m.a.RequestMappingHandlerMapping Line:547 ----------------> Mapped "{[/error],produces=[text/html]}" onto public org.springframework.web.servlet.ModelAndView org.springframework.boot.autoconfigure.web.servlet.error.BasicErrorController.errorHtml(javax.servlet.http.HttpServletRequest,javax.servlet.http.HttpServletResponse)
2018-06-29 17:17:07.221 [main] INFO  o.s.web.servlet.handler.SimpleUrlHandlerMapping Line:373 ----------------> Mapped URL path [/webjars/**] onto handler of type [class org.springframework.web.servlet.resource.ResourceHttpRequestHandler]
2018-06-29 17:17:07.222 [main] INFO  o.s.web.servlet.handler.SimpleUrlHandlerMapping Line:373 ----------------> Mapped URL path [/**] onto handler of type [class org.springframework.web.servlet.resource.ResourceHttpRequestHandler]
2018-06-29 17:17:07.996 [main] INFO  o.s.b.test.mock.web.SpringBootMockServletContext Line:438 ----------------> Initializing Spring FrameworkServlet ''
2018-06-29 17:17:07.998 [main] INFO  o.s.test.web.servlet.TestDispatcherServlet Line:494 ----------------> FrameworkServlet '': initialization started
2018-06-29 17:17:08.023 [main] INFO  o.s.test.web.servlet.TestDispatcherServlet Line:509 ----------------> FrameworkServlet '': initialization completed in 25 ms
2018-06-29 17:17:08.102 [main] INFO  com.controller.MvcTestControllerTest Line:59 ----------------> Started MvcTestControllerTest in 12.445 seconds (JVM running for 15.628)
2018-06-29 17:17:08.228 [main] INFO  o.s.b.test.mock.web.SpringBootMockServletContext Line:438 ----------------> Initializing Spring FrameworkServlet ''
2018-06-29 17:17:08.229 [main] INFO  o.s.test.web.servlet.TestDispatcherServlet Line:494 ----------------> FrameworkServlet '': initialization started
2018-06-29 17:17:08.233 [main] INFO  o.s.test.web.servlet.TestDispatcherServlet Line:509 ----------------> FrameworkServlet '': initialization completed in 4 ms
2018-06-29 17:17:08.328 [Thread-3] INFO  o.s.w.context.support.GenericWebApplicationContext Line:993 ----------------> Closing org.springframework.web.context.support.GenericWebApplicationContext@23c388c2: startup date [Fri Jun 29 17:16:57 CST 2018]; root of context hierarchy
2018-06-29 17:18:28.805 [main] INFO  com.controller.MvcTestControllerTest Line:50 ----------------> Starting MvcTestControllerTest on lgj-Lenovo-G470 with PID 12652 (started by lgj in /home/lgj/aProject/SpringBootStudy/ch4)
2018-06-29 17:18:28.810 [main] INFO  com.controller.MvcTestControllerTest Line:659 ----------------> No active profile set, falling back to default profiles: default
2018-06-29 17:18:28.894 [main] INFO  o.s.w.context.support.GenericWebApplicationContext Line:590 ----------------> Refreshing org.springframework.web.context.support.GenericWebApplicationContext@23c388c2: startup date [Fri Jun 29 17:18:28 CST 2018]; root of context hierarchy
2018-06-29 17:18:35.589 [main] INFO  o.s.web.servlet.handler.SimpleUrlHandlerMapping Line:373 ----------------> Mapped URL path [/**/favicon.ico] onto handler of type [class org.springframework.web.servlet.resource.ResourceHttpRequestHandler]
2018-06-29 17:18:36.563 [main] INFO  o.s.w.s.m.m.a.RequestMappingHandlerAdapter Line:574 ----------------> Looking for @ControllerAdvice: org.springframework.web.context.support.GenericWebApplicationContext@23c388c2: startup date [Fri Jun 29 17:18:28 CST 2018]; root of context hierarchy
2018-06-29 17:18:36.844 [main] INFO  o.s.w.s.m.m.a.RequestMappingHandlerMapping Line:547 ----------------> Mapped "{[/mvc/func1]}" onto public java.lang.String com.controller.MvcTestController.func1()
2018-06-29 17:18:36.846 [main] INFO  o.s.w.s.m.m.a.RequestMappingHandlerMapping Line:547 ----------------> Mapped "{[/mvc/func2/{id}]}" onto public java.lang.String com.controller.MvcTestController.func2()
2018-06-29 17:18:36.847 [main] INFO  o.s.w.s.m.m.a.RequestMappingHandlerMapping Line:547 ----------------> Mapped "{[/mvc/func3/**]}" onto public java.lang.String com.controller.MvcTestController.func3()
2018-06-29 17:18:36.848 [main] INFO  o.s.w.s.m.m.a.RequestMappingHandlerMapping Line:547 ----------------> Mapped "{[/mvc/func4/get]}" onto public java.lang.String com.controller.MvcTestController.func4()
2018-06-29 17:18:36.852 [main] INFO  o.s.w.s.m.m.a.RequestMappingHandlerMapping Line:547 ----------------> Mapped "{[/user/all]}" onto public java.util.List<com.dao.model.OsUser> com.controller.UserController.getUser()
2018-06-29 17:18:36.853 [main] INFO  o.s.w.s.m.m.a.RequestMappingHandlerMapping Line:547 ----------------> Mapped "{[/user/test]}" onto public void com.controller.UserController.test()
2018-06-29 17:18:36.880 [main] INFO  o.s.w.s.m.m.a.RequestMappingHandlerMapping Line:547 ----------------> Mapped "{[/error]}" onto public org.springframework.http.ResponseEntity<java.util.Map<java.lang.String, java.lang.Object>> org.springframework.boot.autoconfigure.web.servlet.error.BasicErrorController.error(javax.servlet.http.HttpServletRequest)
2018-06-29 17:18:36.882 [main] INFO  o.s.w.s.m.m.a.RequestMappingHandlerMapping Line:547 ----------------> Mapped "{[/error],produces=[text/html]}" onto public org.springframework.web.servlet.ModelAndView org.springframework.boot.autoconfigure.web.servlet.error.BasicErrorController.errorHtml(javax.servlet.http.HttpServletRequest,javax.servlet.http.HttpServletResponse)
2018-06-29 17:18:37.082 [main] INFO  o.s.web.servlet.handler.SimpleUrlHandlerMapping Line:373 ----------------> Mapped URL path [/webjars/**] onto handler of type [class org.springframework.web.servlet.resource.ResourceHttpRequestHandler]
2018-06-29 17:18:37.090 [main] INFO  o.s.web.servlet.handler.SimpleUrlHandlerMapping Line:373 ----------------> Mapped URL path [/**] onto handler of type [class org.springframework.web.servlet.resource.ResourceHttpRequestHandler]
2018-06-29 17:18:38.669 [main] INFO  o.s.b.test.mock.web.SpringBootMockServletContext Line:438 ----------------> Initializing Spring FrameworkServlet ''
2018-06-29 17:18:38.670 [main] INFO  o.s.test.web.servlet.TestDispatcherServlet Line:494 ----------------> FrameworkServlet '': initialization started
2018-06-29 17:18:38.693 [main] INFO  o.s.test.web.servlet.TestDispatcherServlet Line:509 ----------------> FrameworkServlet '': initialization completed in 22 ms
2018-06-29 17:18:38.983 [main] INFO  com.controller.MvcTestControllerTest Line:59 ----------------> Started MvcTestControllerTest in 12.028 seconds (JVM running for 14.204)
2018-06-29 17:18:40.447 [main] INFO  o.s.b.test.mock.web.SpringBootMockServletContext Line:438 ----------------> Initializing Spring FrameworkServlet ''
2018-06-29 17:18:40.448 [main] INFO  o.s.test.web.servlet.TestDispatcherServlet Line:494 ----------------> FrameworkServlet '': initialization started
2018-06-29 17:18:40.453 [main] INFO  o.s.test.web.servlet.TestDispatcherServlet Line:509 ----------------> FrameworkServlet '': initialization completed in 4 ms
2018-06-29 17:18:40.707 [Thread-3] INFO  o.s.w.context.support.GenericWebApplicationContext Line:993 ----------------> Closing org.springframework.web.context.support.GenericWebApplicationContext@23c388c2: startup date [Fri Jun 29 17:18:28 CST 2018]; root of context hierarchy
2018-06-29 17:22:56.749 [main] INFO  com.controller.MvcTestControllerTest Line:50 ----------------> Starting MvcTestControllerTest on lgj-Lenovo-G470 with PID 13905 (started by lgj in /home/lgj/aProject/SpringBootStudy/ch4)
2018-06-29 17:22:56.753 [main] INFO  com.controller.MvcTestControllerTest Line:659 ----------------> No active profile set, falling back to default profiles: default
2018-06-29 17:22:56.864 [main] INFO  o.s.w.context.support.GenericWebApplicationContext Line:590 ----------------> Refreshing org.springframework.web.context.support.GenericWebApplicationContext@51768776: startup date [Fri Jun 29 17:22:56 CST 2018]; root of context hierarchy
2018-06-29 17:23:03.050 [main] INFO  o.s.web.servlet.handler.SimpleUrlHandlerMapping Line:373 ----------------> Mapped URL path [/**/favicon.ico] onto handler of type [class org.springframework.web.servlet.resource.ResourceHttpRequestHandler]
2018-06-29 17:23:03.641 [main] INFO  o.s.w.s.m.m.a.RequestMappingHandlerAdapter Line:574 ----------------> Looking for @ControllerAdvice: org.springframework.web.context.support.GenericWebApplicationContext@51768776: startup date [Fri Jun 29 17:22:56 CST 2018]; root of context hierarchy
2018-06-29 17:23:03.867 [main] INFO  o.s.w.s.m.m.a.RequestMappingHandlerMapping Line:547 ----------------> Mapped "{[/mvc/func1]}" onto public java.lang.String com.controller.MvcTestController.func1()
2018-06-29 17:23:03.871 [main] INFO  o.s.w.s.m.m.a.RequestMappingHandlerMapping Line:547 ----------------> Mapped "{[/mvc/func2/{id}]}" onto public java.lang.String com.controller.MvcTestController.func2()
2018-06-29 17:23:03.873 [main] INFO  o.s.w.s.m.m.a.RequestMappingHandlerMapping Line:547 ----------------> Mapped "{[/mvc/func3/**]}" onto public java.lang.String com.controller.MvcTestController.func3()
2018-06-29 17:23:03.875 [main] INFO  o.s.w.s.m.m.a.RequestMappingHandlerMapping Line:547 ----------------> Mapped "{[/mvc/func4/get],methods=[GET]}" onto public java.lang.String com.controller.MvcTestController.func4()
2018-06-29 17:23:03.877 [main] INFO  o.s.w.s.m.m.a.RequestMappingHandlerMapping Line:547 ----------------> Mapped "{[/mvc/func5/post],methods=[POST]}" onto public java.lang.String com.controller.MvcTestController.func5()
2018-06-29 17:23:03.878 [main] INFO  o.s.w.s.m.m.a.RequestMappingHandlerMapping Line:547 ----------------> Mapped "{[/mvc/func6/delete],methods=[DELETE]}" onto public java.lang.String com.controller.MvcTestController.func6()
2018-06-29 17:23:03.880 [main] INFO  o.s.w.s.m.m.a.RequestMappingHandlerMapping Line:547 ----------------> Mapped "{[/mvc/func7/put],methods=[PUT]}" onto public java.lang.String com.controller.MvcTestController.func7()
2018-06-29 17:23:03.885 [main] INFO  o.s.w.s.m.m.a.RequestMappingHandlerMapping Line:547 ----------------> Mapped "{[/user/all]}" onto public java.util.List<com.dao.model.OsUser> com.controller.UserController.getUser()
2018-06-29 17:23:03.887 [main] INFO  o.s.w.s.m.m.a.RequestMappingHandlerMapping Line:547 ----------------> Mapped "{[/user/test]}" onto public void com.controller.UserController.test()
2018-06-29 17:23:03.943 [main] INFO  o.s.w.s.m.m.a.RequestMappingHandlerMapping Line:547 ----------------> Mapped "{[/error]}" onto public org.springframework.http.ResponseEntity<java.util.Map<java.lang.String, java.lang.Object>> org.springframework.boot.autoconfigure.web.servlet.error.BasicErrorController.error(javax.servlet.http.HttpServletRequest)
2018-06-29 17:23:03.949 [main] INFO  o.s.w.s.m.m.a.RequestMappingHandlerMapping Line:547 ----------------> Mapped "{[/error],produces=[text/html]}" onto public org.springframework.web.servlet.ModelAndView org.springframework.boot.autoconfigure.web.servlet.error.BasicErrorController.errorHtml(javax.servlet.http.HttpServletRequest,javax.servlet.http.HttpServletResponse)
2018-06-29 17:23:04.035 [main] INFO  o.s.web.servlet.handler.SimpleUrlHandlerMapping Line:373 ----------------> Mapped URL path [/webjars/**] onto handler of type [class org.springframework.web.servlet.resource.ResourceHttpRequestHandler]
2018-06-29 17:23:04.036 [main] INFO  o.s.web.servlet.handler.SimpleUrlHandlerMapping Line:373 ----------------> Mapped URL path [/**] onto handler of type [class org.springframework.web.servlet.resource.ResourceHttpRequestHandler]
2018-06-29 17:23:04.745 [main] INFO  o.s.b.test.mock.web.SpringBootMockServletContext Line:438 ----------------> Initializing Spring FrameworkServlet ''
2018-06-29 17:23:04.746 [main] INFO  o.s.test.web.servlet.TestDispatcherServlet Line:494 ----------------> FrameworkServlet '': initialization started
2018-06-29 17:23:04.775 [main] INFO  o.s.test.web.servlet.TestDispatcherServlet Line:509 ----------------> FrameworkServlet '': initialization completed in 29 ms
2018-06-29 17:23:04.945 [main] INFO  com.controller.MvcTestControllerTest Line:59 ----------------> Started MvcTestControllerTest in 9.725 seconds (JVM running for 11.815)
2018-06-29 17:23:05.161 [main] INFO  o.s.b.test.mock.web.SpringBootMockServletContext Line:438 ----------------> Initializing Spring FrameworkServlet ''
2018-06-29 17:23:05.162 [main] INFO  o.s.test.web.servlet.TestDispatcherServlet Line:494 ----------------> FrameworkServlet '': initialization started
2018-06-29 17:23:05.166 [main] INFO  o.s.test.web.servlet.TestDispatcherServlet Line:509 ----------------> FrameworkServlet '': initialization completed in 4 ms
2018-06-29 17:23:05.299 [main] INFO  com.controller.UserController Line:55 ----------------> /mvc/func3/**
2018-06-29 17:23:05.420 [main] INFO  com.controller.UserController Line:55 ----------------> /mvc/func3/**
2018-06-29 17:23:05.458 [Thread-3] INFO  o.s.w.context.support.GenericWebApplicationContext Line:993 ----------------> Closing org.springframework.web.context.support.GenericWebApplicationContext@51768776: startup date [Fri Jun 29 17:22:56 CST 2018]; root of context hierarchy
2018-06-29 17:26:17.921 [main] INFO  com.controller.MvcTestControllerTest Line:50 ----------------> Starting MvcTestControllerTest on lgj-Lenovo-G470 with PID 14866 (started by lgj in /home/lgj/aProject/SpringBootStudy/ch4)
2018-06-29 17:26:17.936 [main] INFO  com.controller.MvcTestControllerTest Line:659 ----------------> No active profile set, falling back to default profiles: default
2018-06-29 17:26:18.021 [main] INFO  o.s.w.context.support.GenericWebApplicationContext Line:590 ----------------> Refreshing org.springframework.web.context.support.GenericWebApplicationContext@5a021cb9: startup date [Fri Jun 29 17:26:18 CST 2018]; root of context hierarchy
2018-06-29 17:26:26.048 [main] INFO  o.s.web.servlet.handler.SimpleUrlHandlerMapping Line:373 ----------------> Mapped URL path [/**/favicon.ico] onto handler of type [class org.springframework.web.servlet.resource.ResourceHttpRequestHandler]
2018-06-29 17:26:27.027 [main] INFO  o.s.w.s.m.m.a.RequestMappingHandlerAdapter Line:574 ----------------> Looking for @ControllerAdvice: org.springframework.web.context.support.GenericWebApplicationContext@5a021cb9: startup date [Fri Jun 29 17:26:18 CST 2018]; root of context hierarchy
2018-06-29 17:26:27.443 [main] INFO  o.s.w.s.m.m.a.RequestMappingHandlerMapping Line:547 ----------------> Mapped "{[/mvc/func1]}" onto public java.lang.String com.controller.MvcTestController.func1()
2018-06-29 17:26:27.452 [main] INFO  o.s.w.s.m.m.a.RequestMappingHandlerMapping Line:547 ----------------> Mapped "{[/mvc/func2/{id}]}" onto public java.lang.String com.controller.MvcTestController.func2()
2018-06-29 17:26:27.453 [main] INFO  o.s.w.s.m.m.a.RequestMappingHandlerMapping Line:547 ----------------> Mapped "{[/mvc/func3/**]}" onto public java.lang.String com.controller.MvcTestController.func3()
2018-06-29 17:26:27.454 [main] INFO  o.s.w.s.m.m.a.RequestMappingHandlerMapping Line:547 ----------------> Mapped "{[/mvc/func4/get],methods=[GET]}" onto public java.lang.String com.controller.MvcTestController.func4()
2018-06-29 17:26:27.455 [main] INFO  o.s.w.s.m.m.a.RequestMappingHandlerMapping Line:547 ----------------> Mapped "{[/mvc/func5/post],methods=[POST]}" onto public java.lang.String com.controller.MvcTestController.func5()
2018-06-29 17:26:27.456 [main] INFO  o.s.w.s.m.m.a.RequestMappingHandlerMapping Line:547 ----------------> Mapped "{[/mvc/func6/delete],methods=[DELETE]}" onto public java.lang.String com.controller.MvcTestController.func6()
2018-06-29 17:26:27.457 [main] INFO  o.s.w.s.m.m.a.RequestMappingHandlerMapping Line:547 ----------------> Mapped "{[/mvc/func7/put],methods=[PUT]}" onto public java.lang.String com.controller.MvcTestController.func7()
2018-06-29 17:26:27.460 [main] INFO  o.s.w.s.m.m.a.RequestMappingHandlerMapping Line:547 ----------------> Mapped "{[/user/all]}" onto public java.util.List<com.dao.model.OsUser> com.controller.UserController.getUser()
2018-06-29 17:26:27.461 [main] INFO  o.s.w.s.m.m.a.RequestMappingHandlerMapping Line:547 ----------------> Mapped "{[/user/test]}" onto public void com.controller.UserController.test()
2018-06-29 17:26:27.484 [main] INFO  o.s.w.s.m.m.a.RequestMappingHandlerMapping Line:547 ----------------> Mapped "{[/error]}" onto public org.springframework.http.ResponseEntity<java.util.Map<java.lang.String, java.lang.Object>> org.springframework.boot.autoconfigure.web.servlet.error.BasicErrorController.error(javax.servlet.http.HttpServletRequest)
2018-06-29 17:26:27.486 [main] INFO  o.s.w.s.m.m.a.RequestMappingHandlerMapping Line:547 ----------------> Mapped "{[/error],produces=[text/html]}" onto public org.springframework.web.servlet.ModelAndView org.springframework.boot.autoconfigure.web.servlet.error.BasicErrorController.errorHtml(javax.servlet.http.HttpServletRequest,javax.servlet.http.HttpServletResponse)
2018-06-29 17:26:27.587 [main] INFO  o.s.web.servlet.handler.SimpleUrlHandlerMapping Line:373 ----------------> Mapped URL path [/webjars/**] onto handler of type [class org.springframework.web.servlet.resource.ResourceHttpRequestHandler]
2018-06-29 17:26:27.588 [main] INFO  o.s.web.servlet.handler.SimpleUrlHandlerMapping Line:373 ----------------> Mapped URL path [/**] onto handler of type [class org.springframework.web.servlet.resource.ResourceHttpRequestHandler]
2018-06-29 17:26:28.567 [main] INFO  o.s.b.test.mock.web.SpringBootMockServletContext Line:438 ----------------> Initializing Spring FrameworkServlet ''
2018-06-29 17:26:28.568 [main] INFO  o.s.test.web.servlet.TestDispatcherServlet Line:494 ----------------> FrameworkServlet '': initialization started
2018-06-29 17:26:28.618 [main] INFO  o.s.test.web.servlet.TestDispatcherServlet Line:509 ----------------> FrameworkServlet '': initialization completed in 50 ms
2018-06-29 17:26:28.817 [main] INFO  com.controller.MvcTestControllerTest Line:59 ----------------> Started MvcTestControllerTest in 12.668 seconds (JVM running for 14.844)
2018-06-29 17:26:29.068 [main] INFO  o.s.b.test.mock.web.SpringBootMockServletContext Line:438 ----------------> Initializing Spring FrameworkServlet ''
2018-06-29 17:26:29.069 [main] INFO  o.s.test.web.servlet.TestDispatcherServlet Line:494 ----------------> FrameworkServlet '': initialization started
2018-06-29 17:26:29.086 [main] INFO  o.s.test.web.servlet.TestDispatcherServlet Line:509 ----------------> FrameworkServlet '': initialization completed in 15 ms
2018-06-29 17:26:29.256 [main] INFO  com.controller.UserController Line:55 ----------------> /mvc/func3/**
2018-06-29 17:26:29.417 [main] INFO  com.controller.UserController Line:55 ----------------> /mvc/func3/**
2018-06-29 17:26:29.466 [Thread-3] INFO  o.s.w.context.support.GenericWebApplicationContext Line:993 ----------------> Closing org.springframework.web.context.support.GenericWebApplicationContext@5a021cb9: startup date [Fri Jun 29 17:26:18 CST 2018]; root of context hierarchy
2018-06-29 17:26:42.961 [main] INFO  com.controller.MvcTestControllerTest Line:50 ----------------> Starting MvcTestControllerTest on lgj-Lenovo-G470 with PID 15034 (started by lgj in /home/lgj/aProject/SpringBootStudy/ch4)
2018-06-29 17:26:42.966 [main] INFO  com.controller.MvcTestControllerTest Line:659 ----------------> No active profile set, falling back to default profiles: default
2018-06-29 17:26:43.090 [main] INFO  o.s.w.context.support.GenericWebApplicationContext Line:590 ----------------> Refreshing org.springframework.web.context.support.GenericWebApplicationContext@5a021cb9: startup date [Fri Jun 29 17:26:43 CST 2018]; root of context hierarchy
2018-06-29 17:26:50.289 [main] INFO  o.s.web.servlet.handler.SimpleUrlHandlerMapping Line:373 ----------------> Mapped URL path [/**/favicon.ico] onto handler of type [class org.springframework.web.servlet.resource.ResourceHttpRequestHandler]
2018-06-29 17:26:50.736 [main] INFO  o.s.w.s.m.m.a.RequestMappingHandlerAdapter Line:574 ----------------> Looking for @ControllerAdvice: org.springframework.web.context.support.GenericWebApplicationContext@5a021cb9: startup date [Fri Jun 29 17:26:43 CST 2018]; root of context hierarchy
2018-06-29 17:26:50.884 [main] INFO  o.s.w.s.m.m.a.RequestMappingHandlerMapping Line:547 ----------------> Mapped "{[/mvc/func3/**]}" onto public java.lang.String com.controller.MvcTestController.func3()
2018-06-29 17:26:50.887 [main] INFO  o.s.w.s.m.m.a.RequestMappingHandlerMapping Line:547 ----------------> Mapped "{[/mvc/func4/get],methods=[GET]}" onto public java.lang.String com.controller.MvcTestController.func4()
2018-06-29 17:26:50.888 [main] INFO  o.s.w.s.m.m.a.RequestMappingHandlerMapping Line:547 ----------------> Mapped "{[/mvc/func5/post],methods=[POST]}" onto public java.lang.String com.controller.MvcTestController.func5()
2018-06-29 17:26:50.888 [main] INFO  o.s.w.s.m.m.a.RequestMappingHandlerMapping Line:547 ----------------> Mapped "{[/mvc/func6/delete],methods=[DELETE]}" onto public java.lang.String com.controller.MvcTestController.func6()
2018-06-29 17:26:50.889 [main] INFO  o.s.w.s.m.m.a.RequestMappingHandlerMapping Line:547 ----------------> Mapped "{[/mvc/func7/put],methods=[PUT]}" onto public java.lang.String com.controller.MvcTestController.func7()
2018-06-29 17:26:50.890 [main] INFO  o.s.w.s.m.m.a.RequestMappingHandlerMapping Line:547 ----------------> Mapped "{[/mvc/func1]}" onto public java.lang.String com.controller.MvcTestController.func1()
2018-06-29 17:26:50.890 [main] INFO  o.s.w.s.m.m.a.RequestMappingHandlerMapping Line:547 ----------------> Mapped "{[/mvc/func2/{id}]}" onto public java.lang.String com.controller.MvcTestController.func2()
2018-06-29 17:26:50.894 [main] INFO  o.s.w.s.m.m.a.RequestMappingHandlerMapping Line:547 ----------------> Mapped "{[/user/all]}" onto public java.util.List<com.dao.model.OsUser> com.controller.UserController.getUser()
2018-06-29 17:26:50.895 [main] INFO  o.s.w.s.m.m.a.RequestMappingHandlerMapping Line:547 ----------------> Mapped "{[/user/test]}" onto public void com.controller.UserController.test()
2018-06-29 17:26:50.901 [main] INFO  o.s.w.s.m.m.a.RequestMappingHandlerMapping Line:547 ----------------> Mapped "{[/error]}" onto public org.springframework.http.ResponseEntity<java.util.Map<java.lang.String, java.lang.Object>> org.springframework.boot.autoconfigure.web.servlet.error.BasicErrorController.error(javax.servlet.http.HttpServletRequest)
2018-06-29 17:26:50.903 [main] INFO  o.s.w.s.m.m.a.RequestMappingHandlerMapping Line:547 ----------------> Mapped "{[/error],produces=[text/html]}" onto public org.springframework.web.servlet.ModelAndView org.springframework.boot.autoconfigure.web.servlet.error.BasicErrorController.errorHtml(javax.servlet.http.HttpServletRequest,javax.servlet.http.HttpServletResponse)
2018-06-29 17:26:50.959 [main] INFO  o.s.web.servlet.handler.SimpleUrlHandlerMapping Line:373 ----------------> Mapped URL path [/webjars/**] onto handler of type [class org.springframework.web.servlet.resource.ResourceHttpRequestHandler]
2018-06-29 17:26:50.960 [main] INFO  o.s.web.servlet.handler.SimpleUrlHandlerMapping Line:373 ----------------> Mapped URL path [/**] onto handler of type [class org.springframework.web.servlet.resource.ResourceHttpRequestHandler]
2018-06-29 17:26:51.457 [main] INFO  o.s.b.test.mock.web.SpringBootMockServletContext Line:438 ----------------> Initializing Spring FrameworkServlet ''
2018-06-29 17:26:51.458 [main] INFO  o.s.test.web.servlet.TestDispatcherServlet Line:494 ----------------> FrameworkServlet '': initialization started
2018-06-29 17:26:51.480 [main] INFO  o.s.test.web.servlet.TestDispatcherServlet Line:509 ----------------> FrameworkServlet '': initialization completed in 21 ms
2018-06-29 17:26:51.574 [main] INFO  com.controller.MvcTestControllerTest Line:59 ----------------> Started MvcTestControllerTest in 10.543 seconds (JVM running for 13.988)
2018-06-29 17:26:51.733 [main] INFO  o.s.b.test.mock.web.SpringBootMockServletContext Line:438 ----------------> Initializing Spring FrameworkServlet ''
2018-06-29 17:26:51.734 [main] INFO  o.s.test.web.servlet.TestDispatcherServlet Line:494 ----------------> FrameworkServlet '': initialization started
2018-06-29 17:26:51.738 [main] INFO  o.s.test.web.servlet.TestDispatcherServlet Line:509 ----------------> FrameworkServlet '': initialization completed in 4 ms
2018-06-29 17:26:51.786 [main] INFO  com.controller.UserController Line:63 ----------------> /mvc/func4/get
2018-06-29 17:26:51.846 [Thread-3] INFO  o.s.w.context.support.GenericWebApplicationContext Line:993 ----------------> Closing org.springframework.web.context.support.GenericWebApplicationContext@5a021cb9: startup date [Fri Jun 29 17:26:43 CST 2018]; root of context hierarchy
2018-06-29 17:27:11.063 [main] INFO  com.controller.MvcTestControllerTest Line:50 ----------------> Starting MvcTestControllerTest on lgj-Lenovo-G470 with PID 15219 (started by lgj in /home/lgj/aProject/SpringBootStudy/ch4)
2018-06-29 17:27:11.068 [main] INFO  com.controller.MvcTestControllerTest Line:659 ----------------> No active profile set, falling back to default profiles: default
2018-06-29 17:27:11.136 [main] INFO  o.s.w.context.support.GenericWebApplicationContext Line:590 ----------------> Refreshing org.springframework.web.context.support.GenericWebApplicationContext@5a021cb9: startup date [Fri Jun 29 17:27:11 CST 2018]; root of context hierarchy
2018-06-29 17:27:17.683 [main] INFO  o.s.web.servlet.handler.SimpleUrlHandlerMapping Line:373 ----------------> Mapped URL path [/**/favicon.ico] onto handler of type [class org.springframework.web.servlet.resource.ResourceHttpRequestHandler]
2018-06-29 17:27:18.051 [main] INFO  o.s.w.s.m.m.a.RequestMappingHandlerAdapter Line:574 ----------------> Looking for @ControllerAdvice: org.springframework.web.context.support.GenericWebApplicationContext@5a021cb9: startup date [Fri Jun 29 17:27:11 CST 2018]; root of context hierarchy
2018-06-29 17:27:18.194 [main] INFO  o.s.w.s.m.m.a.RequestMappingHandlerMapping Line:547 ----------------> Mapped "{[/mvc/func1]}" onto public java.lang.String com.controller.MvcTestController.func1()
2018-06-29 17:27:18.196 [main] INFO  o.s.w.s.m.m.a.RequestMappingHandlerMapping Line:547 ----------------> Mapped "{[/mvc/func2/{id}]}" onto public java.lang.String com.controller.MvcTestController.func2()
2018-06-29 17:27:18.197 [main] INFO  o.s.w.s.m.m.a.RequestMappingHandlerMapping Line:547 ----------------> Mapped "{[/mvc/func3/**]}" onto public java.lang.String com.controller.MvcTestController.func3()
2018-06-29 17:27:18.198 [main] INFO  o.s.w.s.m.m.a.RequestMappingHandlerMapping Line:547 ----------------> Mapped "{[/mvc/func4/get],methods=[GET]}" onto public java.lang.String com.controller.MvcTestController.func4()
2018-06-29 17:27:18.199 [main] INFO  o.s.w.s.m.m.a.RequestMappingHandlerMapping Line:547 ----------------> Mapped "{[/mvc/func5/post],methods=[POST]}" onto public java.lang.String com.controller.MvcTestController.func5()
2018-06-29 17:27:18.200 [main] INFO  o.s.w.s.m.m.a.RequestMappingHandlerMapping Line:547 ----------------> Mapped "{[/mvc/func6/delete],methods=[DELETE]}" onto public java.lang.String com.controller.MvcTestController.func6()
2018-06-29 17:27:18.202 [main] INFO  o.s.w.s.m.m.a.RequestMappingHandlerMapping Line:547 ----------------> Mapped "{[/mvc/func7/put],methods=[PUT]}" onto public java.lang.String com.controller.MvcTestController.func7()
2018-06-29 17:27:18.205 [main] INFO  o.s.w.s.m.m.a.RequestMappingHandlerMapping Line:547 ----------------> Mapped "{[/user/all]}" onto public java.util.List<com.dao.model.OsUser> com.controller.UserController.getUser()
2018-06-29 17:27:18.206 [main] INFO  o.s.w.s.m.m.a.RequestMappingHandlerMapping Line:547 ----------------> Mapped "{[/user/test]}" onto public void com.controller.UserController.test()
2018-06-29 17:27:18.211 [main] INFO  o.s.w.s.m.m.a.RequestMappingHandlerMapping Line:547 ----------------> Mapped "{[/error]}" onto public org.springframework.http.ResponseEntity<java.util.Map<java.lang.String, java.lang.Object>> org.springframework.boot.autoconfigure.web.servlet.error.BasicErrorController.error(javax.servlet.http.HttpServletRequest)
2018-06-29 17:27:18.214 [main] INFO  o.s.w.s.m.m.a.RequestMappingHandlerMapping Line:547 ----------------> Mapped "{[/error],produces=[text/html]}" onto public org.springframework.web.servlet.ModelAndView org.springframework.boot.autoconfigure.web.servlet.error.BasicErrorController.errorHtml(javax.servlet.http.HttpServletRequest,javax.servlet.http.HttpServletResponse)
2018-06-29 17:27:18.260 [main] INFO  o.s.web.servlet.handler.SimpleUrlHandlerMapping Line:373 ----------------> Mapped URL path [/webjars/**] onto handler of type [class org.springframework.web.servlet.resource.ResourceHttpRequestHandler]
2018-06-29 17:27:18.261 [main] INFO  o.s.web.servlet.handler.SimpleUrlHandlerMapping Line:373 ----------------> Mapped URL path [/**] onto handler of type [class org.springframework.web.servlet.resource.ResourceHttpRequestHandler]
2018-06-29 17:27:18.764 [main] INFO  o.s.b.test.mock.web.SpringBootMockServletContext Line:438 ----------------> Initializing Spring FrameworkServlet ''
2018-06-29 17:27:18.765 [main] INFO  o.s.test.web.servlet.TestDispatcherServlet Line:494 ----------------> FrameworkServlet '': initialization started
2018-06-29 17:27:18.791 [main] INFO  o.s.test.web.servlet.TestDispatcherServlet Line:509 ----------------> FrameworkServlet '': initialization completed in 25 ms
2018-06-29 17:27:18.931 [main] INFO  com.controller.MvcTestControllerTest Line:59 ----------------> Started MvcTestControllerTest in 9.346 seconds (JVM running for 11.427)
2018-06-29 17:27:19.131 [main] INFO  o.s.b.test.mock.web.SpringBootMockServletContext Line:438 ----------------> Initializing Spring FrameworkServlet ''
2018-06-29 17:27:19.132 [main] INFO  o.s.test.web.servlet.TestDispatcherServlet Line:494 ----------------> FrameworkServlet '': initialization started
2018-06-29 17:27:19.136 [main] INFO  o.s.test.web.servlet.TestDispatcherServlet Line:509 ----------------> FrameworkServlet '': initialization completed in 4 ms
2018-06-29 17:27:19.212 [main] INFO  com.controller.UserController Line:63 ----------------> /mvc/func4/get
2018-06-29 17:27:19.283 [main] WARN  org.springframework.web.servlet.PageNotFound Line:255 ----------------> Request method 'GET' not supported
2018-06-29 17:27:19.306 [Thread-3] INFO  o.s.w.context.support.GenericWebApplicationContext Line:993 ----------------> Closing org.springframework.web.context.support.GenericWebApplicationContext@5a021cb9: startup date [Fri Jun 29 17:27:11 CST 2018]; root of context hierarchy
2018-06-29 17:28:27.076 [main] INFO  com.controller.MvcTestControllerTest Line:50 ----------------> Starting MvcTestControllerTest on lgj-Lenovo-G470 with PID 15545 (started by lgj in /home/lgj/aProject/SpringBootStudy/ch4)
2018-06-29 17:28:27.081 [main] INFO  com.controller.MvcTestControllerTest Line:659 ----------------> No active profile set, falling back to default profiles: default
2018-06-29 17:28:27.168 [main] INFO  o.s.w.context.support.GenericWebApplicationContext Line:590 ----------------> Refreshing org.springframework.web.context.support.GenericWebApplicationContext@5a021cb9: startup date [Fri Jun 29 17:28:27 CST 2018]; root of context hierarchy
2018-06-29 17:28:34.220 [main] INFO  o.s.web.servlet.handler.SimpleUrlHandlerMapping Line:373 ----------------> Mapped URL path [/**/favicon.ico] onto handler of type [class org.springframework.web.servlet.resource.ResourceHttpRequestHandler]
2018-06-29 17:28:34.579 [main] INFO  o.s.w.s.m.m.a.RequestMappingHandlerAdapter Line:574 ----------------> Looking for @ControllerAdvice: org.springframework.web.context.support.GenericWebApplicationContext@5a021cb9: startup date [Fri Jun 29 17:28:27 CST 2018]; root of context hierarchy
2018-06-29 17:28:34.730 [main] INFO  o.s.w.s.m.m.a.RequestMappingHandlerMapping Line:547 ----------------> Mapped "{[/mvc/func1]}" onto public java.lang.String com.controller.MvcTestController.func1()
2018-06-29 17:28:34.733 [main] INFO  o.s.w.s.m.m.a.RequestMappingHandlerMapping Line:547 ----------------> Mapped "{[/mvc/func2/{id}]}" onto public java.lang.String com.controller.MvcTestController.func2()
2018-06-29 17:28:34.734 [main] INFO  o.s.w.s.m.m.a.RequestMappingHandlerMapping Line:547 ----------------> Mapped "{[/mvc/func3/**]}" onto public java.lang.String com.controller.MvcTestController.func3()
2018-06-29 17:28:34.736 [main] INFO  o.s.w.s.m.m.a.RequestMappingHandlerMapping Line:547 ----------------> Mapped "{[/mvc/func4/get],methods=[GET]}" onto public java.lang.String com.controller.MvcTestController.func4()
2018-06-29 17:28:34.737 [main] INFO  o.s.w.s.m.m.a.RequestMappingHandlerMapping Line:547 ----------------> Mapped "{[/mvc/func5/post],methods=[POST]}" onto public java.lang.String com.controller.MvcTestController.func5()
2018-06-29 17:28:34.738 [main] INFO  o.s.w.s.m.m.a.RequestMappingHandlerMapping Line:547 ----------------> Mapped "{[/mvc/func6/delete],methods=[DELETE]}" onto public java.lang.String com.controller.MvcTestController.func6()
2018-06-29 17:28:34.739 [main] INFO  o.s.w.s.m.m.a.RequestMappingHandlerMapping Line:547 ----------------> Mapped "{[/mvc/func7/put],methods=[PUT]}" onto public java.lang.String com.controller.MvcTestController.func7()
2018-06-29 17:28:34.742 [main] INFO  o.s.w.s.m.m.a.RequestMappingHandlerMapping Line:547 ----------------> Mapped "{[/user/all]}" onto public java.util.List<com.dao.model.OsUser> com.controller.UserController.getUser()
2018-06-29 17:28:34.743 [main] INFO  o.s.w.s.m.m.a.RequestMappingHandlerMapping Line:547 ----------------> Mapped "{[/user/test]}" onto public void com.controller.UserController.test()
2018-06-29 17:28:34.750 [main] INFO  o.s.w.s.m.m.a.RequestMappingHandlerMapping Line:547 ----------------> Mapped "{[/error]}" onto public org.springframework.http.ResponseEntity<java.util.Map<java.lang.String, java.lang.Object>> org.springframework.boot.autoconfigure.web.servlet.error.BasicErrorController.error(javax.servlet.http.HttpServletRequest)
2018-06-29 17:28:34.752 [main] INFO  o.s.w.s.m.m.a.RequestMappingHandlerMapping Line:547 ----------------> Mapped "{[/error],produces=[text/html]}" onto public org.springframework.web.servlet.ModelAndView org.springframework.boot.autoconfigure.web.servlet.error.BasicErrorController.errorHtml(javax.servlet.http.HttpServletRequest,javax.servlet.http.HttpServletResponse)
2018-06-29 17:28:34.809 [main] INFO  o.s.web.servlet.handler.SimpleUrlHandlerMapping Line:373 ----------------> Mapped URL path [/webjars/**] onto handler of type [class org.springframework.web.servlet.resource.ResourceHttpRequestHandler]
2018-06-29 17:28:34.810 [main] INFO  o.s.web.servlet.handler.SimpleUrlHandlerMapping Line:373 ----------------> Mapped URL path [/**] onto handler of type [class org.springframework.web.servlet.resource.ResourceHttpRequestHandler]
2018-06-29 17:28:35.323 [main] INFO  o.s.b.test.mock.web.SpringBootMockServletContext Line:438 ----------------> Initializing Spring FrameworkServlet ''
2018-06-29 17:28:35.324 [main] INFO  o.s.test.web.servlet.TestDispatcherServlet Line:494 ----------------> FrameworkServlet '': initialization started
2018-06-29 17:28:35.345 [main] INFO  o.s.test.web.servlet.TestDispatcherServlet Line:509 ----------------> FrameworkServlet '': initialization completed in 21 ms
2018-06-29 17:28:35.433 [main] INFO  com.controller.MvcTestControllerTest Line:59 ----------------> Started MvcTestControllerTest in 10.076 seconds (JVM running for 13.554)
2018-06-29 17:28:35.604 [main] INFO  o.s.b.test.mock.web.SpringBootMockServletContext Line:438 ----------------> Initializing Spring FrameworkServlet ''
2018-06-29 17:28:35.605 [main] INFO  o.s.test.web.servlet.TestDispatcherServlet Line:494 ----------------> FrameworkServlet '': initialization started
2018-06-29 17:28:35.618 [main] INFO  o.s.test.web.servlet.TestDispatcherServlet Line:509 ----------------> FrameworkServlet '': initialization completed in 9 ms
2018-06-29 17:28:35.685 [main] INFO  com.controller.UserController Line:63 ----------------> /mvc/func4/get
2018-06-29 17:28:35.735 [main] INFO  com.controller.UserController Line:71 ----------------> /mvc/func5/post
2018-06-29 17:28:35.741 [main] INFO  com.controller.UserController Line:79 ----------------> /mvc/func6/delete
2018-06-29 17:28:35.746 [main] INFO  com.controller.UserController Line:87 ----------------> /mvc/func7/put
2018-06-29 17:28:35.762 [Thread-3] INFO  o.s.w.context.support.GenericWebApplicationContext Line:993 ----------------> Closing org.springframework.web.context.support.GenericWebApplicationContext@5a021cb9: startup date [Fri Jun 29 17:28:27 CST 2018]; root of context hierarchy
2018-06-29 17:44:43.913 [main] INFO  com.controller.MvcTestControllerTest Line:50 ----------------> Starting MvcTestControllerTest on lgj-Lenovo-G470 with PID 18699 (started by lgj in /home/lgj/aProject/SpringBootStudy/ch4)
2018-06-29 17:44:43.971 [main] INFO  com.controller.MvcTestControllerTest Line:659 ----------------> No active profile set, falling back to default profiles: default
2018-06-29 17:44:44.027 [main] INFO  o.s.w.context.support.GenericWebApplicationContext Line:590 ----------------> Refreshing org.springframework.web.context.support.GenericWebApplicationContext@35038141: startup date [Fri Jun 29 17:44:44 CST 2018]; root of context hierarchy
2018-06-29 17:44:49.633 [main] INFO  o.s.web.servlet.handler.SimpleUrlHandlerMapping Line:373 ----------------> Mapped URL path [/**/favicon.ico] onto handler of type [class org.springframework.web.servlet.resource.ResourceHttpRequestHandler]
2018-06-29 17:44:50.207 [main] INFO  o.s.w.s.m.m.a.RequestMappingHandlerAdapter Line:574 ----------------> Looking for @ControllerAdvice: org.springframework.web.context.support.GenericWebApplicationContext@35038141: startup date [Fri Jun 29 17:44:44 CST 2018]; root of context hierarchy
2018-06-29 17:44:50.517 [main] INFO  o.s.w.s.m.m.a.RequestMappingHandlerMapping Line:547 ----------------> Mapped "{[/mvc/func3/**]}" onto public java.lang.String com.controller.MvcTestController.func3()
2018-06-29 17:44:50.521 [main] INFO  o.s.w.s.m.m.a.RequestMappingHandlerMapping Line:547 ----------------> Mapped "{[/mvc/func4/get],methods=[GET]}" onto public java.lang.String com.controller.MvcTestController.func4()
2018-06-29 17:44:50.523 [main] INFO  o.s.w.s.m.m.a.RequestMappingHandlerMapping Line:547 ----------------> Mapped "{[/mvc/func5/post],methods=[POST]}" onto public java.lang.String com.controller.MvcTestController.func5()
2018-06-29 17:44:50.524 [main] INFO  o.s.w.s.m.m.a.RequestMappingHandlerMapping Line:547 ----------------> Mapped "{[/mvc/func6/delete],methods=[DELETE]}" onto public java.lang.String com.controller.MvcTestController.func6()
2018-06-29 17:44:50.525 [main] INFO  o.s.w.s.m.m.a.RequestMappingHandlerMapping Line:547 ----------------> Mapped "{[/mvc/func7/put],methods=[PUT]}" onto public java.lang.String com.controller.MvcTestController.func7()
2018-06-29 17:44:50.527 [main] INFO  o.s.w.s.m.m.a.RequestMappingHandlerMapping Line:547 ----------------> Mapped "{[/mvc/func8],consumes=[application/json]}" onto public java.lang.String com.controller.MvcTestController.func8()
2018-06-29 17:44:50.528 [main] INFO  o.s.w.s.m.m.a.RequestMappingHandlerMapping Line:547 ----------------> Mapped "{[/mvc/func9],produces=[application/json]}" onto public java.lang.String com.controller.MvcTestController.func9()
2018-06-29 17:44:50.529 [main] INFO  o.s.w.s.m.m.a.RequestMappingHandlerMapping Line:547 ----------------> Mapped "{[/mvc/func1]}" onto public java.lang.String com.controller.MvcTestController.func1()
2018-06-29 17:44:50.530 [main] INFO  o.s.w.s.m.m.a.RequestMappingHandlerMapping Line:547 ----------------> Mapped "{[/mvc/func2/{id}]}" onto public java.lang.String com.controller.MvcTestController.func2()
2018-06-29 17:44:50.533 [main] INFO  o.s.w.s.m.m.a.RequestMappingHandlerMapping Line:547 ----------------> Mapped "{[/user/all]}" onto public java.util.List<com.dao.model.OsUser> com.controller.UserController.getUser()
2018-06-29 17:44:50.534 [main] INFO  o.s.w.s.m.m.a.RequestMappingHandlerMapping Line:547 ----------------> Mapped "{[/user/test]}" onto public void com.controller.UserController.test()
2018-06-29 17:44:50.542 [main] INFO  o.s.w.s.m.m.a.RequestMappingHandlerMapping Line:547 ----------------> Mapped "{[/error]}" onto public org.springframework.http.ResponseEntity<java.util.Map<java.lang.String, java.lang.Object>> org.springframework.boot.autoconfigure.web.servlet.error.BasicErrorController.error(javax.servlet.http.HttpServletRequest)
2018-06-29 17:44:50.543 [main] INFO  o.s.w.s.m.m.a.RequestMappingHandlerMapping Line:547 ----------------> Mapped "{[/error],produces=[text/html]}" onto public org.springframework.web.servlet.ModelAndView org.springframework.boot.autoconfigure.web.servlet.error.BasicErrorController.errorHtml(javax.servlet.http.HttpServletRequest,javax.servlet.http.HttpServletResponse)
2018-06-29 17:44:50.639 [main] INFO  o.s.web.servlet.handler.SimpleUrlHandlerMapping Line:373 ----------------> Mapped URL path [/webjars/**] onto handler of type [class org.springframework.web.servlet.resource.ResourceHttpRequestHandler]
2018-06-29 17:44:50.640 [main] INFO  o.s.web.servlet.handler.SimpleUrlHandlerMapping Line:373 ----------------> Mapped URL path [/**] onto handler of type [class org.springframework.web.servlet.resource.ResourceHttpRequestHandler]
2018-06-29 17:44:51.365 [main] INFO  o.s.b.test.mock.web.SpringBootMockServletContext Line:438 ----------------> Initializing Spring FrameworkServlet ''
2018-06-29 17:44:51.366 [main] INFO  o.s.test.web.servlet.TestDispatcherServlet Line:494 ----------------> FrameworkServlet '': initialization started
2018-06-29 17:44:51.401 [main] INFO  o.s.test.web.servlet.TestDispatcherServlet Line:509 ----------------> FrameworkServlet '': initialization completed in 34 ms
2018-06-29 17:44:51.558 [main] INFO  com.controller.MvcTestControllerTest Line:59 ----------------> Started MvcTestControllerTest in 9.759 seconds (JVM running for 13.53)
2018-06-29 17:44:51.944 [main] INFO  o.s.b.test.mock.web.SpringBootMockServletContext Line:438 ----------------> Initializing Spring FrameworkServlet ''
2018-06-29 17:44:51.945 [main] INFO  o.s.test.web.servlet.TestDispatcherServlet Line:494 ----------------> FrameworkServlet '': initialization started
2018-06-29 17:44:51.950 [main] INFO  o.s.test.web.servlet.TestDispatcherServlet Line:509 ----------------> FrameworkServlet '': initialization completed in 5 ms
2018-06-29 17:44:52.039 [main] INFO  com.controller.UserController Line:95 ----------------> /mvc/func8
2018-06-29 17:44:52.172 [Thread-3] INFO  o.s.w.context.support.GenericWebApplicationContext Line:993 ----------------> Closing org.springframework.web.context.support.GenericWebApplicationContext@35038141: startup date [Fri Jun 29 17:44:44 CST 2018]; root of context hierarchy
2018-06-29 17:46:17.799 [main] INFO  com.controller.MvcTestControllerTest Line:50 ----------------> Starting MvcTestControllerTest on lgj-Lenovo-G470 with PID 18854 (started by lgj in /home/lgj/aProject/SpringBootStudy/ch4)
2018-06-29 17:46:17.803 [main] INFO  com.controller.MvcTestControllerTest Line:659 ----------------> No active profile set, falling back to default profiles: default
2018-06-29 17:46:17.880 [main] INFO  o.s.w.context.support.GenericWebApplicationContext Line:590 ----------------> Refreshing org.springframework.web.context.support.GenericWebApplicationContext@50305a: startup date [Fri Jun 29 17:46:17 CST 2018]; root of context hierarchy
2018-06-29 17:46:21.851 [main] INFO  o.s.web.servlet.handler.SimpleUrlHandlerMapping Line:373 ----------------> Mapped URL path [/**/favicon.ico] onto handler of type [class org.springframework.web.servlet.resource.ResourceHttpRequestHandler]
2018-06-29 17:46:22.252 [main] INFO  o.s.w.s.m.m.a.RequestMappingHandlerAdapter Line:574 ----------------> Looking for @ControllerAdvice: org.springframework.web.context.support.GenericWebApplicationContext@50305a: startup date [Fri Jun 29 17:46:17 CST 2018]; root of context hierarchy
2018-06-29 17:46:22.396 [main] INFO  o.s.w.s.m.m.a.RequestMappingHandlerMapping Line:547 ----------------> Mapped "{[/mvc/func1]}" onto public java.lang.String com.controller.MvcTestController.func1()
2018-06-29 17:46:22.399 [main] INFO  o.s.w.s.m.m.a.RequestMappingHandlerMapping Line:547 ----------------> Mapped "{[/mvc/func2/{id}]}" onto public java.lang.String com.controller.MvcTestController.func2()
2018-06-29 17:46:22.400 [main] INFO  o.s.w.s.m.m.a.RequestMappingHandlerMapping Line:547 ----------------> Mapped "{[/mvc/func3/**]}" onto public java.lang.String com.controller.MvcTestController.func3()
2018-06-29 17:46:22.401 [main] INFO  o.s.w.s.m.m.a.RequestMappingHandlerMapping Line:547 ----------------> Mapped "{[/mvc/func4/get],methods=[GET]}" onto public java.lang.String com.controller.MvcTestController.func4()
2018-06-29 17:46:22.402 [main] INFO  o.s.w.s.m.m.a.RequestMappingHandlerMapping Line:547 ----------------> Mapped "{[/mvc/func5/post],methods=[POST]}" onto public java.lang.String com.controller.MvcTestController.func5()
2018-06-29 17:46:22.403 [main] INFO  o.s.w.s.m.m.a.RequestMappingHandlerMapping Line:547 ----------------> Mapped "{[/mvc/func6/delete],methods=[DELETE]}" onto public java.lang.String com.controller.MvcTestController.func6()
2018-06-29 17:46:22.404 [main] INFO  o.s.w.s.m.m.a.RequestMappingHandlerMapping Line:547 ----------------> Mapped "{[/mvc/func7/put],methods=[PUT]}" onto public java.lang.String com.controller.MvcTestController.func7()
2018-06-29 17:46:22.406 [main] INFO  o.s.w.s.m.m.a.RequestMappingHandlerMapping Line:547 ----------------> Mapped "{[/mvc/func8],consumes=[application/json]}" onto public java.lang.String com.controller.MvcTestController.func8()
2018-06-29 17:46:22.407 [main] INFO  o.s.w.s.m.m.a.RequestMappingHandlerMapping Line:547 ----------------> Mapped "{[/mvc/func9],produces=[application/json]}" onto public java.lang.String com.controller.MvcTestController.func9()
2018-06-29 17:46:22.409 [main] INFO  o.s.w.s.m.m.a.RequestMappingHandlerMapping Line:547 ----------------> Mapped "{[/user/all]}" onto public java.util.List<com.dao.model.OsUser> com.controller.UserController.getUser()
2018-06-29 17:46:22.410 [main] INFO  o.s.w.s.m.m.a.RequestMappingHandlerMapping Line:547 ----------------> Mapped "{[/user/test]}" onto public void com.controller.UserController.test()
2018-06-29 17:46:22.415 [main] INFO  o.s.w.s.m.m.a.RequestMappingHandlerMapping Line:547 ----------------> Mapped "{[/error]}" onto public org.springframework.http.ResponseEntity<java.util.Map<java.lang.String, java.lang.Object>> org.springframework.boot.autoconfigure.web.servlet.error.BasicErrorController.error(javax.servlet.http.HttpServletRequest)
2018-06-29 17:46:22.416 [main] INFO  o.s.w.s.m.m.a.RequestMappingHandlerMapping Line:547 ----------------> Mapped "{[/error],produces=[text/html]}" onto public org.springframework.web.servlet.ModelAndView org.springframework.boot.autoconfigure.web.servlet.error.BasicErrorController.errorHtml(javax.servlet.http.HttpServletRequest,javax.servlet.http.HttpServletResponse)
2018-06-29 17:46:22.489 [main] INFO  o.s.web.servlet.handler.SimpleUrlHandlerMapping Line:373 ----------------> Mapped URL path [/webjars/**] onto handler of type [class org.springframework.web.servlet.resource.ResourceHttpRequestHandler]
2018-06-29 17:46:22.489 [main] INFO  o.s.web.servlet.handler.SimpleUrlHandlerMapping Line:373 ----------------> Mapped URL path [/**] onto handler of type [class org.springframework.web.servlet.resource.ResourceHttpRequestHandler]
2018-06-29 17:46:22.922 [main] INFO  o.s.b.test.mock.web.SpringBootMockServletContext Line:438 ----------------> Initializing Spring FrameworkServlet ''
2018-06-29 17:46:22.924 [main] INFO  o.s.test.web.servlet.TestDispatcherServlet Line:494 ----------------> FrameworkServlet '': initialization started
2018-06-29 17:46:22.946 [main] INFO  o.s.test.web.servlet.TestDispatcherServlet Line:509 ----------------> FrameworkServlet '': initialization completed in 21 ms
2018-06-29 17:46:23.010 [main] INFO  com.controller.MvcTestControllerTest Line:59 ----------------> Started MvcTestControllerTest in 6.585 seconds (JVM running for 9.185)
2018-06-29 17:46:23.125 [main] INFO  o.s.b.test.mock.web.SpringBootMockServletContext Line:438 ----------------> Initializing Spring FrameworkServlet ''
2018-06-29 17:46:23.126 [main] INFO  o.s.test.web.servlet.TestDispatcherServlet Line:494 ----------------> FrameworkServlet '': initialization started
2018-06-29 17:46:23.129 [main] INFO  o.s.test.web.servlet.TestDispatcherServlet Line:509 ----------------> FrameworkServlet '': initialization completed in 3 ms
2018-06-29 17:46:23.201 [main] INFO  com.controller.UserController Line:95 ----------------> /mvc/func8
2018-06-29 17:46:23.274 [Thread-3] INFO  o.s.w.context.support.GenericWebApplicationContext Line:993 ----------------> Closing org.springframework.web.context.support.GenericWebApplicationContext@50305a: startup date [Fri Jun 29 17:46:17 CST 2018]; root of context hierarchy
2018-06-29 17:49:46.446 [main] INFO  com.controller.MvcTestControllerTest Line:50 ----------------> Starting MvcTestControllerTest on lgj-Lenovo-G470 with PID 19614 (started by lgj in /home/lgj/aProject/SpringBootStudy/ch4)
2018-06-29 17:49:46.452 [main] INFO  com.controller.MvcTestControllerTest Line:659 ----------------> No active profile set, falling back to default profiles: default
2018-06-29 17:49:46.539 [main] INFO  o.s.w.context.support.GenericWebApplicationContext Line:590 ----------------> Refreshing org.springframework.web.context.support.GenericWebApplicationContext@35038141: startup date [Fri Jun 29 17:49:46 CST 2018]; root of context hierarchy
2018-06-29 17:49:51.732 [main] INFO  o.s.web.servlet.handler.SimpleUrlHandlerMapping Line:373 ----------------> Mapped URL path [/**/favicon.ico] onto handler of type [class org.springframework.web.servlet.resource.ResourceHttpRequestHandler]
2018-06-29 17:49:52.210 [main] INFO  o.s.w.s.m.m.a.RequestMappingHandlerAdapter Line:574 ----------------> Looking for @ControllerAdvice: org.springframework.web.context.support.GenericWebApplicationContext@35038141: startup date [Fri Jun 29 17:49:46 CST 2018]; root of context hierarchy
2018-06-29 17:49:52.350 [main] INFO  o.s.w.s.m.m.a.RequestMappingHandlerMapping Line:547 ----------------> Mapped "{[/mvc/func3/**]}" onto public java.lang.String com.controller.MvcTestController.func3()
2018-06-29 17:49:52.354 [main] INFO  o.s.w.s.m.m.a.RequestMappingHandlerMapping Line:547 ----------------> Mapped "{[/mvc/func4/get],methods=[GET]}" onto public java.lang.String com.controller.MvcTestController.func4()
2018-06-29 17:49:52.355 [main] INFO  o.s.w.s.m.m.a.RequestMappingHandlerMapping Line:547 ----------------> Mapped "{[/mvc/func5/post],methods=[POST]}" onto public java.lang.String com.controller.MvcTestController.func5()
2018-06-29 17:49:52.356 [main] INFO  o.s.w.s.m.m.a.RequestMappingHandlerMapping Line:547 ----------------> Mapped "{[/mvc/func6/delete],methods=[DELETE]}" onto public java.lang.String com.controller.MvcTestController.func6()
2018-06-29 17:49:52.357 [main] INFO  o.s.w.s.m.m.a.RequestMappingHandlerMapping Line:547 ----------------> Mapped "{[/mvc/func7/put],methods=[PUT]}" onto public java.lang.String com.controller.MvcTestController.func7()
2018-06-29 17:49:52.359 [main] INFO  o.s.w.s.m.m.a.RequestMappingHandlerMapping Line:547 ----------------> Mapped "{[/mvc/func8],consumes=[application/json]}" onto public java.lang.String com.controller.MvcTestController.func8()
2018-06-29 17:49:52.360 [main] INFO  o.s.w.s.m.m.a.RequestMappingHandlerMapping Line:547 ----------------> Mapped "{[/mvc/func9],produces=[application/json]}" onto public java.lang.String com.controller.MvcTestController.func9()
2018-06-29 17:49:52.361 [main] INFO  o.s.w.s.m.m.a.RequestMappingHandlerMapping Line:547 ----------------> Mapped "{[/mvc/func2/{id}]}" onto public java.lang.String com.controller.MvcTestController.func2()
2018-06-29 17:49:52.362 [main] INFO  o.s.w.s.m.m.a.RequestMappingHandlerMapping Line:547 ----------------> Mapped "{[/mvc/func1]}" onto public java.lang.String com.controller.MvcTestController.func1()
2018-06-29 17:49:52.364 [main] INFO  o.s.w.s.m.m.a.RequestMappingHandlerMapping Line:547 ----------------> Mapped "{[/user/all]}" onto public java.util.List<com.dao.model.OsUser> com.controller.UserController.getUser()
2018-06-29 17:49:52.365 [main] INFO  o.s.w.s.m.m.a.RequestMappingHandlerMapping Line:547 ----------------> Mapped "{[/user/test]}" onto public void com.controller.UserController.test()
2018-06-29 17:49:52.371 [main] INFO  o.s.w.s.m.m.a.RequestMappingHandlerMapping Line:547 ----------------> Mapped "{[/error]}" onto public org.springframework.http.ResponseEntity<java.util.Map<java.lang.String, java.lang.Object>> org.springframework.boot.autoconfigure.web.servlet.error.BasicErrorController.error(javax.servlet.http.HttpServletRequest)
2018-06-29 17:49:52.373 [main] INFO  o.s.w.s.m.m.a.RequestMappingHandlerMapping Line:547 ----------------> Mapped "{[/error],produces=[text/html]}" onto public org.springframework.web.servlet.ModelAndView org.springframework.boot.autoconfigure.web.servlet.error.BasicErrorController.errorHtml(javax.servlet.http.HttpServletRequest,javax.servlet.http.HttpServletResponse)
2018-06-29 17:49:52.426 [main] INFO  o.s.web.servlet.handler.SimpleUrlHandlerMapping Line:373 ----------------> Mapped URL path [/webjars/**] onto handler of type [class org.springframework.web.servlet.resource.ResourceHttpRequestHandler]
2018-06-29 17:49:52.426 [main] INFO  o.s.web.servlet.handler.SimpleUrlHandlerMapping Line:373 ----------------> Mapped URL path [/**] onto handler of type [class org.springframework.web.servlet.resource.ResourceHttpRequestHandler]
2018-06-29 17:49:52.946 [main] INFO  o.s.b.test.mock.web.SpringBootMockServletContext Line:438 ----------------> Initializing Spring FrameworkServlet ''
2018-06-29 17:49:52.947 [main] INFO  o.s.test.web.servlet.TestDispatcherServlet Line:494 ----------------> FrameworkServlet '': initialization started
2018-06-29 17:49:52.972 [main] INFO  o.s.test.web.servlet.TestDispatcherServlet Line:509 ----------------> FrameworkServlet '': initialization completed in 25 ms
2018-06-29 17:49:53.061 [main] INFO  com.controller.MvcTestControllerTest Line:59 ----------------> Started MvcTestControllerTest in 8.553 seconds (JVM running for 10.856)
2018-06-29 17:49:53.227 [main] INFO  o.s.b.test.mock.web.SpringBootMockServletContext Line:438 ----------------> Initializing Spring FrameworkServlet ''
2018-06-29 17:49:53.228 [main] INFO  o.s.test.web.servlet.TestDispatcherServlet Line:494 ----------------> FrameworkServlet '': initialization started
2018-06-29 17:49:53.235 [main] INFO  o.s.test.web.servlet.TestDispatcherServlet Line:509 ----------------> FrameworkServlet '': initialization completed in 5 ms
2018-06-29 17:49:53.302 [main] INFO  com.controller.UserController Line:95 ----------------> /mvc/func8
2018-06-29 17:49:53.355 [Thread-3] INFO  o.s.w.context.support.GenericWebApplicationContext Line:993 ----------------> Closing org.springframework.web.context.support.GenericWebApplicationContext@35038141: startup date [Fri Jun 29 17:49:46 CST 2018]; root of context hierarchy
2018-06-29 17:50:12.100 [main] INFO  com.controller.MvcTestControllerTest Line:50 ----------------> Starting MvcTestControllerTest on lgj-Lenovo-G470 with PID 19808 (started by lgj in /home/lgj/aProject/SpringBootStudy/ch4)
2018-06-29 17:50:12.105 [main] INFO  com.controller.MvcTestControllerTest Line:659 ----------------> No active profile set, falling back to default profiles: default
2018-06-29 17:50:12.152 [main] INFO  o.s.w.context.support.GenericWebApplicationContext Line:590 ----------------> Refreshing org.springframework.web.context.support.GenericWebApplicationContext@35038141: startup date [Fri Jun 29 17:50:12 CST 2018]; root of context hierarchy
2018-06-29 17:50:16.453 [main] INFO  o.s.web.servlet.handler.SimpleUrlHandlerMapping Line:373 ----------------> Mapped URL path [/**/favicon.ico] onto handler of type [class org.springframework.web.servlet.resource.ResourceHttpRequestHandler]
2018-06-29 17:50:16.877 [main] INFO  o.s.w.s.m.m.a.RequestMappingHandlerAdapter Line:574 ----------------> Looking for @ControllerAdvice: org.springframework.web.context.support.GenericWebApplicationContext@35038141: startup date [Fri Jun 29 17:50:12 CST 2018]; root of context hierarchy
2018-06-29 17:50:17.035 [main] INFO  o.s.w.s.m.m.a.RequestMappingHandlerMapping Line:547 ----------------> Mapped "{[/mvc/func1]}" onto public java.lang.String com.controller.MvcTestController.func1()
2018-06-29 17:50:17.037 [main] INFO  o.s.w.s.m.m.a.RequestMappingHandlerMapping Line:547 ----------------> Mapped "{[/mvc/func2/{id}]}" onto public java.lang.String com.controller.MvcTestController.func2()
2018-06-29 17:50:17.038 [main] INFO  o.s.w.s.m.m.a.RequestMappingHandlerMapping Line:547 ----------------> Mapped "{[/mvc/func3/**]}" onto public java.lang.String com.controller.MvcTestController.func3()
2018-06-29 17:50:17.039 [main] INFO  o.s.w.s.m.m.a.RequestMappingHandlerMapping Line:547 ----------------> Mapped "{[/mvc/func4/get],methods=[GET]}" onto public java.lang.String com.controller.MvcTestController.func4()
2018-06-29 17:50:17.041 [main] INFO  o.s.w.s.m.m.a.RequestMappingHandlerMapping Line:547 ----------------> Mapped "{[/mvc/func5/post],methods=[POST]}" onto public java.lang.String com.controller.MvcTestController.func5()
2018-06-29 17:50:17.042 [main] INFO  o.s.w.s.m.m.a.RequestMappingHandlerMapping Line:547 ----------------> Mapped "{[/mvc/func6/delete],methods=[DELETE]}" onto public java.lang.String com.controller.MvcTestController.func6()
2018-06-29 17:50:17.043 [main] INFO  o.s.w.s.m.m.a.RequestMappingHandlerMapping Line:547 ----------------> Mapped "{[/mvc/func7/put],methods=[PUT]}" onto public java.lang.String com.controller.MvcTestController.func7()
2018-06-29 17:50:17.045 [main] INFO  o.s.w.s.m.m.a.RequestMappingHandlerMapping Line:547 ----------------> Mapped "{[/mvc/func8],consumes=[application/json]}" onto public java.lang.String com.controller.MvcTestController.func8()
2018-06-29 17:50:17.047 [main] INFO  o.s.w.s.m.m.a.RequestMappingHandlerMapping Line:547 ----------------> Mapped "{[/mvc/func9],produces=[application/json]}" onto public java.lang.String com.controller.MvcTestController.func9()
2018-06-29 17:50:17.049 [main] INFO  o.s.w.s.m.m.a.RequestMappingHandlerMapping Line:547 ----------------> Mapped "{[/user/all]}" onto public java.util.List<com.dao.model.OsUser> com.controller.UserController.getUser()
2018-06-29 17:50:17.050 [main] INFO  o.s.w.s.m.m.a.RequestMappingHandlerMapping Line:547 ----------------> Mapped "{[/user/test]}" onto public void com.controller.UserController.test()
2018-06-29 17:50:17.056 [main] INFO  o.s.w.s.m.m.a.RequestMappingHandlerMapping Line:547 ----------------> Mapped "{[/error]}" onto public org.springframework.http.ResponseEntity<java.util.Map<java.lang.String, java.lang.Object>> org.springframework.boot.autoconfigure.web.servlet.error.BasicErrorController.error(javax.servlet.http.HttpServletRequest)
2018-06-29 17:50:17.058 [main] INFO  o.s.w.s.m.m.a.RequestMappingHandlerMapping Line:547 ----------------> Mapped "{[/error],produces=[text/html]}" onto public org.springframework.web.servlet.ModelAndView org.springframework.boot.autoconfigure.web.servlet.error.BasicErrorController.errorHtml(javax.servlet.http.HttpServletRequest,javax.servlet.http.HttpServletResponse)
2018-06-29 17:50:17.144 [main] INFO  o.s.web.servlet.handler.SimpleUrlHandlerMapping Line:373 ----------------> Mapped URL path [/webjars/**] onto handler of type [class org.springframework.web.servlet.resource.ResourceHttpRequestHandler]
2018-06-29 17:50:17.145 [main] INFO  o.s.web.servlet.handler.SimpleUrlHandlerMapping Line:373 ----------------> Mapped URL path [/**] onto handler of type [class org.springframework.web.servlet.resource.ResourceHttpRequestHandler]
2018-06-29 17:50:17.670 [main] INFO  o.s.b.test.mock.web.SpringBootMockServletContext Line:438 ----------------> Initializing Spring FrameworkServlet ''
2018-06-29 17:50:17.676 [main] INFO  o.s.test.web.servlet.TestDispatcherServlet Line:494 ----------------> FrameworkServlet '': initialization started
2018-06-29 17:50:17.702 [main] INFO  o.s.test.web.servlet.TestDispatcherServlet Line:509 ----------------> FrameworkServlet '': initialization completed in 24 ms
2018-06-29 17:50:17.796 [main] INFO  com.controller.MvcTestControllerTest Line:59 ----------------> Started MvcTestControllerTest in 7.201 seconds (JVM running for 9.713)
2018-06-29 17:50:17.982 [main] INFO  o.s.b.test.mock.web.SpringBootMockServletContext Line:438 ----------------> Initializing Spring FrameworkServlet ''
2018-06-29 17:50:17.983 [main] INFO  o.s.test.web.servlet.TestDispatcherServlet Line:494 ----------------> FrameworkServlet '': initialization started
2018-06-29 17:50:17.989 [main] INFO  o.s.test.web.servlet.TestDispatcherServlet Line:509 ----------------> FrameworkServlet '': initialization completed in 5 ms
2018-06-29 17:50:18.058 [main] INFO  com.controller.UserController Line:95 ----------------> /mvc/func8
2018-06-29 17:50:18.112 [Thread-3] INFO  o.s.w.context.support.GenericWebApplicationContext Line:993 ----------------> Closing org.springframework.web.context.support.GenericWebApplicationContext@35038141: startup date [Fri Jun 29 17:50:12 CST 2018]; root of context hierarchy
2018-06-29 17:51:01.531 [main] INFO  com.controller.MvcTestControllerTest Line:50 ----------------> Starting MvcTestControllerTest on lgj-Lenovo-G470 with PID 20072 (started by lgj in /home/lgj/aProject/SpringBootStudy/ch4)
2018-06-29 17:51:01.540 [main] INFO  com.controller.MvcTestControllerTest Line:659 ----------------> No active profile set, falling back to default profiles: default
2018-06-29 17:51:01.640 [main] INFO  o.s.w.context.support.GenericWebApplicationContext Line:590 ----------------> Refreshing org.springframework.web.context.support.GenericWebApplicationContext@672f11c2: startup date [Fri Jun 29 17:51:01 CST 2018]; root of context hierarchy
2018-06-29 17:51:06.036 [main] INFO  o.s.web.servlet.handler.SimpleUrlHandlerMapping Line:373 ----------------> Mapped URL path [/**/favicon.ico] onto handler of type [class org.springframework.web.servlet.resource.ResourceHttpRequestHandler]
2018-06-29 17:51:06.421 [main] INFO  o.s.w.s.m.m.a.RequestMappingHandlerAdapter Line:574 ----------------> Looking for @ControllerAdvice: org.springframework.web.context.support.GenericWebApplicationContext@672f11c2: startup date [Fri Jun 29 17:51:01 CST 2018]; root of context hierarchy
2018-06-29 17:51:06.538 [main] INFO  o.s.w.s.m.m.a.RequestMappingHandlerMapping Line:547 ----------------> Mapped "{[/mvc/func1]}" onto public java.lang.String com.controller.MvcTestController.func1()
2018-06-29 17:51:06.540 [main] INFO  o.s.w.s.m.m.a.RequestMappingHandlerMapping Line:547 ----------------> Mapped "{[/mvc/func2/{id}]}" onto public java.lang.String com.controller.MvcTestController.func2()
2018-06-29 17:51:06.541 [main] INFO  o.s.w.s.m.m.a.RequestMappingHandlerMapping Line:547 ----------------> Mapped "{[/mvc/func3/**]}" onto public java.lang.String com.controller.MvcTestController.func3()
2018-06-29 17:51:06.542 [main] INFO  o.s.w.s.m.m.a.RequestMappingHandlerMapping Line:547 ----------------> Mapped "{[/mvc/func4/get],methods=[GET]}" onto public java.lang.String com.controller.MvcTestController.func4()
2018-06-29 17:51:06.543 [main] INFO  o.s.w.s.m.m.a.RequestMappingHandlerMapping Line:547 ----------------> Mapped "{[/mvc/func5/post],methods=[POST]}" onto public java.lang.String com.controller.MvcTestController.func5()
2018-06-29 17:51:06.544 [main] INFO  o.s.w.s.m.m.a.RequestMappingHandlerMapping Line:547 ----------------> Mapped "{[/mvc/func6/delete],methods=[DELETE]}" onto public java.lang.String com.controller.MvcTestController.func6()
2018-06-29 17:51:06.545 [main] INFO  o.s.w.s.m.m.a.RequestMappingHandlerMapping Line:547 ----------------> Mapped "{[/mvc/func7/put],methods=[PUT]}" onto public java.lang.String com.controller.MvcTestController.func7()
2018-06-29 17:51:06.547 [main] INFO  o.s.w.s.m.m.a.RequestMappingHandlerMapping Line:547 ----------------> Mapped "{[/mvc/func8],consumes=[application/json]}" onto public java.lang.String com.controller.MvcTestController.func8()
2018-06-29 17:51:06.548 [main] INFO  o.s.w.s.m.m.a.RequestMappingHandlerMapping Line:547 ----------------> Mapped "{[/mvc/func9],produces=[application/json]}" onto public java.lang.String com.controller.MvcTestController.func9()
2018-06-29 17:51:06.550 [main] INFO  o.s.w.s.m.m.a.RequestMappingHandlerMapping Line:547 ----------------> Mapped "{[/user/all]}" onto public java.util.List<com.dao.model.OsUser> com.controller.UserController.getUser()
2018-06-29 17:51:06.551 [main] INFO  o.s.w.s.m.m.a.RequestMappingHandlerMapping Line:547 ----------------> Mapped "{[/user/test]}" onto public void com.controller.UserController.test()
2018-06-29 17:51:06.557 [main] INFO  o.s.w.s.m.m.a.RequestMappingHandlerMapping Line:547 ----------------> Mapped "{[/error]}" onto public org.springframework.http.ResponseEntity<java.util.Map<java.lang.String, java.lang.Object>> org.springframework.boot.autoconfigure.web.servlet.error.BasicErrorController.error(javax.servlet.http.HttpServletRequest)
2018-06-29 17:51:06.558 [main] INFO  o.s.w.s.m.m.a.RequestMappingHandlerMapping Line:547 ----------------> Mapped "{[/error],produces=[text/html]}" onto public org.springframework.web.servlet.ModelAndView org.springframework.boot.autoconfigure.web.servlet.error.BasicErrorController.errorHtml(javax.servlet.http.HttpServletRequest,javax.servlet.http.HttpServletResponse)
2018-06-29 17:51:06.612 [main] INFO  o.s.web.servlet.handler.SimpleUrlHandlerMapping Line:373 ----------------> Mapped URL path [/webjars/**] onto handler of type [class org.springframework.web.servlet.resource.ResourceHttpRequestHandler]
2018-06-29 17:51:06.612 [main] INFO  o.s.web.servlet.handler.SimpleUrlHandlerMapping Line:373 ----------------> Mapped URL path [/**] onto handler of type [class org.springframework.web.servlet.resource.ResourceHttpRequestHandler]
2018-06-29 17:51:07.032 [main] INFO  o.s.b.test.mock.web.SpringBootMockServletContext Line:438 ----------------> Initializing Spring FrameworkServlet ''
2018-06-29 17:51:07.033 [main] INFO  o.s.test.web.servlet.TestDispatcherServlet Line:494 ----------------> FrameworkServlet '': initialization started
2018-06-29 17:51:07.053 [main] INFO  o.s.test.web.servlet.TestDispatcherServlet Line:509 ----------------> FrameworkServlet '': initialization completed in 19 ms
2018-06-29 17:51:07.123 [main] INFO  com.controller.MvcTestControllerTest Line:59 ----------------> Started MvcTestControllerTest in 7.122 seconds (JVM running for 9.395)
2018-06-29 17:51:07.242 [main] INFO  o.s.b.test.mock.web.SpringBootMockServletContext Line:438 ----------------> Initializing Spring FrameworkServlet ''
2018-06-29 17:51:07.242 [main] INFO  o.s.test.web.servlet.TestDispatcherServlet Line:494 ----------------> FrameworkServlet '': initialization started
2018-06-29 17:51:07.248 [main] INFO  o.s.test.web.servlet.TestDispatcherServlet Line:509 ----------------> FrameworkServlet '': initialization completed in 5 ms
2018-06-29 17:51:07.316 [main] INFO  com.controller.UserController Line:95 ----------------> /mvc/func8
2018-06-29 17:51:07.354 [Thread-3] INFO  o.s.w.context.support.GenericWebApplicationContext Line:993 ----------------> Closing org.springframework.web.context.support.GenericWebApplicationContext@672f11c2: startup date [Fri Jun 29 17:51:01 CST 2018]; root of context hierarchy
2018-06-29 17:51:32.966 [main] INFO  com.controller.MvcTestControllerTest Line:50 ----------------> Starting MvcTestControllerTest on lgj-Lenovo-G470 with PID 20240 (started by lgj in /home/lgj/aProject/SpringBootStudy/ch4)
2018-06-29 17:51:32.971 [main] INFO  com.controller.MvcTestControllerTest Line:659 ----------------> No active profile set, falling back to default profiles: default
2018-06-29 17:51:33.042 [main] INFO  o.s.w.context.support.GenericWebApplicationContext Line:590 ----------------> Refreshing org.springframework.web.context.support.GenericWebApplicationContext@35038141: startup date [Fri Jun 29 17:51:33 CST 2018]; root of context hierarchy
2018-06-29 17:51:38.203 [main] INFO  o.s.web.servlet.handler.SimpleUrlHandlerMapping Line:373 ----------------> Mapped URL path [/**/favicon.ico] onto handler of type [class org.springframework.web.servlet.resource.ResourceHttpRequestHandler]
2018-06-29 17:51:38.638 [main] INFO  o.s.w.s.m.m.a.RequestMappingHandlerAdapter Line:574 ----------------> Looking for @ControllerAdvice: org.springframework.web.context.support.GenericWebApplicationContext@35038141: startup date [Fri Jun 29 17:51:33 CST 2018]; root of context hierarchy
2018-06-29 17:51:38.799 [main] INFO  o.s.w.s.m.m.a.RequestMappingHandlerMapping Line:547 ----------------> Mapped "{[/mvc/func1]}" onto public java.lang.String com.controller.MvcTestController.func1()
2018-06-29 17:51:38.801 [main] INFO  o.s.w.s.m.m.a.RequestMappingHandlerMapping Line:547 ----------------> Mapped "{[/mvc/func2/{id}]}" onto public java.lang.String com.controller.MvcTestController.func2()
2018-06-29 17:51:38.803 [main] INFO  o.s.w.s.m.m.a.RequestMappingHandlerMapping Line:547 ----------------> Mapped "{[/mvc/func3/**]}" onto public java.lang.String com.controller.MvcTestController.func3()
2018-06-29 17:51:38.804 [main] INFO  o.s.w.s.m.m.a.RequestMappingHandlerMapping Line:547 ----------------> Mapped "{[/mvc/func4/get],methods=[GET]}" onto public java.lang.String com.controller.MvcTestController.func4()
2018-06-29 17:51:38.805 [main] INFO  o.s.w.s.m.m.a.RequestMappingHandlerMapping Line:547 ----------------> Mapped "{[/mvc/func5/post],methods=[POST]}" onto public java.lang.String com.controller.MvcTestController.func5()
2018-06-29 17:51:38.806 [main] INFO  o.s.w.s.m.m.a.RequestMappingHandlerMapping Line:547 ----------------> Mapped "{[/mvc/func6/delete],methods=[DELETE]}" onto public java.lang.String com.controller.MvcTestController.func6()
2018-06-29 17:51:38.807 [main] INFO  o.s.w.s.m.m.a.RequestMappingHandlerMapping Line:547 ----------------> Mapped "{[/mvc/func7/put],methods=[PUT]}" onto public java.lang.String com.controller.MvcTestController.func7()
2018-06-29 17:51:38.810 [main] INFO  o.s.w.s.m.m.a.RequestMappingHandlerMapping Line:547 ----------------> Mapped "{[/mvc/func8],consumes=[application/json]}" onto public java.lang.String com.controller.MvcTestController.func8()
2018-06-29 17:51:38.811 [main] INFO  o.s.w.s.m.m.a.RequestMappingHandlerMapping Line:547 ----------------> Mapped "{[/mvc/func9],produces=[application/json]}" onto public java.lang.String com.controller.MvcTestController.func9()
2018-06-29 17:51:38.814 [main] INFO  o.s.w.s.m.m.a.RequestMappingHandlerMapping Line:547 ----------------> Mapped "{[/user/all]}" onto public java.util.List<com.dao.model.OsUser> com.controller.UserController.getUser()
2018-06-29 17:51:38.815 [main] INFO  o.s.w.s.m.m.a.RequestMappingHandlerMapping Line:547 ----------------> Mapped "{[/user/test]}" onto public void com.controller.UserController.test()
2018-06-29 17:51:38.821 [main] INFO  o.s.w.s.m.m.a.RequestMappingHandlerMapping Line:547 ----------------> Mapped "{[/error]}" onto public org.springframework.http.ResponseEntity<java.util.Map<java.lang.String, java.lang.Object>> org.springframework.boot.autoconfigure.web.servlet.error.BasicErrorController.error(javax.servlet.http.HttpServletRequest)
2018-06-29 17:51:38.822 [main] INFO  o.s.w.s.m.m.a.RequestMappingHandlerMapping Line:547 ----------------> Mapped "{[/error],produces=[text/html]}" onto public org.springframework.web.servlet.ModelAndView org.springframework.boot.autoconfigure.web.servlet.error.BasicErrorController.errorHtml(javax.servlet.http.HttpServletRequest,javax.servlet.http.HttpServletResponse)
2018-06-29 17:51:38.881 [main] INFO  o.s.web.servlet.handler.SimpleUrlHandlerMapping Line:373 ----------------> Mapped URL path [/webjars/**] onto handler of type [class org.springframework.web.servlet.resource.ResourceHttpRequestHandler]
2018-06-29 17:51:38.883 [main] INFO  o.s.web.servlet.handler.SimpleUrlHandlerMapping Line:373 ----------------> Mapped URL path [/**] onto handler of type [class org.springframework.web.servlet.resource.ResourceHttpRequestHandler]
2018-06-29 17:51:39.333 [main] INFO  o.s.b.test.mock.web.SpringBootMockServletContext Line:438 ----------------> Initializing Spring FrameworkServlet ''
2018-06-29 17:51:39.333 [main] INFO  o.s.test.web.servlet.TestDispatcherServlet Line:494 ----------------> FrameworkServlet '': initialization started
2018-06-29 17:51:39.352 [main] INFO  o.s.test.web.servlet.TestDispatcherServlet Line:509 ----------------> FrameworkServlet '': initialization completed in 18 ms
2018-06-29 17:51:39.415 [main] INFO  com.controller.MvcTestControllerTest Line:59 ----------------> Started MvcTestControllerTest in 8.041 seconds (JVM running for 10.273)
2018-06-29 17:51:39.540 [main] INFO  o.s.b.test.mock.web.SpringBootMockServletContext Line:438 ----------------> Initializing Spring FrameworkServlet ''
2018-06-29 17:51:39.541 [main] INFO  o.s.test.web.servlet.TestDispatcherServlet Line:494 ----------------> FrameworkServlet '': initialization started
2018-06-29 17:51:39.545 [main] INFO  o.s.test.web.servlet.TestDispatcherServlet Line:509 ----------------> FrameworkServlet '': initialization completed in 4 ms
2018-06-29 17:51:39.609 [main] INFO  com.controller.UserController Line:95 ----------------> /mvc/func8
2018-06-29 17:51:39.666 [Thread-3] INFO  o.s.w.context.support.GenericWebApplicationContext Line:993 ----------------> Closing org.springframework.web.context.support.GenericWebApplicationContext@35038141: startup date [Fri Jun 29 17:51:33 CST 2018]; root of context hierarchy
2018-06-29 17:52:18.291 [main] INFO  com.controller.MvcTestControllerTest Line:50 ----------------> Starting MvcTestControllerTest on lgj-Lenovo-G470 with PID 20471 (started by lgj in /home/lgj/aProject/SpringBootStudy/ch4)
2018-06-29 17:52:18.300 [main] INFO  com.controller.MvcTestControllerTest Line:659 ----------------> No active profile set, falling back to default profiles: default
2018-06-29 17:52:18.370 [main] INFO  o.s.w.context.support.GenericWebApplicationContext Line:590 ----------------> Refreshing org.springframework.web.context.support.GenericWebApplicationContext@b93aad: startup date [Fri Jun 29 17:52:18 CST 2018]; root of context hierarchy
2018-06-29 17:52:23.115 [main] INFO  o.s.web.servlet.handler.SimpleUrlHandlerMapping Line:373 ----------------> Mapped URL path [/**/favicon.ico] onto handler of type [class org.springframework.web.servlet.resource.ResourceHttpRequestHandler]
2018-06-29 17:52:23.905 [main] INFO  o.s.w.s.m.m.a.RequestMappingHandlerAdapter Line:574 ----------------> Looking for @ControllerAdvice: org.springframework.web.context.support.GenericWebApplicationContext@b93aad: startup date [Fri Jun 29 17:52:18 CST 2018]; root of context hierarchy
2018-06-29 17:52:24.078 [main] INFO  o.s.w.s.m.m.a.RequestMappingHandlerMapping Line:547 ----------------> Mapped "{[/mvc/func1]}" onto public java.lang.String com.controller.MvcTestController.func1()
2018-06-29 17:52:24.081 [main] INFO  o.s.w.s.m.m.a.RequestMappingHandlerMapping Line:547 ----------------> Mapped "{[/mvc/func2/{id}]}" onto public java.lang.String com.controller.MvcTestController.func2()
2018-06-29 17:52:24.082 [main] INFO  o.s.w.s.m.m.a.RequestMappingHandlerMapping Line:547 ----------------> Mapped "{[/mvc/func3/**]}" onto public java.lang.String com.controller.MvcTestController.func3()
2018-06-29 17:52:24.084 [main] INFO  o.s.w.s.m.m.a.RequestMappingHandlerMapping Line:547 ----------------> Mapped "{[/mvc/func4/get],methods=[GET]}" onto public java.lang.String com.controller.MvcTestController.func4()
2018-06-29 17:52:24.086 [main] INFO  o.s.w.s.m.m.a.RequestMappingHandlerMapping Line:547 ----------------> Mapped "{[/mvc/func5/post],methods=[POST]}" onto public java.lang.String com.controller.MvcTestController.func5()
2018-06-29 17:52:24.088 [main] INFO  o.s.w.s.m.m.a.RequestMappingHandlerMapping Line:547 ----------------> Mapped "{[/mvc/func6/delete],methods=[DELETE]}" onto public java.lang.String com.controller.MvcTestController.func6()
2018-06-29 17:52:24.089 [main] INFO  o.s.w.s.m.m.a.RequestMappingHandlerMapping Line:547 ----------------> Mapped "{[/mvc/func7/put],methods=[PUT]}" onto public java.lang.String com.controller.MvcTestController.func7()
2018-06-29 17:52:24.092 [main] INFO  o.s.w.s.m.m.a.RequestMappingHandlerMapping Line:547 ----------------> Mapped "{[/mvc/func8],consumes=[application/json]}" onto public java.lang.String com.controller.MvcTestController.func8()
2018-06-29 17:52:24.095 [main] INFO  o.s.w.s.m.m.a.RequestMappingHandlerMapping Line:547 ----------------> Mapped "{[/mvc/func9],produces=[application/json]}" onto public java.lang.String com.controller.MvcTestController.func9()
2018-06-29 17:52:24.102 [main] INFO  o.s.w.s.m.m.a.RequestMappingHandlerMapping Line:547 ----------------> Mapped "{[/user/all]}" onto public java.util.List<com.dao.model.OsUser> com.controller.UserController.getUser()
2018-06-29 17:52:24.104 [main] INFO  o.s.w.s.m.m.a.RequestMappingHandlerMapping Line:547 ----------------> Mapped "{[/user/test]}" onto public void com.controller.UserController.test()
2018-06-29 17:52:24.114 [main] INFO  o.s.w.s.m.m.a.RequestMappingHandlerMapping Line:547 ----------------> Mapped "{[/error]}" onto public org.springframework.http.ResponseEntity<java.util.Map<java.lang.String, java.lang.Object>> org.springframework.boot.autoconfigure.web.servlet.error.BasicErrorController.error(javax.servlet.http.HttpServletRequest)
2018-06-29 17:52:24.128 [main] INFO  o.s.w.s.m.m.a.RequestMappingHandlerMapping Line:547 ----------------> Mapped "{[/error],produces=[text/html]}" onto public org.springframework.web.servlet.ModelAndView org.springframework.boot.autoconfigure.web.servlet.error.BasicErrorController.errorHtml(javax.servlet.http.HttpServletRequest,javax.servlet.http.HttpServletResponse)
2018-06-29 17:52:24.223 [main] INFO  o.s.web.servlet.handler.SimpleUrlHandlerMapping Line:373 ----------------> Mapped URL path [/webjars/**] onto handler of type [class org.springframework.web.servlet.resource.ResourceHttpRequestHandler]
2018-06-29 17:52:24.224 [main] INFO  o.s.web.servlet.handler.SimpleUrlHandlerMapping Line:373 ----------------> Mapped URL path [/**] onto handler of type [class org.springframework.web.servlet.resource.ResourceHttpRequestHandler]
2018-06-29 17:52:24.788 [main] INFO  o.s.b.test.mock.web.SpringBootMockServletContext Line:438 ----------------> Initializing Spring FrameworkServlet ''
2018-06-29 17:52:24.789 [main] INFO  o.s.test.web.servlet.TestDispatcherServlet Line:494 ----------------> FrameworkServlet '': initialization started
2018-06-29 17:52:24.818 [main] INFO  o.s.test.web.servlet.TestDispatcherServlet Line:509 ----------------> FrameworkServlet '': initialization completed in 28 ms
2018-06-29 17:52:24.931 [main] INFO  com.controller.MvcTestControllerTest Line:59 ----------------> Started MvcTestControllerTest in 8.912 seconds (JVM running for 11.777)
2018-06-29 17:52:25.134 [main] INFO  o.s.b.test.mock.web.SpringBootMockServletContext Line:438 ----------------> Initializing Spring FrameworkServlet ''
2018-06-29 17:52:25.135 [main] INFO  o.s.test.web.servlet.TestDispatcherServlet Line:494 ----------------> FrameworkServlet '': initialization started
2018-06-29 17:52:25.142 [main] INFO  o.s.test.web.servlet.TestDispatcherServlet Line:509 ----------------> FrameworkServlet '': initialization completed in 5 ms
2018-06-29 17:52:25.240 [main] INFO  com.controller.UserController Line:95 ----------------> /mvc/func8
2018-06-29 17:52:25.340 [main] INFO  o.s.b.test.mock.web.SpringBootMockServletContext Line:438 ----------------> Initializing Spring FrameworkServlet ''
2018-06-29 17:52:25.341 [main] INFO  o.s.test.web.servlet.TestDispatcherServlet Line:494 ----------------> FrameworkServlet '': initialization started
2018-06-29 17:52:25.356 [main] INFO  o.s.test.web.servlet.TestDispatcherServlet Line:509 ----------------> FrameworkServlet '': initialization completed in 10 ms
2018-06-29 17:52:25.370 [Thread-3] INFO  o.s.w.context.support.GenericWebApplicationContext Line:993 ----------------> Closing org.springframework.web.context.support.GenericWebApplicationContext@b93aad: startup date [Fri Jun 29 17:52:18 CST 2018]; root of context hierarchy
2018-06-29 17:52:35.062 [main] INFO  com.controller.MvcTestControllerTest Line:50 ----------------> Starting MvcTestControllerTest on lgj-Lenovo-G470 with PID 20595 (started by lgj in /home/lgj/aProject/SpringBootStudy/ch4)
2018-06-29 17:52:35.068 [main] INFO  com.controller.MvcTestControllerTest Line:659 ----------------> No active profile set, falling back to default profiles: default
2018-06-29 17:52:35.116 [main] INFO  o.s.w.context.support.GenericWebApplicationContext Line:590 ----------------> Refreshing org.springframework.web.context.support.GenericWebApplicationContext@b93aad: startup date [Fri Jun 29 17:52:35 CST 2018]; root of context hierarchy
2018-06-29 17:52:39.868 [main] INFO  o.s.web.servlet.handler.SimpleUrlHandlerMapping Line:373 ----------------> Mapped URL path [/**/favicon.ico] onto handler of type [class org.springframework.web.servlet.resource.ResourceHttpRequestHandler]
2018-06-29 17:52:40.435 [main] INFO  o.s.w.s.m.m.a.RequestMappingHandlerAdapter Line:574 ----------------> Looking for @ControllerAdvice: org.springframework.web.context.support.GenericWebApplicationContext@b93aad: startup date [Fri Jun 29 17:52:35 CST 2018]; root of context hierarchy
2018-06-29 17:52:40.642 [main] INFO  o.s.w.s.m.m.a.RequestMappingHandlerMapping Line:547 ----------------> Mapped "{[/mvc/func3/**]}" onto public java.lang.String com.controller.MvcTestController.func3()
2018-06-29 17:52:40.646 [main] INFO  o.s.w.s.m.m.a.RequestMappingHandlerMapping Line:547 ----------------> Mapped "{[/mvc/func4/get],methods=[GET]}" onto public java.lang.String com.controller.MvcTestController.func4()
2018-06-29 17:52:40.648 [main] INFO  o.s.w.s.m.m.a.RequestMappingHandlerMapping Line:547 ----------------> Mapped "{[/mvc/func5/post],methods=[POST]}" onto public java.lang.String com.controller.MvcTestController.func5()
2018-06-29 17:52:40.649 [main] INFO  o.s.w.s.m.m.a.RequestMappingHandlerMapping Line:547 ----------------> Mapped "{[/mvc/func6/delete],methods=[DELETE]}" onto public java.lang.String com.controller.MvcTestController.func6()
2018-06-29 17:52:40.652 [main] INFO  o.s.w.s.m.m.a.RequestMappingHandlerMapping Line:547 ----------------> Mapped "{[/mvc/func7/put],methods=[PUT]}" onto public java.lang.String com.controller.MvcTestController.func7()
2018-06-29 17:52:40.655 [main] INFO  o.s.w.s.m.m.a.RequestMappingHandlerMapping Line:547 ----------------> Mapped "{[/mvc/func8],consumes=[application/json]}" onto public java.lang.String com.controller.MvcTestController.func8()
2018-06-29 17:52:40.657 [main] INFO  o.s.w.s.m.m.a.RequestMappingHandlerMapping Line:547 ----------------> Mapped "{[/mvc/func9],produces=[application/json]}" onto public java.lang.String com.controller.MvcTestController.func9()
2018-06-29 17:52:40.659 [main] INFO  o.s.w.s.m.m.a.RequestMappingHandlerMapping Line:547 ----------------> Mapped "{[/mvc/func1]}" onto public java.lang.String com.controller.MvcTestController.func1()
2018-06-29 17:52:40.660 [main] INFO  o.s.w.s.m.m.a.RequestMappingHandlerMapping Line:547 ----------------> Mapped "{[/mvc/func2/{id}]}" onto public java.lang.String com.controller.MvcTestController.func2()
2018-06-29 17:52:40.664 [main] INFO  o.s.w.s.m.m.a.RequestMappingHandlerMapping Line:547 ----------------> Mapped "{[/user/all]}" onto public java.util.List<com.dao.model.OsUser> com.controller.UserController.getUser()
2018-06-29 17:52:40.665 [main] INFO  o.s.w.s.m.m.a.RequestMappingHandlerMapping Line:547 ----------------> Mapped "{[/user/test]}" onto public void com.controller.UserController.test()
2018-06-29 17:52:40.676 [main] INFO  o.s.w.s.m.m.a.RequestMappingHandlerMapping Line:547 ----------------> Mapped "{[/error]}" onto public org.springframework.http.ResponseEntity<java.util.Map<java.lang.String, java.lang.Object>> org.springframework.boot.autoconfigure.web.servlet.error.BasicErrorController.error(javax.servlet.http.HttpServletRequest)
2018-06-29 17:52:40.678 [main] INFO  o.s.w.s.m.m.a.RequestMappingHandlerMapping Line:547 ----------------> Mapped "{[/error],produces=[text/html]}" onto public org.springframework.web.servlet.ModelAndView org.springframework.boot.autoconfigure.web.servlet.error.BasicErrorController.errorHtml(javax.servlet.http.HttpServletRequest,javax.servlet.http.HttpServletResponse)
2018-06-29 17:52:40.780 [main] INFO  o.s.web.servlet.handler.SimpleUrlHandlerMapping Line:373 ----------------> Mapped URL path [/webjars/**] onto handler of type [class org.springframework.web.servlet.resource.ResourceHttpRequestHandler]
2018-06-29 17:52:40.781 [main] INFO  o.s.web.servlet.handler.SimpleUrlHandlerMapping Line:373 ----------------> Mapped URL path [/**] onto handler of type [class org.springframework.web.servlet.resource.ResourceHttpRequestHandler]
2018-06-29 17:52:41.613 [main] INFO  o.s.b.test.mock.web.SpringBootMockServletContext Line:438 ----------------> Initializing Spring FrameworkServlet ''
2018-06-29 17:52:41.614 [main] INFO  o.s.test.web.servlet.TestDispatcherServlet Line:494 ----------------> FrameworkServlet '': initialization started
2018-06-29 17:52:41.651 [main] INFO  o.s.test.web.servlet.TestDispatcherServlet Line:509 ----------------> FrameworkServlet '': initialization completed in 36 ms
2018-06-29 17:52:41.795 [main] INFO  com.controller.MvcTestControllerTest Line:59 ----------------> Started MvcTestControllerTest in 8.305 seconds (JVM running for 10.571)
2018-06-29 17:52:42.033 [main] INFO  o.s.b.test.mock.web.SpringBootMockServletContext Line:438 ----------------> Initializing Spring FrameworkServlet ''
2018-06-29 17:52:42.034 [main] INFO  o.s.test.web.servlet.TestDispatcherServlet Line:494 ----------------> FrameworkServlet '': initialization started
2018-06-29 17:52:42.040 [main] INFO  o.s.test.web.servlet.TestDispatcherServlet Line:509 ----------------> FrameworkServlet '': initialization completed in 6 ms
2018-06-29 17:52:42.139 [main] INFO  com.controller.UserController Line:95 ----------------> /mvc/func8
2018-06-29 17:52:42.234 [main] INFO  o.s.b.test.mock.web.SpringBootMockServletContext Line:438 ----------------> Initializing Spring FrameworkServlet ''
2018-06-29 17:52:42.235 [main] INFO  o.s.test.web.servlet.TestDispatcherServlet Line:494 ----------------> FrameworkServlet '': initialization started
2018-06-29 17:52:42.255 [main] INFO  o.s.test.web.servlet.TestDispatcherServlet Line:509 ----------------> FrameworkServlet '': initialization completed in 13 ms
2018-06-29 17:52:42.261 [main] INFO  com.controller.UserController Line:103 ----------------> /mvc/func9
2018-06-29 17:52:42.289 [Thread-3] INFO  o.s.w.context.support.GenericWebApplicationContext Line:993 ----------------> Closing org.springframework.web.context.support.GenericWebApplicationContext@b93aad: startup date [Fri Jun 29 17:52:35 CST 2018]; root of context hierarchy
2018-06-29 17:53:06.655 [main] INFO  com.controller.MvcTestControllerTest Line:50 ----------------> Starting MvcTestControllerTest on lgj-Lenovo-G470 with PID 20816 (started by lgj in /home/lgj/aProject/SpringBootStudy/ch4)
2018-06-29 17:53:06.663 [main] INFO  com.controller.MvcTestControllerTest Line:659 ----------------> No active profile set, falling back to default profiles: default
2018-06-29 17:53:06.776 [main] INFO  o.s.w.context.support.GenericWebApplicationContext Line:590 ----------------> Refreshing org.springframework.web.context.support.GenericWebApplicationContext@4a9419d7: startup date [Fri Jun 29 17:53:06 CST 2018]; root of context hierarchy
2018-06-29 17:53:12.149 [main] INFO  o.s.web.servlet.handler.SimpleUrlHandlerMapping Line:373 ----------------> Mapped URL path [/**/favicon.ico] onto handler of type [class org.springframework.web.servlet.resource.ResourceHttpRequestHandler]
2018-06-29 17:53:12.547 [main] INFO  o.s.w.s.m.m.a.RequestMappingHandlerAdapter Line:574 ----------------> Looking for @ControllerAdvice: org.springframework.web.context.support.GenericWebApplicationContext@4a9419d7: startup date [Fri Jun 29 17:53:06 CST 2018]; root of context hierarchy
2018-06-29 17:53:12.707 [main] INFO  o.s.w.s.m.m.a.RequestMappingHandlerMapping Line:547 ----------------> Mapped "{[/mvc/func1]}" onto public java.lang.String com.controller.MvcTestController.func1()
2018-06-29 17:53:12.709 [main] INFO  o.s.w.s.m.m.a.RequestMappingHandlerMapping Line:547 ----------------> Mapped "{[/mvc/func2/{id}]}" onto public java.lang.String com.controller.MvcTestController.func2()
2018-06-29 17:53:12.710 [main] INFO  o.s.w.s.m.m.a.RequestMappingHandlerMapping Line:547 ----------------> Mapped "{[/mvc/func3/**]}" onto public java.lang.String com.controller.MvcTestController.func3()
2018-06-29 17:53:12.711 [main] INFO  o.s.w.s.m.m.a.RequestMappingHandlerMapping Line:547 ----------------> Mapped "{[/mvc/func4/get],methods=[GET]}" onto public java.lang.String com.controller.MvcTestController.func4()
2018-06-29 17:53:12.712 [main] INFO  o.s.w.s.m.m.a.RequestMappingHandlerMapping Line:547 ----------------> Mapped "{[/mvc/func5/post],methods=[POST]}" onto public java.lang.String com.controller.MvcTestController.func5()
2018-06-29 17:53:12.713 [main] INFO  o.s.w.s.m.m.a.RequestMappingHandlerMapping Line:547 ----------------> Mapped "{[/mvc/func6/delete],methods=[DELETE]}" onto public java.lang.String com.controller.MvcTestController.func6()
2018-06-29 17:53:12.714 [main] INFO  o.s.w.s.m.m.a.RequestMappingHandlerMapping Line:547 ----------------> Mapped "{[/mvc/func7/put],methods=[PUT]}" onto public java.lang.String com.controller.MvcTestController.func7()
2018-06-29 17:53:12.716 [main] INFO  o.s.w.s.m.m.a.RequestMappingHandlerMapping Line:547 ----------------> Mapped "{[/mvc/func8],consumes=[application/json]}" onto public java.lang.String com.controller.MvcTestController.func8()
2018-06-29 17:53:12.717 [main] INFO  o.s.w.s.m.m.a.RequestMappingHandlerMapping Line:547 ----------------> Mapped "{[/mvc/func9],produces=[application/json]}" onto public java.lang.String com.controller.MvcTestController.func9()
2018-06-29 17:53:12.720 [main] INFO  o.s.w.s.m.m.a.RequestMappingHandlerMapping Line:547 ----------------> Mapped "{[/user/all]}" onto public java.util.List<com.dao.model.OsUser> com.controller.UserController.getUser()
2018-06-29 17:53:12.721 [main] INFO  o.s.w.s.m.m.a.RequestMappingHandlerMapping Line:547 ----------------> Mapped "{[/user/test]}" onto public void com.controller.UserController.test()
2018-06-29 17:53:12.726 [main] INFO  o.s.w.s.m.m.a.RequestMappingHandlerMapping Line:547 ----------------> Mapped "{[/error]}" onto public org.springframework.http.ResponseEntity<java.util.Map<java.lang.String, java.lang.Object>> org.springframework.boot.autoconfigure.web.servlet.error.BasicErrorController.error(javax.servlet.http.HttpServletRequest)
2018-06-29 17:53:12.727 [main] INFO  o.s.w.s.m.m.a.RequestMappingHandlerMapping Line:547 ----------------> Mapped "{[/error],produces=[text/html]}" onto public org.springframework.web.servlet.ModelAndView org.springframework.boot.autoconfigure.web.servlet.error.BasicErrorController.errorHtml(javax.servlet.http.HttpServletRequest,javax.servlet.http.HttpServletResponse)
2018-06-29 17:53:12.781 [main] INFO  o.s.web.servlet.handler.SimpleUrlHandlerMapping Line:373 ----------------> Mapped URL path [/webjars/**] onto handler of type [class org.springframework.web.servlet.resource.ResourceHttpRequestHandler]
2018-06-29 17:53:12.782 [main] INFO  o.s.web.servlet.handler.SimpleUrlHandlerMapping Line:373 ----------------> Mapped URL path [/**] onto handler of type [class org.springframework.web.servlet.resource.ResourceHttpRequestHandler]
2018-06-29 17:53:13.221 [main] INFO  o.s.b.test.mock.web.SpringBootMockServletContext Line:438 ----------------> Initializing Spring FrameworkServlet ''
2018-06-29 17:53:13.222 [main] INFO  o.s.test.web.servlet.TestDispatcherServlet Line:494 ----------------> FrameworkServlet '': initialization started
2018-06-29 17:53:13.239 [main] INFO  o.s.test.web.servlet.TestDispatcherServlet Line:509 ----------------> FrameworkServlet '': initialization completed in 17 ms
2018-06-29 17:53:13.309 [main] INFO  com.controller.MvcTestControllerTest Line:59 ----------------> Started MvcTestControllerTest in 8.33 seconds (JVM running for 10.91)
2018-06-29 17:53:13.442 [main] INFO  o.s.b.test.mock.web.SpringBootMockServletContext Line:438 ----------------> Initializing Spring FrameworkServlet ''
2018-06-29 17:53:13.626 [main] INFO  o.s.test.web.servlet.TestDispatcherServlet Line:494 ----------------> FrameworkServlet '': initialization started
2018-06-29 17:53:13.630 [main] INFO  o.s.test.web.servlet.TestDispatcherServlet Line:509 ----------------> FrameworkServlet '': initialization completed in 3 ms
2018-06-29 17:53:13.683 [main] INFO  com.controller.UserController Line:103 ----------------> /mvc/func9
2018-06-29 17:53:13.724 [main] INFO  o.s.b.test.mock.web.SpringBootMockServletContext Line:438 ----------------> Initializing Spring FrameworkServlet ''
2018-06-29 17:53:13.726 [main] INFO  o.s.test.web.servlet.TestDispatcherServlet Line:494 ----------------> FrameworkServlet '': initialization started
2018-06-29 17:53:13.737 [main] INFO  o.s.test.web.servlet.TestDispatcherServlet Line:509 ----------------> FrameworkServlet '': initialization completed in 7 ms
2018-06-29 17:53:13.770 [Thread-3] INFO  o.s.w.context.support.GenericWebApplicationContext Line:993 ----------------> Closing org.springframework.web.context.support.GenericWebApplicationContext@4a9419d7: startup date [Fri Jun 29 17:53:06 CST 2018]; root of context hierarchy
2018-06-29 18:08:04.968 [main] INFO  com.controller.MvcTestControllerTest Line:50 ----------------> Starting MvcTestControllerTest on lgj-Lenovo-G470 with PID 22178 (started by lgj in /home/lgj/aProject/SpringBootStudy/ch4)
2018-06-29 18:08:04.973 [main] INFO  com.controller.MvcTestControllerTest Line:659 ----------------> No active profile set, falling back to default profiles: default
2018-06-29 18:08:05.014 [main] INFO  o.s.w.context.support.GenericWebApplicationContext Line:590 ----------------> Refreshing org.springframework.web.context.support.GenericWebApplicationContext@f31c0c6: startup date [Fri Jun 29 18:08:05 CST 2018]; root of context hierarchy
2018-06-29 18:08:19.386 [main] INFO  o.s.web.servlet.handler.SimpleUrlHandlerMapping Line:373 ----------------> Mapped URL path [/**/favicon.ico] onto handler of type [class org.springframework.web.servlet.resource.ResourceHttpRequestHandler]
2018-06-29 18:08:19.985 [main] INFO  o.s.w.s.m.m.a.RequestMappingHandlerAdapter Line:574 ----------------> Looking for @ControllerAdvice: org.springframework.web.context.support.GenericWebApplicationContext@f31c0c6: startup date [Fri Jun 29 18:08:05 CST 2018]; root of context hierarchy
2018-06-29 18:08:20.717 [main] INFO  o.s.w.s.m.m.a.RequestMappingHandlerMapping Line:547 ----------------> Mapped "{[/mvc/func3/**]}" onto public java.lang.String com.controller.MvcTestController.func3()
2018-06-29 18:08:20.719 [main] INFO  o.s.w.s.m.m.a.RequestMappingHandlerMapping Line:547 ----------------> Mapped "{[/mvc/func4/get],methods=[GET]}" onto public java.lang.String com.controller.MvcTestController.func4()
2018-06-29 18:08:20.720 [main] INFO  o.s.w.s.m.m.a.RequestMappingHandlerMapping Line:547 ----------------> Mapped "{[/mvc/func5/post],methods=[POST]}" onto public java.lang.String com.controller.MvcTestController.func5()
2018-06-29 18:08:20.720 [main] INFO  o.s.w.s.m.m.a.RequestMappingHandlerMapping Line:547 ----------------> Mapped "{[/mvc/func6/delete],methods=[DELETE]}" onto public java.lang.String com.controller.MvcTestController.func6()
2018-06-29 18:08:20.721 [main] INFO  o.s.w.s.m.m.a.RequestMappingHandlerMapping Line:547 ----------------> Mapped "{[/mvc/func7/put],methods=[PUT]}" onto public java.lang.String com.controller.MvcTestController.func7()
2018-06-29 18:08:20.722 [main] INFO  o.s.w.s.m.m.a.RequestMappingHandlerMapping Line:547 ----------------> Mapped "{[/mvc/func8],consumes=[application/json]}" onto public java.lang.String com.controller.MvcTestController.func8()
2018-06-29 18:08:20.723 [main] INFO  o.s.w.s.m.m.a.RequestMappingHandlerMapping Line:547 ----------------> Mapped "{[/mvc/func9],produces=[application/json]}" onto public java.lang.String com.controller.MvcTestController.func9()
2018-06-29 18:08:20.724 [main] INFO  o.s.w.s.m.m.a.RequestMappingHandlerMapping Line:547 ----------------> Mapped "{[/mvc/func1]}" onto public java.lang.String com.controller.MvcTestController.func1()
2018-06-29 18:08:20.725 [main] INFO  o.s.w.s.m.m.a.RequestMappingHandlerMapping Line:547 ----------------> Mapped "{[/mvc/func2/{id}]}" onto public java.lang.String com.controller.MvcTestController.func2(int)
2018-06-29 18:08:20.728 [main] INFO  o.s.w.s.m.m.a.RequestMappingHandlerMapping Line:547 ----------------> Mapped "{[/user/all]}" onto public java.util.List<com.dao.model.OsUser> com.controller.UserController.getUser()
2018-06-29 18:08:20.729 [main] INFO  o.s.w.s.m.m.a.RequestMappingHandlerMapping Line:547 ----------------> Mapped "{[/user/test]}" onto public void com.controller.UserController.test()
2018-06-29 18:08:20.734 [main] INFO  o.s.w.s.m.m.a.RequestMappingHandlerMapping Line:547 ----------------> Mapped "{[/error]}" onto public org.springframework.http.ResponseEntity<java.util.Map<java.lang.String, java.lang.Object>> org.springframework.boot.autoconfigure.web.servlet.error.BasicErrorController.error(javax.servlet.http.HttpServletRequest)
2018-06-29 18:08:20.735 [main] INFO  o.s.w.s.m.m.a.RequestMappingHandlerMapping Line:547 ----------------> Mapped "{[/error],produces=[text/html]}" onto public org.springframework.web.servlet.ModelAndView org.springframework.boot.autoconfigure.web.servlet.error.BasicErrorController.errorHtml(javax.servlet.http.HttpServletRequest,javax.servlet.http.HttpServletResponse)
2018-06-29 18:08:20.791 [main] INFO  o.s.web.servlet.handler.SimpleUrlHandlerMapping Line:373 ----------------> Mapped URL path [/webjars/**] onto handler of type [class org.springframework.web.servlet.resource.ResourceHttpRequestHandler]
2018-06-29 18:08:20.792 [main] INFO  o.s.web.servlet.handler.SimpleUrlHandlerMapping Line:373 ----------------> Mapped URL path [/**] onto handler of type [class org.springframework.web.servlet.resource.ResourceHttpRequestHandler]
2018-06-29 18:08:21.524 [main] INFO  o.s.b.test.mock.web.SpringBootMockServletContext Line:438 ----------------> Initializing Spring FrameworkServlet ''
2018-06-29 18:08:21.525 [main] INFO  o.s.test.web.servlet.TestDispatcherServlet Line:494 ----------------> FrameworkServlet '': initialization started
2018-06-29 18:08:21.555 [main] INFO  o.s.test.web.servlet.TestDispatcherServlet Line:509 ----------------> FrameworkServlet '': initialization completed in 30 ms
2018-06-29 18:08:21.726 [main] INFO  com.controller.MvcTestControllerTest Line:59 ----------------> Started MvcTestControllerTest in 18.075 seconds (JVM running for 20.614)
2018-06-29 18:08:22.123 [main] INFO  o.s.b.test.mock.web.SpringBootMockServletContext Line:438 ----------------> Initializing Spring FrameworkServlet ''
2018-06-29 18:08:22.128 [main] INFO  o.s.test.web.servlet.TestDispatcherServlet Line:494 ----------------> FrameworkServlet '': initialization started
2018-06-29 18:08:22.131 [main] INFO  o.s.test.web.servlet.TestDispatcherServlet Line:509 ----------------> FrameworkServlet '': initialization completed in 3 ms
2018-06-29 18:08:22.252 [main] INFO  com.controller.UserController Line:48 ----------------> /mvc/func2/{id}
2018-06-29 18:08:22.253 [main] INFO  com.controller.UserController Line:49 ----------------> id = 1234
2018-06-29 18:08:22.399 [Thread-3] INFO  o.s.w.context.support.GenericWebApplicationContext Line:993 ----------------> Closing org.springframework.web.context.support.GenericWebApplicationContext@f31c0c6: startup date [Fri Jun 29 18:08:05 CST 2018]; root of context hierarchy
2018-06-29 18:28:11.837 [main] INFO  com.controller.MvcTestControllerTest Line:50 ----------------> Starting MvcTestControllerTest on lgj-Lenovo-G470 with PID 26325 (started by lgj in /home/lgj/aProject/SpringBootStudy/ch4)
2018-06-29 18:28:11.859 [main] INFO  com.controller.MvcTestControllerTest Line:659 ----------------> No active profile set, falling back to default profiles: default
2018-06-29 18:28:12.034 [main] INFO  o.s.w.context.support.GenericWebApplicationContext Line:590 ----------------> Refreshing org.springframework.web.context.support.GenericWebApplicationContext@67af833b: startup date [Fri Jun 29 18:28:12 CST 2018]; root of context hierarchy
2018-06-29 18:28:23.829 [main] INFO  o.s.web.servlet.handler.SimpleUrlHandlerMapping Line:373 ----------------> Mapped URL path [/**/favicon.ico] onto handler of type [class org.springframework.web.servlet.resource.ResourceHttpRequestHandler]
2018-06-29 18:28:24.399 [main] INFO  o.s.w.s.m.m.a.RequestMappingHandlerAdapter Line:574 ----------------> Looking for @ControllerAdvice: org.springframework.web.context.support.GenericWebApplicationContext@67af833b: startup date [Fri Jun 29 18:28:12 CST 2018]; root of context hierarchy
2018-06-29 18:28:24.634 [main] INFO  o.s.w.s.m.m.a.RequestMappingHandlerMapping Line:547 ----------------> Mapped "{[/mvc/method/param/func2]}" onto public java.lang.String com.controller.MvcMethodParamController.func2(org.springframework.ui.Model)
2018-06-29 18:28:24.636 [main] INFO  o.s.w.s.m.m.a.RequestMappingHandlerMapping Line:547 ----------------> Mapped "{[/mvc/method/param/func1/{id}]}" onto public java.lang.String com.controller.MvcMethodParamController.func2(int)
2018-06-29 18:28:24.680 [main] INFO  o.s.w.s.m.m.a.RequestMappingHandlerMapping Line:547 ----------------> Mapped "{[/mvc/func1]}" onto public java.lang.String com.controller.MvcTestController.func1()
2018-06-29 18:28:24.681 [main] INFO  o.s.w.s.m.m.a.RequestMappingHandlerMapping Line:547 ----------------> Mapped "{[/mvc/func3/**]}" onto public java.lang.String com.controller.MvcTestController.func3()
2018-06-29 18:28:24.682 [main] INFO  o.s.w.s.m.m.a.RequestMappingHandlerMapping Line:547 ----------------> Mapped "{[/mvc/func4/get],methods=[GET]}" onto public java.lang.String com.controller.MvcTestController.func4()
2018-06-29 18:28:24.683 [main] INFO  o.s.w.s.m.m.a.RequestMappingHandlerMapping Line:547 ----------------> Mapped "{[/mvc/func5/post],methods=[POST]}" onto public java.lang.String com.controller.MvcTestController.func5()
2018-06-29 18:28:24.684 [main] INFO  o.s.w.s.m.m.a.RequestMappingHandlerMapping Line:547 ----------------> Mapped "{[/mvc/func6/delete],methods=[DELETE]}" onto public java.lang.String com.controller.MvcTestController.func6()
2018-06-29 18:28:24.686 [main] INFO  o.s.w.s.m.m.a.RequestMappingHandlerMapping Line:547 ----------------> Mapped "{[/mvc/func7/put],methods=[PUT]}" onto public java.lang.String com.controller.MvcTestController.func7()
2018-06-29 18:28:24.687 [main] INFO  o.s.w.s.m.m.a.RequestMappingHandlerMapping Line:547 ----------------> Mapped "{[/mvc/func8],consumes=[application/json]}" onto public java.lang.String com.controller.MvcTestController.func8()
2018-06-29 18:28:24.700 [main] INFO  o.s.w.s.m.m.a.RequestMappingHandlerMapping Line:547 ----------------> Mapped "{[/mvc/func9],produces=[application/json]}" onto public java.lang.String com.controller.MvcTestController.func9()
2018-06-29 18:28:24.701 [main] INFO  o.s.w.s.m.m.a.RequestMappingHandlerMapping Line:547 ----------------> Mapped "{[/mvc/func2/{id}]}" onto public java.lang.String com.controller.MvcTestController.func2(int)
2018-06-29 18:28:24.703 [main] INFO  o.s.w.s.m.m.a.RequestMappingHandlerMapping Line:547 ----------------> Mapped "{[/user/all]}" onto public java.util.List<com.dao.model.OsUser> com.controller.UserController.getUser()
2018-06-29 18:28:24.704 [main] INFO  o.s.w.s.m.m.a.RequestMappingHandlerMapping Line:547 ----------------> Mapped "{[/user/test]}" onto public void com.controller.UserController.test()
2018-06-29 18:28:24.712 [main] INFO  o.s.w.s.m.m.a.RequestMappingHandlerMapping Line:547 ----------------> Mapped "{[/error]}" onto public org.springframework.http.ResponseEntity<java.util.Map<java.lang.String, java.lang.Object>> org.springframework.boot.autoconfigure.web.servlet.error.BasicErrorController.error(javax.servlet.http.HttpServletRequest)
2018-06-29 18:28:24.713 [main] INFO  o.s.w.s.m.m.a.RequestMappingHandlerMapping Line:547 ----------------> Mapped "{[/error],produces=[text/html]}" onto public org.springframework.web.servlet.ModelAndView org.springframework.boot.autoconfigure.web.servlet.error.BasicErrorController.errorHtml(javax.servlet.http.HttpServletRequest,javax.servlet.http.HttpServletResponse)
2018-06-29 18:28:24.782 [main] INFO  o.s.web.servlet.handler.SimpleUrlHandlerMapping Line:373 ----------------> Mapped URL path [/webjars/**] onto handler of type [class org.springframework.web.servlet.resource.ResourceHttpRequestHandler]
2018-06-29 18:28:24.783 [main] INFO  o.s.web.servlet.handler.SimpleUrlHandlerMapping Line:373 ----------------> Mapped URL path [/**] onto handler of type [class org.springframework.web.servlet.resource.ResourceHttpRequestHandler]
2018-06-29 18:28:25.706 [main] INFO  o.s.b.test.mock.web.SpringBootMockServletContext Line:438 ----------------> Initializing Spring FrameworkServlet ''
2018-06-29 18:28:25.707 [main] INFO  o.s.test.web.servlet.TestDispatcherServlet Line:494 ----------------> FrameworkServlet '': initialization started
2018-06-29 18:28:25.731 [main] INFO  o.s.test.web.servlet.TestDispatcherServlet Line:509 ----------------> FrameworkServlet '': initialization completed in 24 ms
2018-06-29 18:28:26.211 [main] INFO  com.controller.MvcTestControllerTest Line:59 ----------------> Started MvcTestControllerTest in 17.602 seconds (JVM running for 20.921)
2018-06-29 18:28:26.769 [main] INFO  o.s.b.test.mock.web.SpringBootMockServletContext Line:438 ----------------> Initializing Spring FrameworkServlet ''
2018-06-29 18:28:26.770 [main] INFO  o.s.test.web.servlet.TestDispatcherServlet Line:494 ----------------> FrameworkServlet '': initialization started
2018-06-29 18:28:26.775 [main] INFO  o.s.test.web.servlet.TestDispatcherServlet Line:509 ----------------> FrameworkServlet '': initialization completed in 4 ms
2018-06-29 18:28:26.898 [main] INFO  com.controller.UserController Line:48 ----------------> /mvc/func2/{id}
2018-06-29 18:28:26.901 [main] INFO  com.controller.UserController Line:49 ----------------> id = 1234
2018-06-29 18:28:27.262 [Thread-3] INFO  o.s.w.context.support.GenericWebApplicationContext Line:993 ----------------> Closing org.springframework.web.context.support.GenericWebApplicationContext@67af833b: startup date [Fri Jun 29 18:28:12 CST 2018]; root of context hierarchy
2018-06-29 18:28:49.519 [main] INFO  com.controller.MvcMethodParamControllerTest Line:50 ----------------> Starting MvcMethodParamControllerTest on lgj-Lenovo-G470 with PID 26435 (started by lgj in /home/lgj/aProject/SpringBootStudy/ch4)
2018-06-29 18:28:49.529 [main] INFO  com.controller.MvcMethodParamControllerTest Line:659 ----------------> No active profile set, falling back to default profiles: default
2018-06-29 18:28:49.648 [main] INFO  o.s.w.context.support.GenericWebApplicationContext Line:590 ----------------> Refreshing org.springframework.web.context.support.GenericWebApplicationContext@5769e7ae: startup date [Fri Jun 29 18:28:49 CST 2018]; root of context hierarchy
2018-06-29 18:28:58.666 [main] INFO  o.s.web.servlet.handler.SimpleUrlHandlerMapping Line:373 ----------------> Mapped URL path [/**/favicon.ico] onto handler of type [class org.springframework.web.servlet.resource.ResourceHttpRequestHandler]
2018-06-29 18:29:01.957 [main] INFO  o.s.w.s.m.m.a.RequestMappingHandlerAdapter Line:574 ----------------> Looking for @ControllerAdvice: org.springframework.web.context.support.GenericWebApplicationContext@5769e7ae: startup date [Fri Jun 29 18:28:49 CST 2018]; root of context hierarchy
2018-06-29 18:29:02.845 [main] INFO  o.s.w.s.m.m.a.RequestMappingHandlerMapping Line:547 ----------------> Mapped "{[/mvc/method/param/func2]}" onto public java.lang.String com.controller.MvcMethodParamController.func2(org.springframework.ui.Model)
2018-06-29 18:29:02.847 [main] INFO  o.s.w.s.m.m.a.RequestMappingHandlerMapping Line:547 ----------------> Mapped "{[/mvc/method/param/func1/{id}]}" onto public java.lang.String com.controller.MvcMethodParamController.func2(int)
2018-06-29 18:29:02.872 [main] INFO  o.s.w.s.m.m.a.RequestMappingHandlerMapping Line:547 ----------------> Mapped "{[/mvc/func1]}" onto public java.lang.String com.controller.MvcTestController.func1()
2018-06-29 18:29:02.873 [main] INFO  o.s.w.s.m.m.a.RequestMappingHandlerMapping Line:547 ----------------> Mapped "{[/mvc/func3/**]}" onto public java.lang.String com.controller.MvcTestController.func3()
2018-06-29 18:29:02.874 [main] INFO  o.s.w.s.m.m.a.RequestMappingHandlerMapping Line:547 ----------------> Mapped "{[/mvc/func4/get],methods=[GET]}" onto public java.lang.String com.controller.MvcTestController.func4()
2018-06-29 18:29:02.893 [main] INFO  o.s.w.s.m.m.a.RequestMappingHandlerMapping Line:547 ----------------> Mapped "{[/mvc/func5/post],methods=[POST]}" onto public java.lang.String com.controller.MvcTestController.func5()
2018-06-29 18:29:02.894 [main] INFO  o.s.w.s.m.m.a.RequestMappingHandlerMapping Line:547 ----------------> Mapped "{[/mvc/func6/delete],methods=[DELETE]}" onto public java.lang.String com.controller.MvcTestController.func6()
2018-06-29 18:29:02.896 [main] INFO  o.s.w.s.m.m.a.RequestMappingHandlerMapping Line:547 ----------------> Mapped "{[/mvc/func7/put],methods=[PUT]}" onto public java.lang.String com.controller.MvcTestController.func7()
2018-06-29 18:29:02.899 [main] INFO  o.s.w.s.m.m.a.RequestMappingHandlerMapping Line:547 ----------------> Mapped "{[/mvc/func8],consumes=[application/json]}" onto public java.lang.String com.controller.MvcTestController.func8()
2018-06-29 18:29:02.900 [main] INFO  o.s.w.s.m.m.a.RequestMappingHandlerMapping Line:547 ----------------> Mapped "{[/mvc/func9],produces=[application/json]}" onto public java.lang.String com.controller.MvcTestController.func9()
2018-06-29 18:29:02.901 [main] INFO  o.s.w.s.m.m.a.RequestMappingHandlerMapping Line:547 ----------------> Mapped "{[/mvc/func2/{id}]}" onto public java.lang.String com.controller.MvcTestController.func2(int)
2018-06-29 18:29:02.902 [main] INFO  o.s.w.s.m.m.a.RequestMappingHandlerMapping Line:547 ----------------> Mapped "{[/user/all]}" onto public java.util.List<com.dao.model.OsUser> com.controller.UserController.getUser()
2018-06-29 18:29:02.903 [main] INFO  o.s.w.s.m.m.a.RequestMappingHandlerMapping Line:547 ----------------> Mapped "{[/user/test]}" onto public void com.controller.UserController.test()
2018-06-29 18:29:02.907 [main] INFO  o.s.w.s.m.m.a.RequestMappingHandlerMapping Line:547 ----------------> Mapped "{[/error]}" onto public org.springframework.http.ResponseEntity<java.util.Map<java.lang.String, java.lang.Object>> org.springframework.boot.autoconfigure.web.servlet.error.BasicErrorController.error(javax.servlet.http.HttpServletRequest)
2018-06-29 18:29:02.908 [main] INFO  o.s.w.s.m.m.a.RequestMappingHandlerMapping Line:547 ----------------> Mapped "{[/error],produces=[text/html]}" onto public org.springframework.web.servlet.ModelAndView org.springframework.boot.autoconfigure.web.servlet.error.BasicErrorController.errorHtml(javax.servlet.http.HttpServletRequest,javax.servlet.http.HttpServletResponse)
2018-06-29 18:29:02.987 [main] INFO  o.s.web.servlet.handler.SimpleUrlHandlerMapping Line:373 ----------------> Mapped URL path [/webjars/**] onto handler of type [class org.springframework.web.servlet.resource.ResourceHttpRequestHandler]
2018-06-29 18:29:02.988 [main] INFO  o.s.web.servlet.handler.SimpleUrlHandlerMapping Line:373 ----------------> Mapped URL path [/**] onto handler of type [class org.springframework.web.servlet.resource.ResourceHttpRequestHandler]
2018-06-29 18:29:04.083 [main] INFO  o.s.b.test.mock.web.SpringBootMockServletContext Line:438 ----------------> Initializing Spring FrameworkServlet ''
2018-06-29 18:29:04.084 [main] INFO  o.s.test.web.servlet.TestDispatcherServlet Line:494 ----------------> FrameworkServlet '': initialization started
2018-06-29 18:29:04.153 [main] INFO  o.s.test.web.servlet.TestDispatcherServlet Line:509 ----------------> FrameworkServlet '': initialization completed in 68 ms
2018-06-29 18:29:04.359 [main] INFO  com.controller.MvcMethodParamControllerTest Line:59 ----------------> Started MvcMethodParamControllerTest in 17.537 seconds (JVM running for 21.104)
2018-06-29 18:29:05.057 [main] INFO  o.s.b.test.mock.web.SpringBootMockServletContext Line:438 ----------------> Initializing Spring FrameworkServlet ''
2018-06-29 18:29:05.058 [main] INFO  o.s.test.web.servlet.TestDispatcherServlet Line:494 ----------------> FrameworkServlet '': initialization started
2018-06-29 18:29:05.068 [main] INFO  o.s.test.web.servlet.TestDispatcherServlet Line:509 ----------------> FrameworkServlet '': initialization completed in 10 ms
2018-06-29 18:29:05.493 [main] INFO  com.controller.UserController Line:31 ----------------> /mvc/func1/{id}
2018-06-29 18:29:05.497 [main] INFO  com.controller.UserController Line:32 ----------------> id = 1234
2018-06-29 18:29:05.784 [main] INFO  o.s.b.test.mock.web.SpringBootMockServletContext Line:438 ----------------> Initializing Spring FrameworkServlet ''
2018-06-29 18:29:05.785 [main] INFO  o.s.test.web.servlet.TestDispatcherServlet Line:494 ----------------> FrameworkServlet '': initialization started
2018-06-29 18:29:05.797 [main] INFO  o.s.test.web.servlet.TestDispatcherServlet Line:509 ----------------> FrameworkServlet '': initialization completed in 12 ms
2018-06-29 18:29:05.803 [main] INFO  com.controller.UserController Line:41 ----------------> /mvc/method/param/func2
2018-06-29 18:29:05.867 [Thread-3] INFO  o.s.w.context.support.GenericWebApplicationContext Line:993 ----------------> Closing org.springframework.web.context.support.GenericWebApplicationContext@5769e7ae: startup date [Fri Jun 29 18:28:49 CST 2018]; root of context hierarchy
2018-06-29 18:31:35.425 [main] INFO  com.controller.MvcMethodParamControllerTest Line:50 ----------------> Starting MvcMethodParamControllerTest on lgj-Lenovo-G470 with PID 26741 (started by lgj in /home/lgj/aProject/SpringBootStudy/ch4)
2018-06-29 18:31:35.439 [main] INFO  com.controller.MvcMethodParamControllerTest Line:659 ----------------> No active profile set, falling back to default profiles: default
2018-06-29 18:31:35.494 [main] INFO  o.s.w.context.support.GenericWebApplicationContext Line:590 ----------------> Refreshing org.springframework.web.context.support.GenericWebApplicationContext@21a5fd96: startup date [Fri Jun 29 18:31:35 CST 2018]; root of context hierarchy
2018-06-29 18:31:41.220 [main] INFO  o.s.web.servlet.handler.SimpleUrlHandlerMapping Line:373 ----------------> Mapped URL path [/**/favicon.ico] onto handler of type [class org.springframework.web.servlet.resource.ResourceHttpRequestHandler]
2018-06-29 18:31:41.617 [main] INFO  o.s.w.s.m.m.a.RequestMappingHandlerAdapter Line:574 ----------------> Looking for @ControllerAdvice: org.springframework.web.context.support.GenericWebApplicationContext@21a5fd96: startup date [Fri Jun 29 18:31:35 CST 2018]; root of context hierarchy
2018-06-29 18:31:41.769 [main] INFO  o.s.w.s.m.m.a.RequestMappingHandlerMapping Line:547 ----------------> Mapped "{[/mvc/method/param/func2]}" onto public java.lang.String com.controller.MvcMethodParamController.func2(org.springframework.ui.Model)
2018-06-29 18:31:41.772 [main] INFO  o.s.w.s.m.m.a.RequestMappingHandlerMapping Line:547 ----------------> Mapped "{[/mvc/method/param/func1/{id}]}" onto public java.lang.String com.controller.MvcMethodParamController.func2(int)
2018-06-29 18:31:41.791 [main] INFO  o.s.w.s.m.m.a.RequestMappingHandlerMapping Line:547 ----------------> Mapped "{[/mvc/func2/{id}]}" onto public java.lang.String com.controller.MvcTestController.func2(int)
2018-06-29 18:31:41.792 [main] INFO  o.s.w.s.m.m.a.RequestMappingHandlerMapping Line:547 ----------------> Mapped "{[/mvc/func1]}" onto public java.lang.String com.controller.MvcTestController.func1()
2018-06-29 18:31:41.793 [main] INFO  o.s.w.s.m.m.a.RequestMappingHandlerMapping Line:547 ----------------> Mapped "{[/mvc/func3/**]}" onto public java.lang.String com.controller.MvcTestController.func3()
2018-06-29 18:31:41.794 [main] INFO  o.s.w.s.m.m.a.RequestMappingHandlerMapping Line:547 ----------------> Mapped "{[/mvc/func4/get],methods=[GET]}" onto public java.lang.String com.controller.MvcTestController.func4()
2018-06-29 18:31:41.795 [main] INFO  o.s.w.s.m.m.a.RequestMappingHandlerMapping Line:547 ----------------> Mapped "{[/mvc/func5/post],methods=[POST]}" onto public java.lang.String com.controller.MvcTestController.func5()
2018-06-29 18:31:41.797 [main] INFO  o.s.w.s.m.m.a.RequestMappingHandlerMapping Line:547 ----------------> Mapped "{[/mvc/func6/delete],methods=[DELETE]}" onto public java.lang.String com.controller.MvcTestController.func6()
2018-06-29 18:31:41.798 [main] INFO  o.s.w.s.m.m.a.RequestMappingHandlerMapping Line:547 ----------------> Mapped "{[/mvc/func7/put],methods=[PUT]}" onto public java.lang.String com.controller.MvcTestController.func7()
2018-06-29 18:31:41.800 [main] INFO  o.s.w.s.m.m.a.RequestMappingHandlerMapping Line:547 ----------------> Mapped "{[/mvc/func8],consumes=[application/json]}" onto public java.lang.String com.controller.MvcTestController.func8()
2018-06-29 18:31:41.801 [main] INFO  o.s.w.s.m.m.a.RequestMappingHandlerMapping Line:547 ----------------> Mapped "{[/mvc/func9],produces=[application/json]}" onto public java.lang.String com.controller.MvcTestController.func9()
2018-06-29 18:31:41.803 [main] INFO  o.s.w.s.m.m.a.RequestMappingHandlerMapping Line:547 ----------------> Mapped "{[/user/all]}" onto public java.util.List<com.dao.model.OsUser> com.controller.UserController.getUser()
2018-06-29 18:31:41.804 [main] INFO  o.s.w.s.m.m.a.RequestMappingHandlerMapping Line:547 ----------------> Mapped "{[/user/test]}" onto public void com.controller.UserController.test()
2018-06-29 18:31:41.809 [main] INFO  o.s.w.s.m.m.a.RequestMappingHandlerMapping Line:547 ----------------> Mapped "{[/error]}" onto public org.springframework.http.ResponseEntity<java.util.Map<java.lang.String, java.lang.Object>> org.springframework.boot.autoconfigure.web.servlet.error.BasicErrorController.error(javax.servlet.http.HttpServletRequest)
2018-06-29 18:31:41.810 [main] INFO  o.s.w.s.m.m.a.RequestMappingHandlerMapping Line:547 ----------------> Mapped "{[/error],produces=[text/html]}" onto public org.springframework.web.servlet.ModelAndView org.springframework.boot.autoconfigure.web.servlet.error.BasicErrorController.errorHtml(javax.servlet.http.HttpServletRequest,javax.servlet.http.HttpServletResponse)
2018-06-29 18:31:41.870 [main] INFO  o.s.web.servlet.handler.SimpleUrlHandlerMapping Line:373 ----------------> Mapped URL path [/webjars/**] onto handler of type [class org.springframework.web.servlet.resource.ResourceHttpRequestHandler]
2018-06-29 18:31:41.871 [main] INFO  o.s.web.servlet.handler.SimpleUrlHandlerMapping Line:373 ----------------> Mapped URL path [/**] onto handler of type [class org.springframework.web.servlet.resource.ResourceHttpRequestHandler]
2018-06-29 18:31:42.308 [main] INFO  o.s.b.test.mock.web.SpringBootMockServletContext Line:438 ----------------> Initializing Spring FrameworkServlet ''
2018-06-29 18:31:42.308 [main] INFO  o.s.test.web.servlet.TestDispatcherServlet Line:494 ----------------> FrameworkServlet '': initialization started
2018-06-29 18:31:42.327 [main] INFO  o.s.test.web.servlet.TestDispatcherServlet Line:509 ----------------> FrameworkServlet '': initialization completed in 18 ms
2018-06-29 18:31:42.424 [main] INFO  com.controller.MvcMethodParamControllerTest Line:59 ----------------> Started MvcMethodParamControllerTest in 8.547 seconds (JVM running for 11.76)
2018-06-29 18:31:42.587 [main] INFO  o.s.b.test.mock.web.SpringBootMockServletContext Line:438 ----------------> Initializing Spring FrameworkServlet ''
2018-06-29 18:31:42.588 [main] INFO  o.s.test.web.servlet.TestDispatcherServlet Line:494 ----------------> FrameworkServlet '': initialization started
2018-06-29 18:31:42.594 [main] INFO  o.s.test.web.servlet.TestDispatcherServlet Line:509 ----------------> FrameworkServlet '': initialization completed in 6 ms
2018-06-29 18:31:42.659 [main] INFO  com.controller.UserController Line:41 ----------------> /mvc/method/param/func2
2018-06-29 18:31:42.716 [Thread-3] INFO  o.s.w.context.support.GenericWebApplicationContext Line:993 ----------------> Closing org.springframework.web.context.support.GenericWebApplicationContext@21a5fd96: startup date [Fri Jun 29 18:31:35 CST 2018]; root of context hierarchy
2018-06-29 18:38:58.416 [main] INFO  com.controller.MvcMethodParamControllerTest Line:50 ----------------> Starting MvcMethodParamControllerTest on lgj-Lenovo-G470 with PID 26992 (started by lgj in /home/lgj/aProject/SpringBootStudy/ch4)
2018-06-29 18:38:58.439 [main] INFO  com.controller.MvcMethodParamControllerTest Line:659 ----------------> No active profile set, falling back to default profiles: default
2018-06-29 18:38:58.569 [main] INFO  o.s.w.context.support.GenericWebApplicationContext Line:590 ----------------> Refreshing org.springframework.web.context.support.GenericWebApplicationContext@2e8ab815: startup date [Fri Jun 29 18:38:58 CST 2018]; root of context hierarchy
2018-06-29 18:39:03.363 [main] INFO  o.s.web.servlet.handler.SimpleUrlHandlerMapping Line:373 ----------------> Mapped URL path [/**/favicon.ico] onto handler of type [class org.springframework.web.servlet.resource.ResourceHttpRequestHandler]
2018-06-29 18:39:03.769 [main] INFO  o.s.w.s.m.m.a.RequestMappingHandlerAdapter Line:574 ----------------> Looking for @ControllerAdvice: org.springframework.web.context.support.GenericWebApplicationContext@2e8ab815: startup date [Fri Jun 29 18:38:58 CST 2018]; root of context hierarchy
2018-06-29 18:39:03.941 [main] INFO  o.s.w.s.m.m.a.RequestMappingHandlerMapping Line:547 ----------------> Mapped "{[/mvc/method/param/func2]}" onto public java.lang.String com.controller.MvcMethodParamController.func2(org.springframework.ui.Model)
2018-06-29 18:39:03.945 [main] INFO  o.s.w.s.m.m.a.RequestMappingHandlerMapping Line:547 ----------------> Mapped "{[/mvc/method/param/func1/{id}]}" onto public java.lang.String com.controller.MvcMethodParamController.func2(int)
2018-06-29 18:39:03.978 [main] INFO  o.s.w.s.m.m.a.RequestMappingHandlerMapping Line:547 ----------------> Mapped "{[/mvc/func1]}" onto public java.lang.String com.controller.MvcTestController.func1()
2018-06-29 18:39:03.979 [main] INFO  o.s.w.s.m.m.a.RequestMappingHandlerMapping Line:547 ----------------> Mapped "{[/mvc/func3/**]}" onto public java.lang.String com.controller.MvcTestController.func3()
2018-06-29 18:39:03.989 [main] INFO  o.s.w.s.m.m.a.RequestMappingHandlerMapping Line:547 ----------------> Mapped "{[/mvc/func4/get],methods=[GET]}" onto public java.lang.String com.controller.MvcTestController.func4()
2018-06-29 18:39:03.990 [main] INFO  o.s.w.s.m.m.a.RequestMappingHandlerMapping Line:547 ----------------> Mapped "{[/mvc/func5/post],methods=[POST]}" onto public java.lang.String com.controller.MvcTestController.func5()
2018-06-29 18:39:03.991 [main] INFO  o.s.w.s.m.m.a.RequestMappingHandlerMapping Line:547 ----------------> Mapped "{[/mvc/func6/delete],methods=[DELETE]}" onto public java.lang.String com.controller.MvcTestController.func6()
2018-06-29 18:39:03.992 [main] INFO  o.s.w.s.m.m.a.RequestMappingHandlerMapping Line:547 ----------------> Mapped "{[/mvc/func7/put],methods=[PUT]}" onto public java.lang.String com.controller.MvcTestController.func7()
2018-06-29 18:39:03.995 [main] INFO  o.s.w.s.m.m.a.RequestMappingHandlerMapping Line:547 ----------------> Mapped "{[/mvc/func8],consumes=[application/json]}" onto public java.lang.String com.controller.MvcTestController.func8()
2018-06-29 18:39:03.997 [main] INFO  o.s.w.s.m.m.a.RequestMappingHandlerMapping Line:547 ----------------> Mapped "{[/mvc/func9],produces=[application/json]}" onto public java.lang.String com.controller.MvcTestController.func9()
2018-06-29 18:39:03.998 [main] INFO  o.s.w.s.m.m.a.RequestMappingHandlerMapping Line:547 ----------------> Mapped "{[/mvc/func2/{id}]}" onto public java.lang.String com.controller.MvcTestController.func2(int)
2018-06-29 18:39:04.002 [main] INFO  o.s.w.s.m.m.a.RequestMappingHandlerMapping Line:547 ----------------> Mapped "{[/user/all]}" onto public java.util.List<com.dao.model.OsUser> com.controller.UserController.getUser()
2018-06-29 18:39:04.004 [main] INFO  o.s.w.s.m.m.a.RequestMappingHandlerMapping Line:547 ----------------> Mapped "{[/user/test]}" onto public void com.controller.UserController.test()
2018-06-29 18:39:04.017 [main] INFO  o.s.w.s.m.m.a.RequestMappingHandlerMapping Line:547 ----------------> Mapped "{[/error]}" onto public org.springframework.http.ResponseEntity<java.util.Map<java.lang.String, java.lang.Object>> org.springframework.boot.autoconfigure.web.servlet.error.BasicErrorController.error(javax.servlet.http.HttpServletRequest)
2018-06-29 18:39:04.018 [main] INFO  o.s.w.s.m.m.a.RequestMappingHandlerMapping Line:547 ----------------> Mapped "{[/error],produces=[text/html]}" onto public org.springframework.web.servlet.ModelAndView org.springframework.boot.autoconfigure.web.servlet.error.BasicErrorController.errorHtml(javax.servlet.http.HttpServletRequest,javax.servlet.http.HttpServletResponse)
2018-06-29 18:39:04.104 [main] INFO  o.s.web.servlet.handler.SimpleUrlHandlerMapping Line:373 ----------------> Mapped URL path [/webjars/**] onto handler of type [class org.springframework.web.servlet.resource.ResourceHttpRequestHandler]
2018-06-29 18:39:04.106 [main] INFO  o.s.web.servlet.handler.SimpleUrlHandlerMapping Line:373 ----------------> Mapped URL path [/**] onto handler of type [class org.springframework.web.servlet.resource.ResourceHttpRequestHandler]
2018-06-29 18:39:04.731 [main] INFO  o.s.b.test.mock.web.SpringBootMockServletContext Line:438 ----------------> Initializing Spring FrameworkServlet ''
2018-06-29 18:39:04.731 [main] INFO  o.s.test.web.servlet.TestDispatcherServlet Line:494 ----------------> FrameworkServlet '': initialization started
2018-06-29 18:39:04.749 [main] INFO  o.s.test.web.servlet.TestDispatcherServlet Line:509 ----------------> FrameworkServlet '': initialization completed in 17 ms
2018-06-29 18:39:04.834 [main] INFO  com.controller.MvcMethodParamControllerTest Line:59 ----------------> Started MvcMethodParamControllerTest in 8.037 seconds (JVM running for 10.353)
2018-06-29 18:39:04.961 [main] INFO  o.s.b.test.mock.web.SpringBootMockServletContext Line:438 ----------------> Initializing Spring FrameworkServlet ''
2018-06-29 18:39:04.961 [main] INFO  o.s.test.web.servlet.TestDispatcherServlet Line:494 ----------------> FrameworkServlet '': initialization started
2018-06-29 18:39:04.964 [main] INFO  o.s.test.web.servlet.TestDispatcherServlet Line:509 ----------------> FrameworkServlet '': initialization completed in 3 ms
2018-06-29 18:39:05.028 [main] INFO  com.controller.UserController Line:41 ----------------> /mvc/method/param/func2
2018-06-29 18:39:05.072 [Thread-3] INFO  o.s.w.context.support.GenericWebApplicationContext Line:993 ----------------> Closing org.springframework.web.context.support.GenericWebApplicationContext@2e8ab815: startup date [Fri Jun 29 18:38:58 CST 2018]; root of context hierarchy
2018-06-29 18:40:08.259 [main] INFO  com.controller.MvcMethodParamControllerTest Line:50 ----------------> Starting MvcMethodParamControllerTest on lgj-Lenovo-G470 with PID 27323 (started by lgj in /home/lgj/aProject/SpringBootStudy/ch4)
2018-06-29 18:40:08.267 [main] INFO  com.controller.MvcMethodParamControllerTest Line:659 ----------------> No active profile set, falling back to default profiles: default
2018-06-29 18:40:08.341 [main] INFO  o.s.w.context.support.GenericWebApplicationContext Line:590 ----------------> Refreshing org.springframework.web.context.support.GenericWebApplicationContext@2e8ab815: startup date [Fri Jun 29 18:40:08 CST 2018]; root of context hierarchy
2018-06-29 18:40:12.775 [main] INFO  o.s.web.servlet.handler.SimpleUrlHandlerMapping Line:373 ----------------> Mapped URL path [/**/favicon.ico] onto handler of type [class org.springframework.web.servlet.resource.ResourceHttpRequestHandler]
2018-06-29 18:40:13.123 [main] INFO  o.s.w.s.m.m.a.RequestMappingHandlerAdapter Line:574 ----------------> Looking for @ControllerAdvice: org.springframework.web.context.support.GenericWebApplicationContext@2e8ab815: startup date [Fri Jun 29 18:40:08 CST 2018]; root of context hierarchy
2018-06-29 18:40:13.265 [main] INFO  o.s.w.s.m.m.a.RequestMappingHandlerMapping Line:547 ----------------> Mapped "{[/mvc/method/param/func2]}" onto public java.lang.String com.controller.MvcMethodParamController.func2(org.springframework.ui.Model)
2018-06-29 18:40:13.267 [main] INFO  o.s.w.s.m.m.a.RequestMappingHandlerMapping Line:547 ----------------> Mapped "{[/mvc/method/param/func1/{id}]}" onto public java.lang.String com.controller.MvcMethodParamController.func2(int)
2018-06-29 18:40:13.286 [main] INFO  o.s.w.s.m.m.a.RequestMappingHandlerMapping Line:547 ----------------> Mapped "{[/mvc/func5/post],methods=[POST]}" onto public java.lang.String com.controller.MvcTestController.func5()
2018-06-29 18:40:13.287 [main] INFO  o.s.w.s.m.m.a.RequestMappingHandlerMapping Line:547 ----------------> Mapped "{[/mvc/func6/delete],methods=[DELETE]}" onto public java.lang.String com.controller.MvcTestController.func6()
2018-06-29 18:40:13.288 [main] INFO  o.s.w.s.m.m.a.RequestMappingHandlerMapping Line:547 ----------------> Mapped "{[/mvc/func7/put],methods=[PUT]}" onto public java.lang.String com.controller.MvcTestController.func7()
2018-06-29 18:40:13.290 [main] INFO  o.s.w.s.m.m.a.RequestMappingHandlerMapping Line:547 ----------------> Mapped "{[/mvc/func8],consumes=[application/json]}" onto public java.lang.String com.controller.MvcTestController.func8()
2018-06-29 18:40:13.291 [main] INFO  o.s.w.s.m.m.a.RequestMappingHandlerMapping Line:547 ----------------> Mapped "{[/mvc/func9],produces=[application/json]}" onto public java.lang.String com.controller.MvcTestController.func9()
2018-06-29 18:40:13.292 [main] INFO  o.s.w.s.m.m.a.RequestMappingHandlerMapping Line:547 ----------------> Mapped "{[/mvc/func1]}" onto public java.lang.String com.controller.MvcTestController.func1()
2018-06-29 18:40:13.293 [main] INFO  o.s.w.s.m.m.a.RequestMappingHandlerMapping Line:547 ----------------> Mapped "{[/mvc/func3/**]}" onto public java.lang.String com.controller.MvcTestController.func3()
2018-06-29 18:40:13.294 [main] INFO  o.s.w.s.m.m.a.RequestMappingHandlerMapping Line:547 ----------------> Mapped "{[/mvc/func4/get],methods=[GET]}" onto public java.lang.String com.controller.MvcTestController.func4()
2018-06-29 18:40:13.295 [main] INFO  o.s.w.s.m.m.a.RequestMappingHandlerMapping Line:547 ----------------> Mapped "{[/mvc/func2/{id}]}" onto public java.lang.String com.controller.MvcTestController.func2(int)
2018-06-29 18:40:13.298 [main] INFO  o.s.w.s.m.m.a.RequestMappingHandlerMapping Line:547 ----------------> Mapped "{[/user/all]}" onto public java.util.List<com.dao.model.OsUser> com.controller.UserController.getUser()
2018-06-29 18:40:13.299 [main] INFO  o.s.w.s.m.m.a.RequestMappingHandlerMapping Line:547 ----------------> Mapped "{[/user/test]}" onto public void com.controller.UserController.test()
2018-06-29 18:40:13.306 [main] INFO  o.s.w.s.m.m.a.RequestMappingHandlerMapping Line:547 ----------------> Mapped "{[/error]}" onto public org.springframework.http.ResponseEntity<java.util.Map<java.lang.String, java.lang.Object>> org.springframework.boot.autoconfigure.web.servlet.error.BasicErrorController.error(javax.servlet.http.HttpServletRequest)
2018-06-29 18:40:13.308 [main] INFO  o.s.w.s.m.m.a.RequestMappingHandlerMapping Line:547 ----------------> Mapped "{[/error],produces=[text/html]}" onto public org.springframework.web.servlet.ModelAndView org.springframework.boot.autoconfigure.web.servlet.error.BasicErrorController.errorHtml(javax.servlet.http.HttpServletRequest,javax.servlet.http.HttpServletResponse)
2018-06-29 18:40:13.364 [main] INFO  o.s.web.servlet.handler.SimpleUrlHandlerMapping Line:373 ----------------> Mapped URL path [/webjars/**] onto handler of type [class org.springframework.web.servlet.resource.ResourceHttpRequestHandler]
2018-06-29 18:40:13.365 [main] INFO  o.s.web.servlet.handler.SimpleUrlHandlerMapping Line:373 ----------------> Mapped URL path [/**] onto handler of type [class org.springframework.web.servlet.resource.ResourceHttpRequestHandler]
2018-06-29 18:40:13.785 [main] INFO  o.s.b.test.mock.web.SpringBootMockServletContext Line:438 ----------------> Initializing Spring FrameworkServlet ''
2018-06-29 18:40:13.786 [main] INFO  o.s.test.web.servlet.TestDispatcherServlet Line:494 ----------------> FrameworkServlet '': initialization started
2018-06-29 18:40:13.807 [main] INFO  o.s.test.web.servlet.TestDispatcherServlet Line:509 ----------------> FrameworkServlet '': initialization completed in 20 ms
2018-06-29 18:40:13.880 [main] INFO  com.controller.MvcMethodParamControllerTest Line:59 ----------------> Started MvcMethodParamControllerTest in 7.871 seconds (JVM running for 10.718)
2018-06-29 18:40:14.002 [main] INFO  o.s.b.test.mock.web.SpringBootMockServletContext Line:438 ----------------> Initializing Spring FrameworkServlet ''
2018-06-29 18:40:14.003 [main] INFO  o.s.test.web.servlet.TestDispatcherServlet Line:494 ----------------> FrameworkServlet '': initialization started
2018-06-29 18:40:14.006 [main] INFO  o.s.test.web.servlet.TestDispatcherServlet Line:509 ----------------> FrameworkServlet '': initialization completed in 3 ms
2018-06-29 18:40:14.059 [main] INFO  com.controller.UserController Line:41 ----------------> /mvc/method/param/func2
2018-06-29 18:40:14.100 [Thread-3] INFO  o.s.w.context.support.GenericWebApplicationContext Line:993 ----------------> Closing org.springframework.web.context.support.GenericWebApplicationContext@2e8ab815: startup date [Fri Jun 29 18:40:08 CST 2018]; root of context hierarchy
2018-06-29 18:41:06.268 [main] INFO  com.controller.MvcMethodParamControllerTest Line:50 ----------------> Starting MvcMethodParamControllerTest on lgj-Lenovo-G470 with PID 27652 (started by lgj in /home/lgj/aProject/SpringBootStudy/ch4)
2018-06-29 18:41:06.279 [main] INFO  com.controller.MvcMethodParamControllerTest Line:659 ----------------> No active profile set, falling back to default profiles: default
2018-06-29 18:41:06.331 [main] INFO  o.s.w.context.support.GenericWebApplicationContext Line:590 ----------------> Refreshing org.springframework.web.context.support.GenericWebApplicationContext@51768776: startup date [Fri Jun 29 18:41:06 CST 2018]; root of context hierarchy
2018-06-29 18:41:11.855 [main] INFO  o.s.web.servlet.handler.SimpleUrlHandlerMapping Line:373 ----------------> Mapped URL path [/**/favicon.ico] onto handler of type [class org.springframework.web.servlet.resource.ResourceHttpRequestHandler]
2018-06-29 18:41:12.319 [main] INFO  o.s.w.s.m.m.a.RequestMappingHandlerAdapter Line:574 ----------------> Looking for @ControllerAdvice: org.springframework.web.context.support.GenericWebApplicationContext@51768776: startup date [Fri Jun 29 18:41:06 CST 2018]; root of context hierarchy
2018-06-29 18:41:12.499 [main] INFO  o.s.w.s.m.m.a.RequestMappingHandlerMapping Line:547 ----------------> Mapped "{[/mvc/method/param/func2]}" onto public java.lang.String com.controller.MvcMethodParamController.func2(org.springframework.ui.Model)
2018-06-29 18:41:12.502 [main] INFO  o.s.w.s.m.m.a.RequestMappingHandlerMapping Line:547 ----------------> Mapped "{[/mvc/method/param/func1/{id}]}" onto public java.lang.String com.controller.MvcMethodParamController.func2(int)
2018-06-29 18:41:12.526 [main] INFO  o.s.w.s.m.m.a.RequestMappingHandlerMapping Line:547 ----------------> Mapped "{[/mvc/func8],consumes=[application/json]}" onto public java.lang.String com.controller.MvcTestController.func8()
2018-06-29 18:41:12.528 [main] INFO  o.s.w.s.m.m.a.RequestMappingHandlerMapping Line:547 ----------------> Mapped "{[/mvc/func9],produces=[application/json]}" onto public java.lang.String com.controller.MvcTestController.func9()
2018-06-29 18:41:12.537 [main] INFO  o.s.w.s.m.m.a.RequestMappingHandlerMapping Line:547 ----------------> Mapped "{[/mvc/func2/{id}]}" onto public java.lang.String com.controller.MvcTestController.func2(int)
2018-06-29 18:41:12.539 [main] INFO  o.s.w.s.m.m.a.RequestMappingHandlerMapping Line:547 ----------------> Mapped "{[/mvc/func1]}" onto public java.lang.String com.controller.MvcTestController.func1()
2018-06-29 18:41:12.540 [main] INFO  o.s.w.s.m.m.a.RequestMappingHandlerMapping Line:547 ----------------> Mapped "{[/mvc/func3/**]}" onto public java.lang.String com.controller.MvcTestController.func3()
2018-06-29 18:41:12.541 [main] INFO  o.s.w.s.m.m.a.RequestMappingHandlerMapping Line:547 ----------------> Mapped "{[/mvc/func4/get],methods=[GET]}" onto public java.lang.String com.controller.MvcTestController.func4()
2018-06-29 18:41:12.543 [main] INFO  o.s.w.s.m.m.a.RequestMappingHandlerMapping Line:547 ----------------> Mapped "{[/mvc/func5/post],methods=[POST]}" onto public java.lang.String com.controller.MvcTestController.func5()
2018-06-29 18:41:12.554 [main] INFO  o.s.w.s.m.m.a.RequestMappingHandlerMapping Line:547 ----------------> Mapped "{[/mvc/func6/delete],methods=[DELETE]}" onto public java.lang.String com.controller.MvcTestController.func6()
2018-06-29 18:41:12.558 [main] INFO  o.s.w.s.m.m.a.RequestMappingHandlerMapping Line:547 ----------------> Mapped "{[/mvc/func7/put],methods=[PUT]}" onto public java.lang.String com.controller.MvcTestController.func7()
2018-06-29 18:41:12.560 [main] INFO  o.s.w.s.m.m.a.RequestMappingHandlerMapping Line:547 ----------------> Mapped "{[/user/all]}" onto public java.util.List<com.dao.model.OsUser> com.controller.UserController.getUser()
2018-06-29 18:41:12.561 [main] INFO  o.s.w.s.m.m.a.RequestMappingHandlerMapping Line:547 ----------------> Mapped "{[/user/test]}" onto public void com.controller.UserController.test()
2018-06-29 18:41:12.568 [main] INFO  o.s.w.s.m.m.a.RequestMappingHandlerMapping Line:547 ----------------> Mapped "{[/error]}" onto public org.springframework.http.ResponseEntity<java.util.Map<java.lang.String, java.lang.Object>> org.springframework.boot.autoconfigure.web.servlet.error.BasicErrorController.error(javax.servlet.http.HttpServletRequest)
2018-06-29 18:41:12.570 [main] INFO  o.s.w.s.m.m.a.RequestMappingHandlerMapping Line:547 ----------------> Mapped "{[/error],produces=[text/html]}" onto public org.springframework.web.servlet.ModelAndView org.springframework.boot.autoconfigure.web.servlet.error.BasicErrorController.errorHtml(javax.servlet.http.HttpServletRequest,javax.servlet.http.HttpServletResponse)
2018-06-29 18:41:12.653 [main] INFO  o.s.web.servlet.handler.SimpleUrlHandlerMapping Line:373 ----------------> Mapped URL path [/webjars/**] onto handler of type [class org.springframework.web.servlet.resource.ResourceHttpRequestHandler]
2018-06-29 18:41:12.654 [main] INFO  o.s.web.servlet.handler.SimpleUrlHandlerMapping Line:373 ----------------> Mapped URL path [/**] onto handler of type [class org.springframework.web.servlet.resource.ResourceHttpRequestHandler]
2018-06-29 18:41:13.261 [main] INFO  o.s.b.test.mock.web.SpringBootMockServletContext Line:438 ----------------> Initializing Spring FrameworkServlet ''
2018-06-29 18:41:13.263 [main] INFO  o.s.test.web.servlet.TestDispatcherServlet Line:494 ----------------> FrameworkServlet '': initialization started
2018-06-29 18:41:13.291 [main] INFO  o.s.test.web.servlet.TestDispatcherServlet Line:509 ----------------> FrameworkServlet '': initialization completed in 24 ms
2018-06-29 18:41:13.410 [main] INFO  com.controller.MvcMethodParamControllerTest Line:59 ----------------> Started MvcMethodParamControllerTest in 8.749 seconds (JVM running for 10.815)
2018-06-29 18:41:13.593 [main] INFO  o.s.b.test.mock.web.SpringBootMockServletContext Line:438 ----------------> Initializing Spring FrameworkServlet ''
2018-06-29 18:41:13.594 [main] INFO  o.s.test.web.servlet.TestDispatcherServlet Line:494 ----------------> FrameworkServlet '': initialization started
2018-06-29 18:41:13.598 [main] INFO  o.s.test.web.servlet.TestDispatcherServlet Line:509 ----------------> FrameworkServlet '': initialization completed in 4 ms
2018-06-29 18:41:13.677 [main] INFO  com.controller.UserController Line:41 ----------------> /mvc/method/param/func2
2018-06-29 18:41:13.742 [Thread-3] INFO  o.s.w.context.support.GenericWebApplicationContext Line:993 ----------------> Closing org.springframework.web.context.support.GenericWebApplicationContext@51768776: startup date [Fri Jun 29 18:41:06 CST 2018]; root of context hierarchy
