# JRE version: Java(TM) SE Runtime Environment (9.0+11) (build 9.0.1+11)
# Java VM: Java HotSpot(TM) 64-Bit Server VM (9.0.1+11, mixed mode, tiered, compressed oops, g1 gc, linux-amd64)
Heap:
 garbage-first heap   total 352256K, used 30042K [0x00000000c3200000, 0x00000000c3300ac0, 0x0000000100000000)
  region size 1024K, 2 young (2048K), 2 survivors (2048K)
 Metaspace       used 41303K, capacity 43516K, committed 43696K, reserved 1087488K
  class space    used 4824K, capacity 5182K, committed 5296K, reserved 1048576K
GC Heap History (10 events):
Event: 75.643 GC heap after
{Heap after GC invocations=14 (full 0):
 garbage-first heap   total 190464K, used 29084K [0x00000000c3200000, 0x00000000c33005d0, 0x0000000100000000)
  region size 1024K, 1 young (1024K), 1 survivors (1024K)
 Metaspace       used 40603K, capacity 42696K, committed 43056K, reserved 1087488K
  class space    used 4737K, capacity 5088K, committed 5168K, reserved 1048576K
}
Event: 82.693 GC heap before
{Heap before GC invocations=14 (full 0):
 garbage-first heap   total 190464K, used 37276K [0x00000000c3200000, 0x00000000c33005d0, 0x0000000100000000)
  region size 1024K, 9 young (9216K), 1 survivors (1024K)
 Metaspace       used 40870K, capacity 43084K, committed 43312K, reserved 1087488K
  class space    used 4766K, capacity 5110K, committed 5168K, reserved 1048576K
}
Event: 82.695 GC heap after
{Heap after GC invocations=15 (full 0):
 garbage-first heap   total 190464K, used 28851K [0x00000000c3200000, 0x00000000c33005d0, 0x0000000100000000)
  region size 1024K, 1 young (1024K), 1 survivors (1024K)
 Metaspace       used 40870K, capacity 43084K, committed 43312K, reserved 1087488K
  class space    used 4766K, capacity 5110K, committed 5168K, reserved 1048576K
}
Event: 87.193 GC heap before
{Heap before GC invocations=15 (full 0):
 garbage-first heap   total 190464K, used 37043K [0x00000000c3200000, 0x00000000c33005d0, 0x0000000100000000)
  region size 1024K, 9 young (9216K), 1 survivors (1024K)
 Metaspace       used 41008K, capacity 43188K, committed 43312K, reserved 1087488K
  class space    used 4783K, capacity 5144K, committed 5168K, reserved 1048576K
}
Event: 87.248 GC heap after
{Heap after GC invocations=16 (full 0):
 garbage-first heap   total 190464K, used 29353K [0x00000000c3200000, 0x00000000c33005d0, 0x0000000100000000)
  region size 1024K, 2 young (2048K), 2 survivors (2048K)
 Metaspace       used 41008K, capacity 43188K, committed 43312K, reserved 1087488K
  class space    used 4783K, capacity 5144K, committed 5168K, reserved 1048576K
}
Event: 98.531 GC heap before
{Heap before GC invocations=16 (full 0):
 garbage-first heap   total 190464K, used 36521K [0x00000000c3200000, 0x00000000c33005d0, 0x0000000100000000)
  region size 1024K, 9 young (9216K), 2 survivors (2048K)
 Metaspace       used 41191K, capacity 43404K, committed 43568K, reserved 1087488K
  class space    used 4812K, capacity 5148K, committed 5168K, reserved 1048576K
}
Event: 99.173 GC heap after
{Heap after GC invocations=17 (full 0):
 garbage-first heap   total 190464K, used 29748K [0x00000000c3200000, 0x00000000c33005d0, 0x0000000100000000)
  region size 1024K, 2 young (2048K), 2 survivors (2048K)
 Metaspace       used 41191K, capacity 43404K, committed 43568K, reserved 1087488K
  class space    used 4812K, capacity 5148K, committed 5168K, reserved 1048576K
}
Event: 105.775 GC heap before
{Heap before GC invocations=17 (full 0):
 garbage-first heap   total 190464K, used 36916K [0x00000000c3200000, 0x00000000c33005d0, 0x0000000100000000)
  region size 1024K, 9 young (9216K), 2 survivors (2048K)
 Metaspace       used 41231K, capacity 43436K, committed 43696K, reserved 1087488K
  class space    used 4815K, capacity 5180K, committed 5296K, reserved 1048576K
}
Event: 107.210 GC heap after
{Heap after GC invocations=18 (full 0):
 garbage-first heap   total 190464K, used 29796K [0x00000000c3200000, 0x00000000c33005d0, 0x0000000100000000)
  region size 1024K, 2 young (2048K), 2 survivors (2048K)
 Metaspace       used 41231K, capacity 43436K, committed 43696K, reserved 1087488K
  class space    used 4815K, capacity 5180K, committed 5296K, reserved 1048576K
}
Event: 110.472 GC heap before
{Heap before GC invocations=18 (full 0):
 garbage-first heap   total 190464K, used 36964K [0x00000000c3200000, 0x00000000c33005d0, 0x0000000100000000)
  region size 1024K, 9 young (9216K), 2 survivors (2048K)
 Metaspace       used 41303K, capacity 43516K, committed 43696K, reserved 1087488K
  class space    used 4824K, capacity 5182K, committed 5296K, reserved 1048576K
}

